#
# A fatal error has been detected by the Java Runtime Environment:
#
#  SIGSEGV (0xb) at pc=0x00007fffafd63b5d, pid=11875, tid=2059
#
# JRE version: Java(TM) SE Runtime Environment (8.0_60-b27) (build 1.8.0_60-b27)
# Java VM: Java HotSpot(TM) 64-Bit Server VM (25.60-b23 mixed mode bsd-amd64 compressed oops)
# Problematic frame:
# C  [libobjc.A.dylib+0x6b5d]  objc_msgSend+0x1d
#
# Failed to write core dump. Core dumps have been disabled. To enable core dumping, try "ulimit -c unlimited" before starting Java again
#
# If you would like to submit a bug report, please visit:
#   http://bugreport.java.com/bugreport/crash.jsp
# The crash happened outside the Java Virtual Machine in native code.
# See problematic frame for where to report the bug.
#

---------------  T H R E A D  ---------------

Current thread (0x00007fc2c40ba800):  JavaThread "AppKit Thread" daemon [_thread_in_native, id=2059, stack(0x00007fff5d603000,0x00007fff5de03000)]

siginfo: si_signo: 11 (SIGSEGV), si_code: 1 (SEGV_MAPERR), si_addr: 0x0000000000000018

Registers:
RAX=0x0000000000000000, RBX=0x00007fc2c5079420, RCX=0x0000000000000000, RDX=0x00000000000fc040
RSP=0x00007fff5ddfd7a8, RBP=0x00007fff5ddfd7d0, RSI=0x00007fff99e3e656, RDI=0x00007fc2c2c51030
R8 =0x0000000000000003, R9 =0x0000000000000000, R10=0x0000000000000000, R11=0x00007fff99e3e656
R12=0x0000000000000094, R13=0x00007fff99e23787, R14=0x00007fc2c2c51030, R15=0x0000000000000000
RIP=0x00007fffafd63b5d, EFLAGS=0x0000000000010246, ERR=0x0000000000000004
  TRAPNO=0x000000000000000e

Top of Stack: (sp=0x00007fff5ddfd7a8)
0x00007fff5ddfd7a8:   00000001244d5598 00007fc2c5079420
0x00007fff5ddfd7b8:   0000000124509c60 00007fc2c2e2cc30
0x00007fff5ddfd7c8:   00007fc2c2e2cc30 00007fff5ddfdd40
0x00007fff5ddfd7d8:   00007fff993fce1a 0000000000000000
0x00007fff5ddfd7e8:   0000000000000000 4089000000000000
0x00007fff5ddfd7f8:   4082c00000000000 0000000000000000
0x00007fff5ddfd808:   0000000000000000 4089000000000000
0x00007fff5ddfd818:   4082c00000000000 00007fff5ddfd840
0x00007fff5ddfd828:   00007fff9bda15f8 00000000000003c0
0x00007fff5ddfd838:   ffff803d3d0fe7d0 00007fc2c2f01830
0x00007fff5ddfd848:   00007fffb9293480 00007fff5ddfd8b0
0x00007fff5ddfd858:   00007fffafd6bd13 00007fffb9293840
0x00007fff5ddfd868:   0000000199de3f00 00007fc2c2f01830
0x00007fff5ddfd878:   ffff803d3d0fe7d0 00007fc2c5068dc0
0x00007fff5ddfd888:   00007fc2c2d21c80 00007fff99de3f00
0x00007fff5ddfd898:   00007fc2c5079420 00007fffafd63b40
0x00007fff5ddfd8a8:   00007fff5ddfd910 00007fff5ddfd900
0x00007fff5ddfd8b8:   00007fff99a6281f 401c000000000000
0x00007fff5ddfd8c8:   4082e00000000000 402c000000000000
0x00007fff5ddfd8d8:   0000000000000000 00007fff00000000
0x00007fff5ddfd8e8:   0000000000000000 00007fff99df7010
0x00007fff5ddfd8f8:   00007fc2c2d21c00 000000015ddfd950
0x00007fff5ddfd908:   00007fc2c2d21c80 0000000000000088
0x00007fff5ddfd918:   00007fc2c2d4e630 012c000000000000
0x00007fff5ddfd928:   00007fc2c5079420 00007fff5ddfd950
0x00007fff5ddfd938:   00007fc2c2d21c80 00007fff5ddfda20
0x00007fff5ddfd948:   00007fc2c2d21c80 00007fff5ddfd990
0x00007fff5ddfd958:   00007fff994b5572 401c000000000000
0x00007fff5ddfd968:   4082d80000000000 402c000000000000
0x00007fff5ddfd978:   4030000000000000 00007fff5ddfda20
0x00007fff5ddfd988:   00007fc2c2d21c80 00007fff5ddfda10
0x00007fff5ddfd998:   00007fff994b5514 401c000000000000 

Instructions: (pc=0x00007fffafd63b5d)
0x00007fffafd63b3d:   0f 1f 00 48 85 ff 2e 74 62 40 f6 c7 01 2e 75 66
0x00007fffafd63b4d:   49 ba f8 ff ff ff ff 7f 00 00 4c 23 17 49 89 f3
0x00007fffafd63b5d:   45 23 5a 18 49 c1 e3 04 4d 03 5a 10 49 3b 33 75
0x00007fffafd63b6d:   04 41 ff 63 08 49 83 3b 01 76 0d 49 83 c3 10 49 

Register to memory mapping:

RAX=0x0000000000000000 is an unknown value
RBX=0x00007fc2c5079420 is an unknown value
RCX=0x0000000000000000 is an unknown value
RDX=0x00000000000fc040 is an unknown value
RSP=0x00007fff5ddfd7a8 is pointing into the stack for thread: 0x00007fc2c40ba800
RBP=0x00007fff5ddfd7d0 is pointing into the stack for thread: 0x00007fc2c40ba800
RSI=0x00007fff99e3e656: __NSStyleNameIndexTable+0xcd969 in /System/Library/Frameworks/AppKit.framework/Versions/C/AppKit at 0x00007fff99260000
RDI=0x00007fc2c2c51030 is an unknown value
R8 =0x0000000000000003 is an unknown value
R9 =0x0000000000000000 is an unknown value
R10=0x0000000000000000 is an unknown value
R11=0x00007fff99e3e656: __NSStyleNameIndexTable+0xcd969 in /System/Library/Frameworks/AppKit.framework/Versions/C/AppKit at 0x00007fff99260000
R12=0x0000000000000094 is an unknown value
R13=0x00007fff99e23787: __NSStyleNameIndexTable+0xb2a9a in /System/Library/Frameworks/AppKit.framework/Versions/C/AppKit at 0x00007fff99260000
R14=0x00007fc2c2c51030 is an unknown value
R15=0x0000000000000000 is an unknown value


Stack: [0x00007fff5d603000,0x00007fff5de03000],  sp=0x00007fff5ddfd7a8,  free space=8169k
Native frames: (J=compiled Java code, j=interpreted, Vv=VM code, C=native code)
C  [libobjc.A.dylib+0x6b5d]  objc_msgSend+0x1d
C  [AppKit+0x19ce1a]  -[NSView _recursiveDisplayRectIfNeededIgnoringOpacity:isVisibleRect:rectIsVisibleRectForView:topView:]+0x6ee
C  [AppKit+0x19d670]  -[NSView _recursiveDisplayRectIfNeededIgnoringOpacity:isVisibleRect:rectIsVisibleRectForView:topView:]+0xf44
C  [AppKit+0x19c24f]  -[NSThemeFrame _recursiveDisplayRectIfNeededIgnoringOpacity:isVisibleRect:rectIsVisibleRectForView:topView:]+0x14e
C  [AppKit+0x19a677]  -[NSView _displayRectIgnoringOpacity:isVisibleRect:rectIsVisibleRectForView:]+0x994
C  [AppKit+0x195f60]  -[NSView displayIfNeeded]+0x6d4
C  [AppKit+0x195873]  -[NSWindow displayIfNeeded]+0xe6
C  [AppKit+0x87ae32]  ___NSWindowGetDisplayCycleObserver_block_invoke.6208+0x115
C  [AppKit+0x195355]  __37+[NSDisplayCycle currentDisplayCycle]_block_invoke+0x1c6
C  [QuartzCore+0x11a4a]  _ZN2CA11Transaction19run_commit_handlersE18CATransactionPhase+0x2e
C  [QuartzCore+0x119270]  _ZN2CA7Context18commit_transactionEPNS_11TransactionE+0xa0
C  [QuartzCore+0x105e5]  _ZN2CA11Transaction6commitEv+0x1db
C  [AppKit+0x46b1cd]  __37+[NSDisplayCycle currentDisplayCycle]_block_invoke.31+0x143
C  [CoreFoundation+0xa6f67]  __CFRUNLOOP_IS_CALLING_OUT_TO_AN_OBSERVER_CALLBACK_FUNCTION__+0x17
C  [CoreFoundation+0xa6ed7]  __CFRunLoopDoObservers+0x187
C  [CoreFoundation+0x87b79]  __CFRunLoopRun+0x369
C  [CoreFoundation+0x875b4]  CFRunLoopRunSpecific+0x1a4
C  [HIToolbox+0x30f6c]  RunCurrentEventLoopInMode+0xf0
C  [HIToolbox+0x30ca9]  ReceiveNextEventCommon+0xb8
C  [HIToolbox+0x30bd6]  _BlockUntilNextEventMatchingListInModeWithFilter+0x47
C  [AppKit+0x475f5]  _DPSNextEvent+0x445
C  [AppKit+0x7578eb]  -[NSApplication(NSEvent) _nextEventMatchingEventMask:untilDate:inMode:dequeue:]+0x665
C  [libosxapp.dylib+0x23aa]  -[NSApplicationAWT nextEventMatchingMask:untilDate:inMode:dequeue:]+0x7c
C  [AppKit+0x3bfbd]  -[NSApplication run]+0x39e
C  [libosxapp.dylib+0x214d]  +[NSApplicationAWT runAWTLoopWithApp:]+0x9c
C  [libawt_lwawt.dylib+0x44517]  -[AWTStarter starter:]+0x389
C  [Foundation+0x71f2a]  __NSThreadPerformPerform+0x146
C  [CoreFoundation+0xa7551]  __CFRUNLOOP_IS_CALLING_OUT_TO_A_SOURCE0_PERFORM_FUNCTION__+0x11
C  [CoreFoundation+0x886bd]  __CFRunLoopDoSources0+0x22d
C  [CoreFoundation+0x87bb6]  __CFRunLoopRun+0x3a6
C  [CoreFoundation+0x875b4]  CFRunLoopRunSpecific+0x1a4
C  [java+0x6463]  CreateExecutionEnvironment+0x367
C  [java+0x21ac]  JLI_Launch+0x7a0
C  [java+0x84c0]  main+0x65
C  [java+0x1a04]  start+0x34
C  0x0000000000000006


---------------  P R O C E S S  ---------------

Java Threads: ( => current thread )
  0x00007fc2c30ef000 JavaThread "AWT-Shutdown" [_thread_blocked, id=4871, stack(0x0000700006cfa000,0x0000700006dfa000)]
  0x00007fc2c3a8f000 JavaThread "Java2D Queue Flusher" daemon [_thread_blocked, id=66823, stack(0x0000700008651000,0x0000700008751000)]
  0x00007fc2c41d8000 JavaThread "Java2D Disposer" daemon [_thread_blocked, id=60183, stack(0x000070000854e000,0x000070000864e000)]
=>0x00007fc2c40ba800 JavaThread "AppKit Thread" daemon [_thread_in_native, id=2059, stack(0x00007fff5d603000,0x00007fff5de03000)]
  0x00007fc2c3010800 JavaThread "Service Thread" daemon [_thread_blocked, id=21251, stack(0x0000700007fb6000,0x00007000080b6000)]
  0x00007fc2c3868800 JavaThread "C1 CompilerThread3" daemon [_thread_blocked, id=20739, stack(0x0000700007eb3000,0x0000700007fb3000)]
  0x00007fc2c583d800 JavaThread "C2 CompilerThread2" daemon [_thread_blocked, id=20227, stack(0x0000700007db0000,0x0000700007eb0000)]
  0x00007fc2c583d000 JavaThread "C2 CompilerThread1" daemon [_thread_blocked, id=19715, stack(0x0000700007cad000,0x0000700007dad000)]
  0x00007fc2c3835800 JavaThread "C2 CompilerThread0" daemon [_thread_blocked, id=19203, stack(0x0000700007baa000,0x0000700007caa000)]
  0x00007fc2c3831000 JavaThread "Signal Dispatcher" daemon [_thread_blocked, id=18691, stack(0x0000700007aa7000,0x0000700007ba7000)]
  0x00007fc2c385d800 JavaThread "Finalizer" daemon [_thread_blocked, id=14595, stack(0x00007000079a4000,0x0000700007aa4000)]
  0x00007fc2c385c800 JavaThread "Reference Handler" daemon [_thread_blocked, id=14083, stack(0x00007000078a1000,0x00007000079a1000)]
  0x00007fc2c5801800 JavaThread "main" [_thread_in_native, id=7171, stack(0x0000700006e83000,0x0000700006f83000)]

Other Threads:
  0x00007fc2c385a000 VMThread [stack: 0x000070000779e000,0x000070000789e000] [id=13571]
  0x00007fc2c3004000 WatcherThread [stack: 0x00007000080b9000,0x00007000081b9000] [id=21763]

VM state:not at safepoint (normal execution)

VM Mutex/Monitor currently owned by a thread: None

Heap:
 PSYoungGen      total 76288K, used 14872K [0x000000076ab00000, 0x0000000770000000, 0x00000007c0000000)
  eden space 65536K, 15% used [0x000000076ab00000,0x000000076b4b4128,0x000000076eb00000)
  from space 10752K, 45% used [0x000000076eb00000,0x000000076efd22d0,0x000000076f580000)
  to   space 10752K, 0% used [0x000000076f580000,0x000000076f580000,0x0000000770000000)
 ParOldGen       total 175104K, used 80K [0x00000006c0000000, 0x00000006cab00000, 0x000000076ab00000)
  object space 175104K, 0% used [0x00000006c0000000,0x00000006c0014010,0x00000006cab00000)
 Metaspace       used 11038K, capacity 11265K, committed 11520K, reserved 1058816K
  class space    used 1167K, capacity 1247K, committed 1280K, reserved 1048576K

Card table byte_map: [0x0000000104349000,0x0000000104b4a000] byte_map_base: 0x0000000100d49000

Marking Bits: (ParMarkBitMap*) 0x00000001038dee20
 Begin Bits: [0x0000000117491000, 0x000000011b491000)
 End Bits:   [0x000000011b491000, 0x000000011f491000)

Polling page: 0x0000000101ebd000

CodeCache: size=245760Kb used=4713Kb max_used=4726Kb free=241046Kb
 bounds [0x0000000108491000, 0x0000000108941000, 0x0000000117491000]
 total_blobs=1702 nmethods=1179 adapters=437
 compilation: enabled

Compilation events (10 events):
Event: 13.462 Thread 0x00007fc2c3868800 1176       3       java.nio.Bits::putInt (20 bytes)
Event: 13.463 Thread 0x00007fc2c3868800 nmethod 1176 0x0000000108928a10 code [0x0000000108928b80, 0x0000000108928d78]
Event: 13.473 Thread 0x00007fc2c3868800 1177       3       java.nio.HeapByteBuffer::getInt (18 bytes)
Event: 13.474 Thread 0x00007fc2c3868800 nmethod 1177 0x000000010892b1d0 code [0x000000010892b3e0, 0x000000010892bd08]
Event: 13.474 Thread 0x00007fc2c3868800 1178       3       java.nio.Bits::getInt (18 bytes)
Event: 13.474 Thread 0x00007fc2c3868800 nmethod 1178 0x000000010892c4d0 code [0x000000010892c6e0, 0x000000010892d098]
Event: 13.681 Thread 0x00007fc2c3868800 1179       3       java.nio.HeapByteBuffer::get (14 bytes)
Event: 13.682 Thread 0x00007fc2c3868800 nmethod 1179 0x00000001089282d0 code [0x0000000108928460, 0x0000000108928808]
Event: 13.793 Thread 0x00007fc2c583d000 1180       4       java.lang.AbstractStringBuilder::append (62 bytes)
Event: 13.801 Thread 0x00007fc2c583d000 nmethod 1180 0x0000000108930690 code [0x0000000108930800, 0x0000000108930e98]

GC Heap History (2 events):
Event: 11.804 GC heap before
{Heap before GC invocations=1 (full 0):
 PSYoungGen      total 76288K, used 65536K [0x000000076ab00000, 0x0000000770000000, 0x00000007c0000000)
  eden space 65536K, 100% used [0x000000076ab00000,0x000000076eb00000,0x000000076eb00000)
  from space 10752K, 0% used [0x000000076f580000,0x000000076f580000,0x0000000770000000)
  to   space 10752K, 0% used [0x000000076eb00000,0x000000076eb00000,0x000000076f580000)
 ParOldGen       total 175104K, used 0K [0x00000006c0000000, 0x00000006cab00000, 0x000000076ab00000)
  object space 175104K, 0% used [0x00000006c0000000,0x00000006c0000000,0x00000006cab00000)
 Metaspace       used 11015K, capacity 11137K, committed 11264K, reserved 1058816K
  class space    used 1167K, capacity 1247K, committed 1280K, reserved 1048576K
Event: 11.810 GC heap after
Heap after GC invocations=1 (full 0):
 PSYoungGen      total 76288K, used 4936K [0x000000076ab00000, 0x0000000770000000, 0x00000007c0000000)
  eden space 65536K, 0% used [0x000000076ab00000,0x000000076ab00000,0x000000076eb00000)
  from space 10752K, 45% used [0x000000076eb00000,0x000000076efd22d0,0x000000076f580000)
  to   space 10752K, 0% used [0x000000076f580000,0x000000076f580000,0x0000000770000000)
 ParOldGen       total 175104K, used 80K [0x00000006c0000000, 0x00000006cab00000, 0x000000076ab00000)
  object space 175104K, 0% used [0x00000006c0000000,0x00000006c0014010,0x00000006cab00000)
 Metaspace       used 11015K, capacity 11137K, committed 11264K, reserved 1058816K
  class space    used 1167K, capacity 1247K, committed 1280K, reserved 1048576K
}

Deoptimization events (10 events):
Event: 1.448 Thread 0x00007fc2c5801800 Uncommon trap: reason=unstable_if action=reinterpret pc=0x000000010879cd90 method=java.awt.image.ComponentColorModel.getDataElements(ILjava/lang/Object;)Ljava/lang/Object; @ 2993
Event: 2.508 Thread 0x00007fc2c5801800 Uncommon trap: reason=null_check action=make_not_entrant pc=0x0000000108845a00 method=org.newdawn.slick.AngelCodeFont.drawString(FFLjava/lang/String;Lorg/newdawn/slick/Color;II)V @ 54
Event: 2.510 Thread 0x00007fc2c5801800 Uncommon trap: reason=unstable_if action=reinterpret pc=0x000000010883d8c8 method=java.util.LinkedHashMap.afterNodeAccess(Ljava/util/HashMap$Node;)V @ 41
Event: 2.511 Thread 0x00007fc2c5801800 Uncommon trap: reason=unstable_if action=reinterpret pc=0x000000010882767c method=java.util.LinkedHashMap.afterNodeAccess(Ljava/util/HashMap$Node;)V @ 41
Event: 2.513 Thread 0x00007fc2c5801800 Uncommon trap: reason=unstable_if action=reinterpret pc=0x0000000108858184 method=java.util.LinkedHashMap.afterNodeAccess(Ljava/util/HashMap$Node;)V @ 41
Event: 4.293 Thread 0x00007fc2c5801800 Uncommon trap: reason=unstable_if action=reinterpret pc=0x000000010882d8b4 method=Player.isWithinRange(LInteractable;)Z @ 8
Event: 4.322 Thread 0x00007fc2c5801800 Uncommon trap: reason=unstable_if action=reinterpret pc=0x00000001088e94f4 method=Unit.setCoolDown(I)V @ 1
Event: 4.326 Thread 0x00007fc2c5801800 Uncommon trap: reason=unstable_if action=reinterpret pc=0x00000001088749d0 method=MonsterPassive.update(LMap;I)V @ 16
Event: 4.326 Thread 0x00007fc2c5801800 Uncommon trap: reason=range_check action=make_not_entrant pc=0x000000010887cc08 method=org.newdawn.slick.tiled.Layer.getTileID(II)I @ 5
Event: 4.335 Thread 0x00007fc2c5801800 Uncommon trap: reason=unstable_if action=reinterpret pc=0x00000001088e1914 method=Unit.setCoolDown(I)V @ 1

Internal exceptions (10 events):
Event: 1.071 Thread 0x00007fc2c5801800 Exception <a 'java/io/IOException'> (0x000000076b676308) thrown at [/Users/java_re/workspace/8-2-build-macosx-x86_64/jdk8u60/4407/hotspot/src/share/vm/prims/jni.cpp, line 709]
Event: 1.071 Thread 0x00007fc2c5801800 Exception <a 'java/io/IOException'> (0x000000076b676bf0) thrown at [/Users/java_re/workspace/8-2-build-macosx-x86_64/jdk8u60/4407/hotspot/src/share/vm/prims/jni.cpp, line 709]
Event: 1.071 Thread 0x00007fc2c5801800 Exception <a 'java/io/IOException'> (0x000000076b677448) thrown at [/Users/java_re/workspace/8-2-build-macosx-x86_64/jdk8u60/4407/hotspot/src/share/vm/prims/jni.cpp, line 709]
Event: 1.071 Thread 0x00007fc2c5801800 Exception <a 'java/io/IOException'> (0x000000076b677ca0) thrown at [/Users/java_re/workspace/8-2-build-macosx-x86_64/jdk8u60/4407/hotspot/src/share/vm/prims/jni.cpp, line 709]
Event: 1.362 Thread 0x00007fc2c5801800 Exception <a 'java/io/FileNotFoundException'> (0x000000076bdfa208) thrown at [/Users/java_re/workspace/8-2-build-macosx-x86_64/jdk8u60/4407/hotspot/src/share/vm/prims/jni.cpp, line 709]
Event: 1.446 Thread 0x00007fc2c5801800 Implicit null exception at 0x000000010877bf24 to 0x000000010877c151
Event: 1.448 Thread 0x00007fc2c5801800 Implicit null exception at 0x000000010879c7a6 to 0x000000010879cd75
Event: 2.508 Thread 0x00007fc2c5801800 Implicit null exception at 0x0000000108844e0e to 0x00000001088459c5
Event: 4.326 Thread 0x00007fc2c5801800 Exception <a 'java/lang/ArrayIndexOutOfBoundsException': -18> (0x000000076cf9f218) thrown at [/Users/java_re/workspace/8-2-build-macosx-x86_64/jdk8u60/4407/hotspot/src/share/vm/interpreter/interpreterRuntime.cpp, line 366]
Event: 4.330 Thread 0x00007fc2c5801800 Exception <a 'java/lang/ArrayIndexOutOfBoundsException'> (0x000000076cfa4060) thrown at [/Users/java_re/workspace/8-2-build-macosx-x86_64/jdk8u60/4407/hotspot/src/share/vm/runtime/sharedRuntime.cpp, line 605]

Events (10 events):
Event: 6.238 Thread 0x00007fc2c5801800 DEOPT PACKING pc=0x00000001088fdb74 sp=0x0000700006f824c0
Event: 6.238 Thread 0x00007fc2c5801800 DEOPT UNPACKING pc=0x00000001084d8633 sp=0x0000700006f82278 mode 0
Event: 10.916 Executing VM operation: RevokeBias
Event: 10.916 Executing VM operation: RevokeBias done
Event: 10.916 Thread 0x00007fc2c5a59000 Thread exited: 0x00007fc2c5a59000
Event: 11.482 Thread 0x00007fc2c30ef000 Thread added: 0x00007fc2c30ef000
Event: 11.804 Executing VM operation: ParallelGCFailedAllocation
Event: 11.810 Executing VM operation: ParallelGCFailedAllocation done
Event: 13.946 loading class org/lwjgl/opengl/CallbackUtil
Event: 13.946 loading class org/lwjgl/opengl/CallbackUtil done


Dynamic libraries:
0x0000000026413000 	/System/Library/Frameworks/Cocoa.framework/Versions/A/Cocoa
0x0000000026413000 	/System/Library/Frameworks/Security.framework/Versions/A/Security
0x0000000026413000 	/System/Library/Frameworks/ApplicationServices.framework/Versions/A/ApplicationServices
0x0000000026413000 	/usr/lib/libz.1.dylib
0x0000000026413000 	/usr/lib/libSystem.B.dylib
0x0000000026413000 	/usr/lib/libobjc.A.dylib
0x0000000026413000 	/System/Library/Frameworks/CoreFoundation.framework/Versions/A/CoreFoundation
0x0000000026413000 	/System/Library/Frameworks/Foundation.framework/Versions/C/Foundation
0x0000000026413000 	/System/Library/Frameworks/AppKit.framework/Versions/C/AppKit
0x0000000026413000 	/System/Library/Frameworks/CoreData.framework/Versions/A/CoreData
0x0000000026413000 	/System/Library/PrivateFrameworks/RemoteViewServices.framework/Versions/A/RemoteViewServices
0x0000000026413000 	/System/Library/PrivateFrameworks/UIFoundation.framework/Versions/A/UIFoundation
0x0000000026413000 	/usr/lib/libenergytrace.dylib
0x0000000026413000 	/System/Library/PrivateFrameworks/SkyLight.framework/Versions/A/SkyLight
0x0000000026413000 	/System/Library/Frameworks/CoreGraphics.framework/Versions/A/CoreGraphics
0x0000000026413000 	/usr/lib/libScreenReader.dylib
0x0000000026413000 	/System/Library/Frameworks/Accelerate.framework/Versions/A/Accelerate
0x0000000026413000 	/System/Library/Frameworks/IOSurface.framework/Versions/A/IOSurface
0x0000000026413000 	/System/Library/Frameworks/AudioToolbox.framework/Versions/A/AudioToolbox
0x0000000026413000 	/System/Library/Frameworks/AudioUnit.framework/Versions/A/AudioUnit
0x0000000026413000 	/System/Library/PrivateFrameworks/DataDetectorsCore.framework/Versions/A/DataDetectorsCore
0x0000000026413000 	/System/Library/PrivateFrameworks/DesktopServicesPriv.framework/Versions/A/DesktopServicesPriv
0x0000000026413000 	/System/Library/Frameworks/Carbon.framework/Versions/A/Frameworks/HIToolbox.framework/Versions/A/HIToolbox
0x0000000026413000 	/usr/lib/libicucore.A.dylib
0x0000000026413000 	/System/Library/Frameworks/QuartzCore.framework/Versions/A/QuartzCore
0x0000000026413000 	/System/Library/Frameworks/Carbon.framework/Versions/A/Frameworks/SpeechRecognition.framework/Versions/A/SpeechRecognition
0x0000000026413000 	/usr/lib/libauto.dylib
0x0000000026413000 	/usr/lib/libxml2.2.dylib
0x0000000026413000 	/System/Library/PrivateFrameworks/CoreUI.framework/Versions/A/CoreUI
0x0000000026413000 	/System/Library/Frameworks/CoreAudio.framework/Versions/A/CoreAudio
0x0000000026413000 	/System/Library/Frameworks/DiskArbitration.framework/Versions/A/DiskArbitration
0x0000000026413000 	/usr/lib/liblangid.dylib
0x0000000026413000 	/System/Library/PrivateFrameworks/MultitouchSupport.framework/Versions/A/MultitouchSupport
0x0000000026413000 	/System/Library/Frameworks/IOKit.framework/Versions/A/IOKit
0x0000000026413000 	/usr/lib/libDiagnosticMessagesClient.dylib
0x0000000026413000 	/System/Library/Frameworks/CoreServices.framework/Versions/A/CoreServices
0x0000000026413000 	/System/Library/PrivateFrameworks/PerformanceAnalysis.framework/Versions/A/PerformanceAnalysis
0x0000000026413000 	/System/Library/PrivateFrameworks/GenerationalStorage.framework/Versions/A/GenerationalStorage
0x0000000026413000 	/System/Library/Frameworks/OpenGL.framework/Versions/A/OpenGL
0x0000000026413000 	/System/Library/Frameworks/CoreImage.framework/Versions/A/CoreImage
0x0000000026413000 	/System/Library/Frameworks/CoreText.framework/Versions/A/CoreText
0x0000000026413000 	/System/Library/Frameworks/ImageIO.framework/Versions/A/ImageIO
0x0000000026413000 	/System/Library/PrivateFrameworks/Backup.framework/Versions/A/Backup
0x0000000026413000 	/usr/lib/libarchive.2.dylib
0x0000000026413000 	/System/Library/Frameworks/CFNetwork.framework/Versions/A/CFNetwork
0x0000000026413000 	/System/Library/Frameworks/SystemConfiguration.framework/Versions/A/SystemConfiguration
0x0000000026413000 	/usr/lib/libCRFSuite.dylib
0x0000000026413000 	/usr/lib/libc++.1.dylib
0x0000000026413000 	/usr/lib/libc++abi.dylib
0x0000000026413000 	/usr/lib/system/libcache.dylib
0x0000000026413000 	/usr/lib/system/libcommonCrypto.dylib
0x0000000026413000 	/usr/lib/system/libcompiler_rt.dylib
0x0000000026413000 	/usr/lib/system/libcopyfile.dylib
0x0000000026413000 	/usr/lib/system/libcorecrypto.dylib
0x0000000026413000 	/usr/lib/system/libdispatch.dylib
0x0000000026413000 	/usr/lib/system/libdyld.dylib
0x0000000026413000 	/usr/lib/system/libkeymgr.dylib
0x0000000026413000 	/usr/lib/system/liblaunch.dylib
0x0000000026413000 	/usr/lib/system/libmacho.dylib
0x0000000026413000 	/usr/lib/system/libquarantine.dylib
0x0000000026413000 	/usr/lib/system/libremovefile.dylib
0x0000000026413000 	/usr/lib/system/libsystem_asl.dylib
0x0000000026413000 	/usr/lib/system/libsystem_blocks.dylib
0x0000000026413000 	/usr/lib/system/libsystem_c.dylib
0x0000000026413000 	/usr/lib/system/libsystem_configuration.dylib
0x0000000026413000 	/usr/lib/system/libsystem_coreservices.dylib
0x0000000026413000 	/usr/lib/system/libsystem_coretls.dylib
0x0000000026413000 	/usr/lib/system/libsystem_dnssd.dylib
0x0000000026413000 	/usr/lib/system/libsystem_info.dylib
0x0000000026413000 	/usr/lib/system/libsystem_kernel.dylib
0x0000000026413000 	/usr/lib/system/libsystem_m.dylib
0x0000000026413000 	/usr/lib/system/libsystem_malloc.dylib
0x0000000026413000 	/usr/lib/system/libsystem_network.dylib
0x0000000026413000 	/usr/lib/system/libsystem_networkextension.dylib
0x0000000026413000 	/usr/lib/system/libsystem_notify.dylib
0x0000000026413000 	/usr/lib/system/libsystem_platform.dylib
0x0000000026413000 	/usr/lib/system/libsystem_pthread.dylib
0x0000000026413000 	/usr/lib/system/libsystem_sandbox.dylib
0x0000000026413000 	/usr/lib/system/libsystem_secinit.dylib
0x0000000026413000 	/usr/lib/system/libsystem_symptoms.dylib
0x0000000026413000 	/usr/lib/system/libsystem_trace.dylib
0x0000000026413000 	/usr/lib/system/libunwind.dylib
0x0000000026413000 	/usr/lib/system/libxpc.dylib
0x0000000026413000 	/usr/lib/libbsm.0.dylib
0x0000000026413000 	/usr/lib/system/libkxld.dylib
0x0000000026413000 	/usr/lib/libcoretls.dylib
0x0000000026413000 	/usr/lib/libcoretls_cfhelpers.dylib
0x0000000026413000 	/usr/lib/libxar.1.dylib
0x0000000026413000 	/usr/lib/libsqlite3.dylib
0x0000000026413000 	/usr/lib/libpam.2.dylib
0x0000000026413000 	/usr/lib/libOpenScriptingUtil.dylib
0x0000000026413000 	/usr/lib/libbz2.1.0.dylib
0x0000000026413000 	/usr/lib/liblzma.5.dylib
0x0000000026413000 	/usr/lib/libnetwork.dylib
0x0000000026413000 	/usr/lib/libpcap.A.dylib
0x0000000026413000 	/System/Library/Frameworks/CoreServices.framework/Versions/A/Frameworks/FSEvents.framework/Versions/A/FSEvents
0x0000000026413000 	/System/Library/Frameworks/CoreServices.framework/Versions/A/Frameworks/CarbonCore.framework/Versions/A/CarbonCore
0x0000000026413000 	/System/Library/Frameworks/CoreServices.framework/Versions/A/Frameworks/Metadata.framework/Versions/A/Metadata
0x0000000026413000 	/System/Library/Frameworks/CoreServices.framework/Versions/A/Frameworks/OSServices.framework/Versions/A/OSServices
0x0000000026413000 	/System/Library/Frameworks/CoreServices.framework/Versions/A/Frameworks/SearchKit.framework/Versions/A/SearchKit
0x0000000026413000 	/System/Library/Frameworks/CoreServices.framework/Versions/A/Frameworks/AE.framework/Versions/A/AE
0x0000000026413000 	/System/Library/Frameworks/CoreServices.framework/Versions/A/Frameworks/LaunchServices.framework/Versions/A/LaunchServices
0x0000000026413000 	/System/Library/Frameworks/CoreServices.framework/Versions/A/Frameworks/DictionaryServices.framework/Versions/A/DictionaryServices
0x0000000026413000 	/System/Library/Frameworks/CoreServices.framework/Versions/A/Frameworks/SharedFileList.framework/Versions/A/SharedFileList
0x0000000026413000 	/System/Library/Frameworks/NetFS.framework/Versions/A/NetFS
0x0000000026413000 	/System/Library/PrivateFrameworks/NetAuth.framework/Versions/A/NetAuth
0x0000000026413000 	/System/Library/PrivateFrameworks/login.framework/Versions/A/Frameworks/loginsupport.framework/Versions/A/loginsupport
0x0000000026413000 	/System/Library/PrivateFrameworks/TCC.framework/Versions/A/TCC
0x0000000026413000 	/usr/lib/libmecabra.dylib
0x0000000026413000 	/System/Library/Frameworks/ApplicationServices.framework/Versions/A/Frameworks/ATS.framework/Versions/A/ATS
0x0000000026413000 	/System/Library/Frameworks/ApplicationServices.framework/Versions/A/Frameworks/ColorSync.framework/Versions/A/ColorSync
0x0000000026413000 	/System/Library/Frameworks/ApplicationServices.framework/Versions/A/Frameworks/HIServices.framework/Versions/A/HIServices
0x0000000026413000 	/System/Library/Frameworks/ApplicationServices.framework/Versions/A/Frameworks/LangAnalysis.framework/Versions/A/LangAnalysis
0x0000000026413000 	/System/Library/Frameworks/ApplicationServices.framework/Versions/A/Frameworks/PrintCore.framework/Versions/A/PrintCore
0x0000000026413000 	/System/Library/Frameworks/ApplicationServices.framework/Versions/A/Frameworks/QD.framework/Versions/A/QD
0x0000000026413000 	/System/Library/Frameworks/ApplicationServices.framework/Versions/A/Frameworks/SpeechSynthesis.framework/Versions/A/SpeechSynthesis
0x0000000026413000 	/System/Library/Frameworks/Accelerate.framework/Versions/A/Frameworks/vImage.framework/Versions/A/vImage
0x0000000026413000 	/System/Library/Frameworks/Accelerate.framework/Versions/A/Frameworks/vecLib.framework/Versions/A/vecLib
0x0000000026413000 	/System/Library/Frameworks/Accelerate.framework/Versions/A/Frameworks/vecLib.framework/Versions/A/libvDSP.dylib
0x0000000026413000 	/System/Library/Frameworks/Accelerate.framework/Versions/A/Frameworks/vecLib.framework/Versions/A/libBNNS.dylib
0x0000000026413000 	/System/Library/Frameworks/Accelerate.framework/Versions/A/Frameworks/vecLib.framework/Versions/A/libQuadrature.dylib
0x0000000026413000 	/System/Library/Frameworks/Accelerate.framework/Versions/A/Frameworks/vecLib.framework/Versions/A/libvMisc.dylib
0x0000000026413000 	/System/Library/Frameworks/Accelerate.framework/Versions/A/Frameworks/vecLib.framework/Versions/A/libLAPACK.dylib
0x0000000026413000 	/System/Library/Frameworks/Accelerate.framework/Versions/A/Frameworks/vecLib.framework/Versions/A/libBLAS.dylib
0x0000000026413000 	/System/Library/Frameworks/Accelerate.framework/Versions/A/Frameworks/vecLib.framework/Versions/A/libLinearAlgebra.dylib
0x0000000026413000 	/System/Library/Frameworks/Accelerate.framework/Versions/A/Frameworks/vecLib.framework/Versions/A/libSparseBLAS.dylib
0x0000000026413000 	/System/Library/Frameworks/ApplicationServices.framework/Versions/A/Frameworks/ATS.framework/Versions/A/Resources/libFontParser.dylib
0x0000000026413000 	/System/Library/Frameworks/ApplicationServices.framework/Versions/A/Frameworks/ATS.framework/Versions/A/Resources/libFontRegistry.dylib
0x0000000026413000 	/System/Library/Frameworks/ImageIO.framework/Versions/A/Resources/libJPEG.dylib
0x0000000026413000 	/System/Library/Frameworks/ImageIO.framework/Versions/A/Resources/libTIFF.dylib
0x0000000026413000 	/System/Library/Frameworks/ImageIO.framework/Versions/A/Resources/libPng.dylib
0x0000000026413000 	/System/Library/Frameworks/ImageIO.framework/Versions/A/Resources/libGIF.dylib
0x0000000026413000 	/System/Library/Frameworks/ImageIO.framework/Versions/A/Resources/libJP2.dylib
0x0000000026413000 	/System/Library/Frameworks/ImageIO.framework/Versions/A/Resources/libRadiance.dylib
0x0000000026413000 	/usr/lib/libcompression.dylib
0x0000000026413000 	/System/Library/PrivateFrameworks/AppleJPEG.framework/Versions/A/AppleJPEG
0x0000000026413000 	/usr/lib/libcups.2.dylib
0x0000000026413000 	/System/Library/Frameworks/Kerberos.framework/Versions/A/Kerberos
0x0000000026413000 	/System/Library/Frameworks/GSS.framework/Versions/A/GSS
0x0000000026413000 	/usr/lib/libresolv.9.dylib
0x0000000026413000 	/usr/lib/libiconv.2.dylib
0x0000000026413000 	/System/Library/PrivateFrameworks/Heimdal.framework/Versions/A/Heimdal
0x0000000026413000 	/usr/lib/libheimdal-asn1.dylib
0x0000000026413000 	/System/Library/Frameworks/OpenDirectory.framework/Versions/A/OpenDirectory
0x0000000026413000 	/System/Library/PrivateFrameworks/CommonAuth.framework/Versions/A/CommonAuth
0x0000000026413000 	/System/Library/Frameworks/OpenDirectory.framework/Versions/A/Frameworks/CFOpenDirectory.framework/Versions/A/CFOpenDirectory
0x0000000026413000 	/System/Library/Frameworks/SecurityFoundation.framework/Versions/A/SecurityFoundation
0x0000000026413000 	/System/Library/PrivateFrameworks/LanguageModeling.framework/Versions/A/LanguageModeling
0x0000000026413000 	/usr/lib/libmarisa.dylib
0x0000000026413000 	/usr/lib/libChineseTokenizer.dylib
0x0000000026413000 	/usr/lib/libcmph.dylib
0x0000000026413000 	/System/Library/PrivateFrameworks/CoreEmoji.framework/Versions/A/CoreEmoji
0x0000000026413000 	/System/Library/Frameworks/ServiceManagement.framework/Versions/A/ServiceManagement
0x0000000026413000 	/usr/lib/libxslt.1.dylib
0x0000000026413000 	/System/Library/Frameworks/Carbon.framework/Versions/A/Frameworks/Ink.framework/Versions/A/Ink
0x0000000026413000 	/System/Library/PrivateFrameworks/TextureIO.framework/Versions/A/TextureIO
0x0000000026413000 	/System/Library/Frameworks/Metal.framework/Versions/A/Metal
0x0000000026413000 	/usr/lib/libate.dylib
0x0000000026413000 	/System/Library/PrivateFrameworks/GPUCompiler.framework/libmetal_timestamp.dylib
0x0000000026413000 	/System/Library/Frameworks/OpenGL.framework/Versions/A/Libraries/libCoreFSCache.dylib
0x0000000026413000 	/System/Library/PrivateFrameworks/IOAccelerator.framework/Versions/A/IOAccelerator
0x0000000026413000 	/System/Library/Frameworks/CoreVideo.framework/Versions/A/CoreVideo
0x0000000026413000 	/usr/lib/libFosl_dynamic.dylib
0x0000000026413000 	/System/Library/PrivateFrameworks/MetalPerformanceShaders.framework/Versions/A/MetalPerformanceShaders
0x0000000026413000 	/System/Library/PrivateFrameworks/FaceCore.framework/Versions/A/FaceCore
0x0000000026413000 	/System/Library/Frameworks/OpenCL.framework/Versions/A/OpenCL
0x0000000026413000 	/System/Library/Frameworks/OpenGL.framework/Versions/A/Libraries/libGLU.dylib
0x0000000026413000 	/System/Library/Frameworks/OpenGL.framework/Versions/A/Libraries/libGFXShared.dylib
0x0000000026413000 	/System/Library/Frameworks/OpenGL.framework/Versions/A/Libraries/libGL.dylib
0x0000000026413000 	/System/Library/Frameworks/OpenGL.framework/Versions/A/Libraries/libGLImage.dylib
0x0000000026413000 	/System/Library/Frameworks/OpenGL.framework/Versions/A/Libraries/libCVMSPluginSupport.dylib
0x0000000026413000 	/System/Library/Frameworks/OpenGL.framework/Versions/A/Libraries/libCoreVMClient.dylib
0x0000000026413000 	/System/Library/PrivateFrameworks/CrashReporterSupport.framework/Versions/A/CrashReporterSupport
0x0000000026413000 	/System/Library/PrivateFrameworks/Sharing.framework/Versions/A/Sharing
0x0000000026413000 	/System/Library/PrivateFrameworks/IconServices.framework/Versions/A/IconServices
0x0000000026413000 	/System/Library/PrivateFrameworks/ProtocolBuffer.framework/Versions/A/ProtocolBuffer
0x0000000026413000 	/System/Library/PrivateFrameworks/Apple80211.framework/Versions/A/Apple80211
0x0000000026413000 	/System/Library/Frameworks/CoreWLAN.framework/Versions/A/CoreWLAN
0x0000000026413000 	/System/Library/PrivateFrameworks/CoreUtils.framework/Versions/A/CoreUtils
0x0000000026413000 	/System/Library/Frameworks/IOBluetooth.framework/Versions/A/IOBluetooth
0x0000000026413000 	/System/Library/PrivateFrameworks/CoreWiFi.framework/Versions/A/CoreWiFi
0x0000000026413000 	/System/Library/Frameworks/CoreBluetooth.framework/Versions/A/CoreBluetooth
0x0000000026413000 	/System/Library/Frameworks/CoreDisplay.framework/Versions/A/CoreDisplay
0x0000000026413000 	/System/Library/PrivateFrameworks/IOPresentment.framework/Versions/A/IOPresentment
0x0000000026413000 	/System/Library/PrivateFrameworks/DebugSymbols.framework/Versions/A/DebugSymbols
0x0000000026413000 	/System/Library/PrivateFrameworks/CoreSymbolication.framework/Versions/A/CoreSymbolication
0x0000000026413000 	/System/Library/PrivateFrameworks/Symbolication.framework/Versions/A/Symbolication
0x0000000026413000 	/System/Library/PrivateFrameworks/AppleFSCompression.framework/Versions/A/AppleFSCompression
0x0000000026413000 	/System/Library/PrivateFrameworks/SpeechRecognitionCore.framework/Versions/A/SpeechRecognitionCore
0x0000000026413000 	/System/Library/PrivateFrameworks/ChunkingLibrary.framework/Versions/A/ChunkingLibrary
0x0000000103000000 	/Library/Java/JavaVirtualMachines/jdk1.8.0_60.jdk/Contents/Home/jre/lib/server/libjvm.dylib
0x0000000026413000 	/usr/lib/libstdc++.6.dylib
0x0000000101e7a000 	/Library/Java/JavaVirtualMachines/jdk1.8.0_60.jdk/Contents/Home/jre/lib/libverify.dylib
0x0000000101e88000 	/Library/Java/JavaVirtualMachines/jdk1.8.0_60.jdk/Contents/Home/jre/lib/libjava.dylib
0x0000000101ec7000 	/Library/Java/JavaVirtualMachines/jdk1.8.0_60.jdk/Contents/Home/jre/lib/libzip.dylib
0x0000000107f1a000 	/System/Library/Frameworks/JavaVM.framework/Frameworks/JavaRuntimeSupport.framework/JavaRuntimeSupport
0x0000000107f34000 	/System/Library/Frameworks/JavaVM.framework/Versions/A/Frameworks/JavaNativeFoundation.framework/Versions/A/JavaNativeFoundation
0x0000000107f49000 	/System/Library/Frameworks/JavaVM.framework/Versions/A/JavaVM
0x0000000026413000 	/System/Library/Frameworks/Carbon.framework/Versions/A/Carbon
0x0000000107f56000 	/System/Library/PrivateFrameworks/JavaLaunching.framework/Versions/A/JavaLaunching
0x0000000026413000 	/System/Library/Frameworks/Carbon.framework/Versions/A/Frameworks/CommonPanels.framework/Versions/A/CommonPanels
0x0000000026413000 	/System/Library/Frameworks/Carbon.framework/Versions/A/Frameworks/Help.framework/Versions/A/Help
0x0000000026413000 	/System/Library/Frameworks/Carbon.framework/Versions/A/Frameworks/ImageCapture.framework/Versions/A/ImageCapture
0x0000000026413000 	/System/Library/Frameworks/Carbon.framework/Versions/A/Frameworks/OpenScripting.framework/Versions/A/OpenScripting
0x0000000026413000 	/System/Library/Frameworks/Carbon.framework/Versions/A/Frameworks/Print.framework/Versions/A/Print
0x0000000026413000 	/System/Library/Frameworks/Carbon.framework/Versions/A/Frameworks/SecurityHI.framework/Versions/A/SecurityHI
0x0000000107fc0000 	/Library/Java/JavaVirtualMachines/jdk1.8.0_60.jdk/Contents/Home/jre/lib/libawt.dylib
0x0000000108068000 	/Library/Java/JavaVirtualMachines/jdk1.8.0_60.jdk/Contents/Home/jre/lib/./libmlib_image.dylib
0x0000000108134000 	/Library/Java/JavaVirtualMachines/jdk1.8.0_60.jdk/Contents/Home/jre/lib/libawt_lwawt.dylib
0x00000001081e9000 	/Library/Java/JavaVirtualMachines/jdk1.8.0_60.jdk/Contents/Home/jre/lib/./libosxapp.dylib
0x0000000026413000 	/System/Library/Frameworks/ExceptionHandling.framework/Versions/A/ExceptionHandling
0x0000000026413000 	/System/Library/PrivateFrameworks/CoreServicesInternal.framework/Versions/A/CoreServicesInternal
0x0000000026413000 	/System/Library/CoreServices/RawCamera.bundle/Contents/MacOS/RawCamera
0x0000000026413000 	/System/Library/Frameworks/Accelerate.framework/Versions/A/Frameworks/vImage.framework/Versions/A/Libraries/libCGInterfaces.dylib
0x0000000026413000 	/System/Library/Frameworks/ApplicationServices.framework/Versions/A/Frameworks/ATS.framework/Versions/A/Resources/libTrueTypeScaler.dylib
0x0000000026413000 	/System/Library/Frameworks/OpenGL.framework/Versions/A/Resources/GLEngine.bundle/GLEngine
0x0000000026413000 	/System/Library/Frameworks/OpenGL.framework/Versions/A/Libraries/libGLProgrammability.dylib
0x00000001228d5000 	/System/Library/Extensions/AppleIntelHD5000GraphicsGLDriver.bundle/Contents/MacOS/AppleIntelHD5000GraphicsGLDriver
0x0000000026413000 	/System/Library/PrivateFrameworks/GPUSupport.framework/Versions/A/Libraries/libGPUSupportMercury.dylib
0x0000000026413000 	/System/Library/Extensions/GeForceGLDriver.bundle/Contents/MacOS/GeForceGLDriver
0x0000000026413000 	/System/Library/Extensions/GeForceGLDriver.bundle/Contents/MacOS/libclh.dylib
0x0000000026413000 	/System/Library/Frameworks/OpenGL.framework/Versions/A/Resources/GLRendererFloat.bundle/GLRendererFloat
0x0000000026413000 	/System/Library/Frameworks/OpenCL.framework/Versions/A/Libraries/libcldcpuengine.dylib
0x0000000026413000 	/usr/lib/libcrypto.0.9.8.dylib
0x0000000026413000 	/System/Library/PrivateFrameworks/TrustEvaluationAgent.framework/Versions/A/TrustEvaluationAgent
0x0000000026413000 	/System/Library/Extensions/GeForceMTLDriver.bundle/Contents/MacOS/GeForceMTLDriver
0x0000000123071000 	/System/Library/Extensions/AppleIntelHD5000GraphicsMTLDriver.bundle/Contents/MacOS/AppleIntelHD5000GraphicsMTLDriver
0x0000000026413000 	/System/Library/PrivateFrameworks/FamilyControls.framework/Versions/A/FamilyControls
0x0000000026413000 	/System/Library/PrivateFrameworks/CommerceKit.framework/Versions/A/Frameworks/CommerceCore.framework/Versions/A/CommerceCore
0x0000000026413000 	/System/Library/PrivateFrameworks/SystemAdministration.framework/Versions/A/SystemAdministration
0x0000000026413000 	/System/Library/PrivateFrameworks/AppContainer.framework/Versions/A/AppContainer
0x0000000026413000 	/System/Library/PrivateFrameworks/SecCodeWrapper.framework/Versions/A/SecCodeWrapper
0x0000000026413000 	/System/Library/Frameworks/DirectoryService.framework/Versions/A/DirectoryService
0x0000000026413000 	/System/Library/PrivateFrameworks/DiskImages.framework/Versions/A/DiskImages
0x0000000026413000 	/System/Library/PrivateFrameworks/LoginUIKit.framework/Versions/A/Frameworks/LoginUICore.framework/Versions/A/LoginUICore
0x0000000026413000 	/usr/lib/libCoreStorage.dylib
0x0000000026413000 	/usr/lib/libcsfde.dylib
0x0000000026413000 	/usr/lib/libodfde.dylib
0x0000000026413000 	/System/Library/Frameworks/DiscRecording.framework/Versions/A/DiscRecording
0x0000000026413000 	/usr/lib/libcurl.4.dylib
0x0000000026413000 	/System/Library/PrivateFrameworks/MediaKit.framework/Versions/A/MediaKit
0x0000000026413000 	/System/Library/PrivateFrameworks/ProtectedCloudStorage.framework/Versions/A/ProtectedCloudStorage
0x0000000026413000 	/System/Library/PrivateFrameworks/EFILogin.framework/Versions/A/EFILogin
0x0000000026413000 	/usr/lib/libutil.dylib
0x0000000026413000 	/System/Library/Frameworks/LDAP.framework/Versions/A/LDAP
0x0000000026413000 	/usr/lib/libsasl2.2.dylib
0x0000000026413000 	/System/Library/PrivateFrameworks/CoreDaemon.framework/Versions/B/CoreDaemon
0x0000000026413000 	/System/Library/PrivateFrameworks/AppleSRP.framework/Versions/A/AppleSRP
0x0000000026413000 	/System/Library/PrivateFrameworks/APFS.framework/Versions/A/APFS
0x0000000124464000 	/Library/Java/JavaVirtualMachines/jdk1.8.0_60.jdk/Contents/Home/jre/lib/libfontmanager.dylib
0x00000001244cb000 	/Users/ShreyashPatodia/Desktop/Unimelb/Unimelb sem-3/Object Oriented Software Development/Projects/SLICK_HOME/mulit_platform_slick_libraries/liblwjgl.dylib
0x00000001083f5000 	/Library/Java/JavaVirtualMachines/jdk1.8.0_60.jdk/Contents/Home/jre/lib/libjawt.dylib
0x0000000125f5a000 	/Users/ShreyashPatodia/Desktop/Unimelb/Unimelb sem-3/Object Oriented Software Development/Projects/SLICK_HOME/mulit_platform_slick_libraries/libjinput-osx.dylib
0x0000000125f5f000 	/System/Library/Extensions/IOHIDFamily.kext/Contents/PlugIns/IOHIDLib.plugin/Contents/MacOS/IOHIDLib
0x0000000126869000 	/Library/Java/JavaVirtualMachines/jdk1.8.0_60.jdk/Contents/Home/jre/lib/libnio.dylib
0x0000000126879000 	/Library/Java/JavaVirtualMachines/jdk1.8.0_60.jdk/Contents/Home/jre/lib/./libnet.dylib

VM Arguments:
jvm_args: -Djava.library.path=/Users/ShreyashPatodia/Desktop/Unimelb/Unimelb sem-3/Object Oriented Software Development/Projects/SLICK_HOME/mulit_platform_slick_libraries -Dfile.encoding=UTF-8 
java_command: RPG
java_class_path (initial): /Users/ShreyashPatodia/Desktop/Unimelb/Unimelb sem-3/Object Oriented Software Development/Projects/Project-2/bin:/Users/ShreyashPatodia/Desktop/Unimelb/Unimelb sem-3/Object Oriented Software Development/Projects/Project-2/lib/jinput.jar:/Users/ShreyashPatodia/Desktop/Unimelb/Unimelb sem-3/Object Oriented Software Development/Projects/Project-2/lib/lwjgl.jar:/Users/ShreyashPatodia/Desktop/Unimelb/Unimelb sem-3/Object Oriented Software Development/Projects/Project-2/lib/slick.jar
Launcher Type: SUN_STANDARD

Environment Variables:
PATH=/usr/bin:/bin:/usr/sbin:/sbin
SHELL=/bin/bash

Signal Handlers:
SIGSEGV: [libjvm.dylib+0x5a6d31], sa_mask[0]=11111111011111110111111111111111, sa_flags=SA_ONSTACK|SA_RESTART|SA_SIGINFO
SIGBUS: [libjvm.dylib+0x5a6d31], sa_mask[0]=11111111011111110111111111111111, sa_flags=SA_RESTART|SA_SIGINFO
SIGFPE: [libjvm.dylib+0x480a4c], sa_mask[0]=11111111011111110111111111111111, sa_flags=SA_RESTART|SA_SIGINFO
SIGPIPE: [libjvm.dylib+0x480a4c], sa_mask[0]=11111111011111110111111111111111, sa_flags=SA_RESTART|SA_SIGINFO
SIGXFSZ: [libjvm.dylib+0x480a4c], sa_mask[0]=11111111011111110111111111111111, sa_flags=SA_RESTART|SA_SIGINFO
SIGILL: [libjvm.dylib+0x480a4c], sa_mask[0]=11111111011111110111111111111111, sa_flags=SA_RESTART|SA_SIGINFO
SIGUSR1: SIG_DFL, sa_mask[0]=00000000000000000000000000000000, sa_flags=none
SIGUSR2: [libjvm.dylib+0x48056a], sa_mask[0]=00100000000000000000000000000000, sa_flags=SA_RESTART|SA_SIGINFO
SIGHUP: [libjvm.dylib+0x47eb41], sa_mask[0]=11111111011111110111111111111111, sa_flags=SA_RESTART|SA_SIGINFO
SIGINT: [libjvm.dylib+0x47eb41], sa_mask[0]=11111111011111110111111111111111, sa_flags=SA_RESTART|SA_SIGINFO
SIGTERM: [libjvm.dylib+0x47eb41], sa_mask[0]=11111111011111110111111111111111, sa_flags=SA_RESTART|SA_SIGINFO
SIGQUIT: [libjvm.dylib+0x47eb41], sa_mask[0]=11111111011111110111111111111111, sa_flags=SA_RESTART|SA_SIGINFO


---------------  S Y S T E M  ---------------

OS:Bsduname:Darwin 16.0.0 Darwin Kernel Version 16.0.0: Mon Aug 29 17:56:20 PDT 2016; root:xnu-3789.1.32~3/RELEASE_X86_64 x86_64
rlimit: STACK 8192k, CORE 0k, NPROC 709, NOFILE 10240, AS infinity
load average:1.67 1.76 1.71

CPU:total 8 (4 cores per cpu, 2 threads per core) family 6 model 70 stepping 1, cmov, cx8, fxsr, mmx, sse, sse2, sse3, ssse3, sse4.1, sse4.2, popcnt, avx, avx2, aes, clmul, erms, rtm, lzcnt, ht, tsc, tscinvbit, bmi1, bmi2

Memory: 4k page, physical 16777216k(236528k free)

/proc/meminfo:


vm_info: Java HotSpot(TM) 64-Bit Server VM (25.60-b23) for bsd-amd64 JRE (1.8.0_60-b27), built on Aug  4 2015 10:47:24 by "java_re" with gcc 4.2.1 (Based on Apple Inc. build 5658) (LLVM build 2336.11.00)

time: Fri Oct 14 10:24:24 2016
elapsed time: 13 seconds (0d 0h 0m 13s)

