#
# A fatal error has been detected by the Java Runtime Environment:
#
#  SIGSEGV (0xb) at pc=0x00007fff8cb5d4dd, pid=8277, tid=2571
#
# JRE version: Java(TM) SE Runtime Environment (8.0_60-b27) (build 1.8.0_60-b27)
# Java VM: Java HotSpot(TM) 64-Bit Server VM (25.60-b23 mixed mode bsd-amd64 compressed oops)
# Problematic frame:
# C  [libobjc.A.dylib+0x14dd]  objc_msgSend+0x1d
#
# Failed to write core dump. Core dumps have been disabled. To enable core dumping, try "ulimit -c unlimited" before starting Java again
#
# If you would like to submit a bug report, please visit:
#   http://bugreport.java.com/bugreport/crash.jsp
# The crash happened outside the Java Virtual Machine in native code.
# See problematic frame for where to report the bug.
#

---------------  T H R E A D  ---------------

Current thread (0x00007fe04d90f000):  JavaThread "AppKit Thread" daemon [_thread_in_native, id=2571, stack(0x00007fff52982000,0x00007fff53182000)]

siginfo: si_signo: 11 (SIGSEGV), si_code: 1 (SEGV_MAPERR), si_addr: 0x0000000000000018

Registers:
RAX=0x00007fe04b480c30, RBX=0x00007fff5317cf58, RCX=0x00007fe04b54bb58, RDX=0x00007fe04b481310
RSP=0x00007fff5317cf18, RBP=0x00007fff5317cf20, RSI=0x00007fff8e94984a, RDI=0x00007fe04b480c30
R8 =0x000000000000001f, R9 =0x00007fe04b585130, R10=0x00007fff8e94984a, R11=0x0000000000000000
R12=0x00007fe04b481310, R13=0x00007fe04b585130, R14=0x00007fe04b54bb50, R15=0x0000000000000000
RIP=0x00007fff8cb5d4dd, EFLAGS=0x0000000000010246, ERR=0x0000000000000004
  TRAPNO=0x000000000000000e

Top of Stack: (sp=0x00007fff5317cf18)
0x00007fff5317cf18:   00007fff92b23bbc 00007fff5317cf40
0x00007fff5317cf28:   00007fff92b23b4f 0000000000000000
0x00007fff5317cf38:   0000000000000000 00007fff5317cfb0
0x00007fff5317cf48:   00007fff92b23ac7 00007fff5317cf80
0x00007fff5317cf58:   00007fff719080a0 0000000042000000
0x00007fff5317cf68:   00007fff92b23b10 00007fff74e86720
0x00007fff5317cf78:   00007fe04b585130 00007fe04b481310
0x00007fff5317cf88:   00007fff5317d758 00007fff74fb3780
0x00007fff5317cf98:   00007fff5317d758 00007fe04b585130
0x00007fff5317cfa8:   00007fff92ee39e2 00007fff5317cff0
0x00007fff5317cfb8:   00007fff92b23832 00007fff5317d5d0
0x00007fff5317cfc8:   0000000000000001 00007fff74fb3780
0x00007fff5317cfd8:   00007fff5317d758 00007fff8cb5d4c0
0x00007fff5317cfe8:   00007fff92ee39e2 00007fff5317d700
0x00007fff5317cff8:   00007fff92ae05e2 00007fe04b73af80
0x00007fff5317d008:   ffff801fb48c5080 00007fff73e7dd00
0x00007fff5317d018:   00007fe04b610980 00007fe04b8090b8
0x00007fff5317d028:   00007fe04b563110 0000000000000000
0x00007fff5317d038:   0000000000000000 0000000000000000
0x00007fff5317d048:   00007fe04b7475b0 00007fff74ec3bc0
0x00007fff5317d058:   00007fff5317d5d0 0000000000000002
0x00007fff5317d068:   0000000000000100 00007fff5317d000
0x00007fff5317d078:   00007fff5317d4d0 0000000000000000
0x00007fff5317d088:   0000000000000100 00007fff5317d100
0x00007fff5317d098:   00007fff74fb3780 0000000000000000
0x00007fff5317d0a8:   00007fff74e87500 00007fff74fb3780
0x00007fff5317d0b8:   0000000000000000 00007fff74e87500
0x00007fff5317d0c8:   00007fff73e7dd00 00007fff5317d140
0x00007fff5317d0d8:   00007fff8cb642a4 0000000000000000
0x00007fff5317d0e8:   00007fff73e7ec90 0000000100000000
0x00007fff5317d0f8:   0000000000000000 ffff801fb4ab6ab0
0x00007fff5317d108:   00007fe04b740700 00007fe04b7408f0 

Instructions: (pc=0x00007fff8cb5d4dd)
0x00007fff8cb5d4bd:   44 00 00 48 85 ff 2e 74 62 40 f6 c7 01 2e 75 66
0x00007fff8cb5d4cd:   49 bb f8 ff ff ff ff 7f 00 00 4c 23 1f 49 89 f2
0x00007fff8cb5d4dd:   45 23 53 18 49 c1 e2 04 4d 03 53 10 49 3b 32 75
0x00007fff8cb5d4ed:   04 41 ff 62 08 49 83 3a 01 76 0d 49 83 c2 10 49 

Register to memory mapping:

RAX=0x00007fe04b480c30 is an unknown value
RBX=0x00007fff5317cf58 is pointing into the stack for thread: 0x00007fe04d90f000
RCX=0x00007fe04b54bb58 is an unknown value
RDX=0x00007fe04b481310 is an unknown value
RSP=0x00007fff5317cf18 is pointing into the stack for thread: 0x00007fe04d90f000
RBP=0x00007fff5317cf20 is pointing into the stack for thread: 0x00007fe04d90f000
RSI=0x00007fff8e94984a: -[NSTitlebarContainerView transparent]+0x63088 in /System/Library/Frameworks/AppKit.framework/Versions/C/AppKit at 0x00007fff8debc000
RDI=0x00007fe04b480c30 is an unknown value
R8 =0x000000000000001f is an unknown value
R9 =0x00007fe04b585130 is an unknown value
R10=0x00007fff8e94984a: -[NSTitlebarContainerView transparent]+0x63088 in /System/Library/Frameworks/AppKit.framework/Versions/C/AppKit at 0x00007fff8debc000
R11=0x0000000000000000 is an unknown value
R12=0x00007fe04b481310 is an unknown value
R13=0x00007fe04b585130 is an unknown value
R14=0x00007fe04b54bb50 is an unknown value
R15=0x0000000000000000 is an unknown value


Stack: [0x00007fff52982000,0x00007fff53182000],  sp=0x00007fff5317cf18,  free space=8171k
Native frames: (J=compiled Java code, j=interpreted, Vv=VM code, C=native code)
C  [libobjc.A.dylib+0x14dd]  objc_msgSend+0x1d
C  [CoreFoundation+0xa0b4f]  ___CFXRegistrationPost_block_invoke+0x3f
C  [CoreFoundation+0xa0ac7]  _CFXRegistrationPost+0x197
C  [CoreFoundation+0xa0832]  ___CFXNotificationPost_block_invoke+0x32
C  [CoreFoundation+0x5d5e2]  -[_CFXNotificationRegistrar find:object:observer:enumerator:]+0x782
C  [CoreFoundation+0x5c835]  _CFXNotificationPost+0x2b5
C  [Foundation+0x717a]  -[NSNotificationCenter postNotificationName:object:userInfo:]+0x42
C  [AppKit+0x26526e]  -[NSSurface _disposeSurface]+0xa9
C  [AppKit+0x264cc7]  -[NSSurface setWindow:]+0x42
C  [AppKit+0x28ba7]  -[NSView _setWindow:]+0x9be
C  [AppKit+0x2b993]  -[NSView removeFromSuperview]+0x1d7
C  [AppKit+0x155c7b]  -[NSView removeFromSuperviewWithoutNeedingDisplay]+0x26
C  [liblwjgl.dylib+0xa205]  +[MacOSXKeyableWindow destroyWindow]+0xb5
C  [Foundation+0x76fde]  __NSThreadPerformPerform+0x117
C  [CoreFoundation+0xaa881]  __CFRUNLOOP_IS_CALLING_OUT_TO_A_SOURCE0_PERFORM_FUNCTION__+0x11
C  [CoreFoundation+0x89fbc]  __CFRunLoopDoSources0+0x22c
C  [CoreFoundation+0x894df]  __CFRunLoopRun+0x39f
C  [CoreFoundation+0x88ed8]  CFRunLoopRunSpecific+0x128
C  [HIToolbox+0x30935]  RunCurrentEventLoopInMode+0xeb
C  [HIToolbox+0x3076f]  ReceiveNextEventCommon+0x1b0
C  [HIToolbox+0x305af]  _BlockUntilNextEventMatchingListInModeWithFilter+0x47
C  [AppKit+0x48df6]  _DPSNextEvent+0x42b
C  [AppKit+0x48226]  -[NSApplication _nextEventMatchingEventMask:untilDate:inMode:dequeue:]+0x1c6
C  [libosxapp.dylib+0x23aa]  -[NSApplicationAWT nextEventMatchingMask:untilDate:inMode:dequeue:]+0x7c
C  [AppKit+0x3cd80]  -[NSApplication run]+0x2aa
C  [libosxapp.dylib+0x214d]  +[NSApplicationAWT runAWTLoopWithApp:]+0x9c
C  [libawt_lwawt.dylib+0x44517]  -[AWTStarter starter:]+0x389
C  [Foundation+0x76fde]  __NSThreadPerformPerform+0x117
C  [CoreFoundation+0xaa881]  __CFRUNLOOP_IS_CALLING_OUT_TO_A_SOURCE0_PERFORM_FUNCTION__+0x11
C  [CoreFoundation+0x89fbc]  __CFRunLoopDoSources0+0x22c
C  [CoreFoundation+0x894df]  __CFRunLoopRun+0x39f
C  [CoreFoundation+0x88ed8]  CFRunLoopRunSpecific+0x128
C  [java+0x6463]  CreateExecutionEnvironment+0x367
C  [java+0x21ac]  JLI_Launch+0x7a0
C  [java+0x84c0]  main+0x65
C  [java+0x1a04]  start+0x34
C  0x0000000000000006


---------------  P R O C E S S  ---------------

Java Threads: ( => current thread )
  0x00007fe04c102800 JavaThread "AWT-Shutdown" [_thread_blocked, id=29175, stack(0x00007000014d6000,0x00007000015d6000)]
  0x00007fe04b9ee000 JavaThread "Java2D Queue Flusher" daemon [_thread_blocked, id=62471, stack(0x0000700001a71000,0x0000700001b71000)]
  0x00007fe04ba11000 JavaThread "Java2D Disposer" daemon [_thread_blocked, id=57123, stack(0x000070000196e000,0x0000700001a6e000)]
=>0x00007fe04d90f000 JavaThread "AppKit Thread" daemon [_thread_in_native, id=2571, stack(0x00007fff52982000,0x00007fff53182000)]
  0x00007fe04d01c800 JavaThread "Service Thread" daemon [_thread_blocked, id=20995, stack(0x00007000012d0000,0x00007000013d0000)]
  0x00007fe04d826800 JavaThread "C1 CompilerThread3" daemon [_thread_blocked, id=20483, stack(0x00007000011cd000,0x00007000012cd000)]
  0x00007fe04b824800 JavaThread "C2 CompilerThread2" daemon [_thread_blocked, id=19971, stack(0x00007000010ca000,0x00007000011ca000)]
  0x00007fe04b824000 JavaThread "C2 CompilerThread1" daemon [_thread_blocked, id=19459, stack(0x0000700000fc7000,0x00007000010c7000)]
  0x00007fe04b80d800 JavaThread "C2 CompilerThread0" daemon [_thread_blocked, id=18947, stack(0x0000700000ec4000,0x0000700000fc4000)]
  0x00007fe04b822000 JavaThread "Signal Dispatcher" daemon [_thread_blocked, id=14863, stack(0x0000700000dc1000,0x0000700000ec1000)]
  0x00007fe04c00c800 JavaThread "Finalizer" daemon [_thread_blocked, id=14339, stack(0x0000700000c3b000,0x0000700000d3b000)]
  0x00007fe04b820000 JavaThread "Reference Handler" daemon [_thread_blocked, id=13827, stack(0x0000700000b38000,0x0000700000c38000)]
  0x00007fe04b810800 JavaThread "main" [_thread_in_native, id=5891, stack(0x000070000011a000,0x000070000021a000)]

Other Threads:
  0x00007fe04c00c000 VMThread [stack: 0x0000700000a35000,0x0000700000b35000] [id=13315]
  0x00007fe04d827800 WatcherThread [stack: 0x00007000013d3000,0x00007000014d3000] [id=21507]

VM state:not at safepoint (normal execution)

VM Mutex/Monitor currently owned by a thread: None

Heap:
 PSYoungGen      total 76288K, used 31523K [0x000000076ab00000, 0x0000000770000000, 0x00000007c0000000)
  eden space 65536K, 48% used [0x000000076ab00000,0x000000076c9c8c80,0x000000076eb00000)
  from space 10752K, 0% used [0x000000076f580000,0x000000076f580000,0x0000000770000000)
  to   space 10752K, 0% used [0x000000076eb00000,0x000000076eb00000,0x000000076f580000)
 ParOldGen       total 175104K, used 0K [0x00000006c0000000, 0x00000006cab00000, 0x000000076ab00000)
  object space 175104K, 0% used [0x00000006c0000000,0x00000006c0000000,0x00000006cab00000)
 Metaspace       used 10850K, capacity 10977K, committed 11264K, reserved 1058816K
  class space    used 1146K, capacity 1215K, committed 1280K, reserved 1048576K

Card table byte_map: [0x000000011e149000,0x000000011e94a000] byte_map_base: 0x000000011ab49000

Marking Bits: (ParMarkBitMap*) 0x000000010e6dee20
 Begin Bits: [0x000000011eea0000, 0x0000000122ea0000)
 End Bits:   [0x0000000122ea0000, 0x0000000126ea0000)

Polling page: 0x000000010cd41000

CodeCache: size=245760Kb used=4545Kb max_used=4556Kb free=241214Kb
 bounds [0x000000010ed89000, 0x000000010f209000, 0x000000011dd89000]
 total_blobs=1590 nmethods=1067 adapters=437
 compilation: enabled

Compilation events (10 events):
Event: 58.834 Thread 0x00007fe04b80d800 1064       4       RPG::update (88 bytes)
Event: 58.843 Thread 0x00007fe04b80d800 nmethod 1064 0x000000010f1fc410 code [0x000000010f1fc680, 0x000000010f1fd588]
Event: 61.943 Thread 0x00007fe04d826800 1065       3       org.lwjgl.opengl.MacOSXNativeKeyboard::keyPressed (32 bytes)
Event: 61.944 Thread 0x00007fe04d826800 nmethod 1065 0x000000010f1f08d0 code [0x000000010f1f0a80, 0x000000010f1f0fb8]
Event: 63.216 Thread 0x00007fe04d826800 1066       1       org.lwjgl.input.Keyboard$KeyEvent::access$400 (5 bytes)
Event: 63.216 Thread 0x00007fe04d826800 nmethod 1066 0x000000010f1f0610 code [0x000000010f1f0760, 0x000000010f1f0850]
Event: 63.216 Thread 0x00007fe04d826800 1067       1       org.lwjgl.input.Keyboard$KeyEvent::access$300 (5 bytes)
Event: 63.216 Thread 0x00007fe04d826800 nmethod 1067 0x000000010f1f0350 code [0x000000010f1f04a0, 0x000000010f1f0590]
Event: 64.929 Thread 0x00007fe04b824800 1068       4       java.nio.DirectByteBuffer::get (16 bytes)
Event: 64.930 Thread 0x00007fe04b824800 nmethod 1068 0x000000010f1eeb90 code [0x000000010f1eece0, 0x000000010f1eed98]

GC Heap History (0 events):
No events

Deoptimization events (10 events):
Event: 8.802 Thread 0x00007fe04c102800 Uncommon trap: reason=unstable_if action=reinterpret pc=0x000000010f14ad78 method=java.util.HashMap.keySet()Ljava/util/Set; @ 6
Event: 10.756 Thread 0x00007fe04b810800 Uncommon trap: reason=unstable_if action=reinterpret pc=0x000000010f14e75c method=org.newdawn.slick.tiled.TiledMap.getTileProperty(ILjava/lang/String;Ljava/lang/String;)Ljava/lang/String; @ 23
Event: 16.529 Thread 0x00007fe04b810800 Uncommon trap: reason=unstable_if action=reinterpret pc=0x000000010f17dda8 method=Player.update_position(LMap;DDI)V @ 95
Event: 24.533 Thread 0x00007fe04b810800 Uncommon trap: reason=unstable_if action=reinterpret pc=0x000000010f18e314 method=org.newdawn.slick.Input.poll(II)V @ 1039
Event: 24.601 Thread 0x00007fe04b810800 Uncommon trap: reason=unstable_if action=reinterpret pc=0x000000010f173ff0 method=org.lwjgl.opengl.MacOSXDisplay.update()V @ 86
Event: 25.366 Thread 0x00007fe04b810800 Uncommon trap: reason=unstable_if action=reinterpret pc=0x000000010f165b50 method=org.lwjgl.opengl.MacOSXDisplay.update()V @ 86
Event: 47.199 Thread 0x00007fe04b810800 Uncommon trap: reason=unstable_if action=reinterpret pc=0x000000010f0cd034 method=org.newdawn.slick.tiled.Layer.render(IIIIIIZII)V @ 66
Event: 47.747 Thread 0x00007fe04b810800 Uncommon trap: reason=unstable_if action=reinterpret pc=0x000000010f1c8634 method=Camera.update()V @ 80
Event: 47.749 Thread 0x00007fe04b810800 Uncommon trap: reason=unstable_if action=reinterpret pc=0x000000010f16fe20 method=Camera.update()V @ 80
Event: 66.228 Thread 0x00007fe04b810800 Uncommon trap: reason=unstable_if action=reinterpret pc=0x000000010f162120 method=org.newdawn.slick.AppGameContainer.gameLoop()V @ 60

Internal exceptions (10 events):
Event: 0.095 Thread 0x00007fe04b810800 Exception <a 'java/security/PrivilegedActionException'> (0x000000076af43e18) thrown at [/Users/java_re/workspace/8-2-build-macosx-x86_64/jdk8u60/4407/hotspot/src/share/vm/prims/jvm.cpp, line 1386]
Event: 0.095 Thread 0x00007fe04b810800 Exception <a 'java/security/PrivilegedActionException'> (0x000000076af44028) thrown at [/Users/java_re/workspace/8-2-build-macosx-x86_64/jdk8u60/4407/hotspot/src/share/vm/prims/jvm.cpp, line 1386]
Event: 0.095 Thread 0x00007fe04b810800 Exception <a 'java/security/PrivilegedActionException'> (0x000000076af474b0) thrown at [/Users/java_re/workspace/8-2-build-macosx-x86_64/jdk8u60/4407/hotspot/src/share/vm/prims/jvm.cpp, line 1386]
Event: 0.095 Thread 0x00007fe04b810800 Exception <a 'java/security/PrivilegedActionException'> (0x000000076af476c0) thrown at [/Users/java_re/workspace/8-2-build-macosx-x86_64/jdk8u60/4407/hotspot/src/share/vm/prims/jvm.cpp, line 1386]
Event: 0.124 Thread 0x00007fe04b810800 Exception <a 'java/lang/NoSuchFieldError': method resolution failed> (0x000000076b014b70) thrown at [/Users/java_re/workspace/8-2-build-macosx-x86_64/jdk8u60/4407/hotspot/src/share/vm/prims/methodHandles.cpp, line 1146]
Event: 0.125 Thread 0x00007fe04b810800 Exception <a 'java/lang/NoSuchFieldError': method resolution failed> (0x000000076b0222e8) thrown at [/Users/java_re/workspace/8-2-build-macosx-x86_64/jdk8u60/4407/hotspot/src/share/vm/prims/methodHandles.cpp, line 1146]
Event: 0.225 Thread 0x00007fe04b810800 Exception <a 'java/io/FileNotFoundException'> (0x000000076b09d2f8) thrown at [/Users/java_re/workspace/8-2-build-macosx-x86_64/jdk8u60/4407/hotspot/src/share/vm/prims/jni.cpp, line 709]
Event: 0.225 Thread 0x00007fe04b810800 Exception <a 'java/io/FileNotFoundException'> (0x000000076b09de88) thrown at [/Users/java_re/workspace/8-2-build-macosx-x86_64/jdk8u60/4407/hotspot/src/share/vm/prims/jni.cpp, line 709]
Event: 0.808 Thread 0x00007fe04b810800 Implicit null exception at 0x000000010f048524 to 0x000000010f048751
Event: 0.809 Thread 0x00007fe04b810800 Implicit null exception at 0x000000010f0522e6 to 0x000000010f0528b5

Events (10 events):
Event: 47.747 Thread 0x00007fe04b810800 DEOPT PACKING pc=0x000000010f1c8634 sp=0x00007000002196b0
Event: 47.747 Thread 0x00007fe04b810800 DEOPT UNPACKING pc=0x000000010ed8e229 sp=0x0000700000219608 mode 2
Event: 47.749 Thread 0x00007fe04b810800 Uncommon trap: trap_request=0xffffff65 fr.pc=0x000000010f16fe20
Event: 47.749 Thread 0x00007fe04b810800 DEOPT PACKING pc=0x000000010f16fe20 sp=0x0000700000219630
Event: 47.749 Thread 0x00007fe04b810800 DEOPT UNPACKING pc=0x000000010ed8e229 sp=0x00007000002195e8 mode 2
Event: 66.228 Thread 0x00007fe04b810800 Uncommon trap: trap_request=0xffffff65 fr.pc=0x000000010f162120
Event: 66.228 Thread 0x00007fe04b810800 DEOPT PACKING pc=0x000000010f162120 sp=0x0000700000219840
Event: 66.228 Thread 0x00007fe04b810800 DEOPT UNPACKING pc=0x000000010ed8e229 sp=0x0000700000219808 mode 2
Event: 66.233 loading class org/lwjgl/opengl/CallbackUtil
Event: 66.233 loading class org/lwjgl/opengl/CallbackUtil done


Dynamic libraries:
0x0000000001622000 	/System/Library/Frameworks/Cocoa.framework/Versions/A/Cocoa
0x0000000001622000 	/System/Library/Frameworks/Security.framework/Versions/A/Security
0x0000000001622000 	/System/Library/Frameworks/ApplicationServices.framework/Versions/A/ApplicationServices
0x0000000001622000 	/usr/lib/libz.1.dylib
0x0000000001622000 	/usr/lib/libSystem.B.dylib
0x0000000001622000 	/usr/lib/libobjc.A.dylib
0x0000000001622000 	/System/Library/Frameworks/CoreFoundation.framework/Versions/A/CoreFoundation
0x0000000001622000 	/System/Library/Frameworks/Foundation.framework/Versions/C/Foundation
0x0000000001622000 	/System/Library/Frameworks/AppKit.framework/Versions/C/AppKit
0x0000000001622000 	/System/Library/Frameworks/CoreData.framework/Versions/A/CoreData
0x0000000001622000 	/System/Library/PrivateFrameworks/RemoteViewServices.framework/Versions/A/RemoteViewServices
0x0000000001622000 	/System/Library/PrivateFrameworks/UIFoundation.framework/Versions/A/UIFoundation
0x0000000001622000 	/usr/lib/libScreenReader.dylib
0x0000000001622000 	/System/Library/Frameworks/Accelerate.framework/Versions/A/Accelerate
0x0000000001622000 	/System/Library/Frameworks/IOSurface.framework/Versions/A/IOSurface
0x0000000001622000 	/System/Library/Frameworks/AudioToolbox.framework/Versions/A/AudioToolbox
0x0000000001622000 	/System/Library/Frameworks/AudioUnit.framework/Versions/A/AudioUnit
0x0000000001622000 	/System/Library/PrivateFrameworks/DataDetectorsCore.framework/Versions/A/DataDetectorsCore
0x0000000001622000 	/System/Library/PrivateFrameworks/DesktopServicesPriv.framework/Versions/A/DesktopServicesPriv
0x0000000001622000 	/System/Library/Frameworks/Carbon.framework/Versions/A/Frameworks/HIToolbox.framework/Versions/A/HIToolbox
0x0000000001622000 	/System/Library/Frameworks/QuartzCore.framework/Versions/A/QuartzCore
0x0000000001622000 	/System/Library/Frameworks/Carbon.framework/Versions/A/Frameworks/SpeechRecognition.framework/Versions/A/SpeechRecognition
0x0000000001622000 	/usr/lib/libauto.dylib
0x0000000001622000 	/usr/lib/libicucore.A.dylib
0x0000000001622000 	/usr/lib/libxml2.2.dylib
0x0000000001622000 	/System/Library/PrivateFrameworks/CoreUI.framework/Versions/A/CoreUI
0x0000000001622000 	/System/Library/Frameworks/CoreAudio.framework/Versions/A/CoreAudio
0x0000000001622000 	/System/Library/Frameworks/DiskArbitration.framework/Versions/A/DiskArbitration
0x0000000001622000 	/usr/lib/liblangid.dylib
0x0000000001622000 	/System/Library/PrivateFrameworks/MultitouchSupport.framework/Versions/A/MultitouchSupport
0x0000000001622000 	/System/Library/Frameworks/IOKit.framework/Versions/A/IOKit
0x0000000001622000 	/usr/lib/libDiagnosticMessagesClient.dylib
0x0000000001622000 	/System/Library/Frameworks/CoreServices.framework/Versions/A/CoreServices
0x0000000001622000 	/System/Library/PrivateFrameworks/PerformanceAnalysis.framework/Versions/A/PerformanceAnalysis
0x0000000001622000 	/System/Library/PrivateFrameworks/GenerationalStorage.framework/Versions/A/GenerationalStorage
0x0000000001622000 	/System/Library/Frameworks/OpenGL.framework/Versions/A/OpenGL
0x0000000001622000 	/System/Library/PrivateFrameworks/Sharing.framework/Versions/A/Sharing
0x0000000001622000 	/System/Library/Frameworks/CoreGraphics.framework/Versions/A/CoreGraphics
0x0000000001622000 	/System/Library/Frameworks/CoreImage.framework/Versions/A/CoreImage
0x0000000001622000 	/System/Library/Frameworks/CoreText.framework/Versions/A/CoreText
0x0000000001622000 	/System/Library/Frameworks/ImageIO.framework/Versions/A/ImageIO
0x0000000001622000 	/System/Library/PrivateFrameworks/Backup.framework/Versions/A/Backup
0x0000000001622000 	/usr/lib/libextension.dylib
0x0000000001622000 	/usr/lib/libarchive.2.dylib
0x0000000001622000 	/System/Library/Frameworks/CFNetwork.framework/Versions/A/CFNetwork
0x0000000001622000 	/System/Library/Frameworks/SystemConfiguration.framework/Versions/A/SystemConfiguration
0x0000000001622000 	/usr/lib/libCRFSuite.dylib
0x0000000001622000 	/usr/lib/libc++.1.dylib
0x0000000001622000 	/usr/lib/libc++abi.dylib
0x0000000001622000 	/usr/lib/system/libcache.dylib
0x0000000001622000 	/usr/lib/system/libcommonCrypto.dylib
0x0000000001622000 	/usr/lib/system/libcompiler_rt.dylib
0x0000000001622000 	/usr/lib/system/libcopyfile.dylib
0x0000000001622000 	/usr/lib/system/libcorecrypto.dylib
0x0000000001622000 	/usr/lib/system/libdispatch.dylib
0x0000000001622000 	/usr/lib/system/libdyld.dylib
0x0000000001622000 	/usr/lib/system/libkeymgr.dylib
0x0000000001622000 	/usr/lib/system/liblaunch.dylib
0x0000000001622000 	/usr/lib/system/libmacho.dylib
0x0000000001622000 	/usr/lib/system/libquarantine.dylib
0x0000000001622000 	/usr/lib/system/libremovefile.dylib
0x0000000001622000 	/usr/lib/system/libsystem_asl.dylib
0x0000000001622000 	/usr/lib/system/libsystem_blocks.dylib
0x0000000001622000 	/usr/lib/system/libsystem_c.dylib
0x0000000001622000 	/usr/lib/system/libsystem_configuration.dylib
0x0000000001622000 	/usr/lib/system/libsystem_coreservices.dylib
0x0000000001622000 	/usr/lib/system/libsystem_coretls.dylib
0x0000000001622000 	/usr/lib/system/libsystem_dnssd.dylib
0x0000000001622000 	/usr/lib/system/libsystem_info.dylib
0x0000000001622000 	/usr/lib/system/libsystem_kernel.dylib
0x0000000001622000 	/usr/lib/system/libsystem_m.dylib
0x0000000001622000 	/usr/lib/system/libsystem_malloc.dylib
0x0000000001622000 	/usr/lib/system/libsystem_network.dylib
0x0000000001622000 	/usr/lib/system/libsystem_networkextension.dylib
0x0000000001622000 	/usr/lib/system/libsystem_notify.dylib
0x0000000001622000 	/usr/lib/system/libsystem_platform.dylib
0x0000000001622000 	/usr/lib/system/libsystem_pthread.dylib
0x0000000001622000 	/usr/lib/system/libsystem_sandbox.dylib
0x0000000001622000 	/usr/lib/system/libsystem_secinit.dylib
0x0000000001622000 	/usr/lib/system/libsystem_trace.dylib
0x0000000001622000 	/usr/lib/system/libunc.dylib
0x0000000001622000 	/usr/lib/system/libunwind.dylib
0x0000000001622000 	/usr/lib/system/libxpc.dylib
0x0000000001622000 	/usr/lib/libenergytrace.dylib
0x0000000001622000 	/usr/lib/libbsm.0.dylib
0x0000000001622000 	/usr/lib/system/libkxld.dylib
0x0000000001622000 	/usr/lib/libxar.1.dylib
0x0000000001622000 	/usr/lib/libsqlite3.dylib
0x0000000001622000 	/usr/lib/libpam.2.dylib
0x0000000001622000 	/usr/lib/libOpenScriptingUtil.dylib
0x0000000001622000 	/usr/lib/libbz2.1.0.dylib
0x0000000001622000 	/usr/lib/liblzma.5.dylib
0x0000000001622000 	/System/Library/Frameworks/CoreServices.framework/Versions/A/Frameworks/FSEvents.framework/Versions/A/FSEvents
0x0000000001622000 	/System/Library/Frameworks/CoreServices.framework/Versions/A/Frameworks/CarbonCore.framework/Versions/A/CarbonCore
0x0000000001622000 	/System/Library/Frameworks/CoreServices.framework/Versions/A/Frameworks/Metadata.framework/Versions/A/Metadata
0x0000000001622000 	/System/Library/Frameworks/CoreServices.framework/Versions/A/Frameworks/OSServices.framework/Versions/A/OSServices
0x0000000001622000 	/System/Library/Frameworks/CoreServices.framework/Versions/A/Frameworks/SearchKit.framework/Versions/A/SearchKit
0x0000000001622000 	/System/Library/Frameworks/CoreServices.framework/Versions/A/Frameworks/AE.framework/Versions/A/AE
0x0000000001622000 	/System/Library/Frameworks/CoreServices.framework/Versions/A/Frameworks/LaunchServices.framework/Versions/A/LaunchServices
0x0000000001622000 	/System/Library/Frameworks/CoreServices.framework/Versions/A/Frameworks/DictionaryServices.framework/Versions/A/DictionaryServices
0x0000000001622000 	/System/Library/Frameworks/CoreServices.framework/Versions/A/Frameworks/SharedFileList.framework/Versions/A/SharedFileList
0x0000000001622000 	/System/Library/Frameworks/NetFS.framework/Versions/A/NetFS
0x0000000001622000 	/System/Library/PrivateFrameworks/NetAuth.framework/Versions/A/NetAuth
0x0000000001622000 	/System/Library/PrivateFrameworks/login.framework/Versions/A/Frameworks/loginsupport.framework/Versions/A/loginsupport
0x0000000001622000 	/System/Library/PrivateFrameworks/TCC.framework/Versions/A/TCC
0x0000000001622000 	/usr/lib/libmecabra.dylib
0x0000000001622000 	/System/Library/Frameworks/ApplicationServices.framework/Versions/A/Frameworks/ATS.framework/Versions/A/ATS
0x0000000001622000 	/System/Library/Frameworks/ApplicationServices.framework/Versions/A/Frameworks/ColorSync.framework/Versions/A/ColorSync
0x0000000001622000 	/System/Library/Frameworks/ApplicationServices.framework/Versions/A/Frameworks/HIServices.framework/Versions/A/HIServices
0x0000000001622000 	/System/Library/Frameworks/ApplicationServices.framework/Versions/A/Frameworks/LangAnalysis.framework/Versions/A/LangAnalysis
0x0000000001622000 	/System/Library/Frameworks/ApplicationServices.framework/Versions/A/Frameworks/PrintCore.framework/Versions/A/PrintCore
0x0000000001622000 	/System/Library/Frameworks/ApplicationServices.framework/Versions/A/Frameworks/QD.framework/Versions/A/QD
0x0000000001622000 	/System/Library/Frameworks/ApplicationServices.framework/Versions/A/Frameworks/SpeechSynthesis.framework/Versions/A/SpeechSynthesis
0x0000000001622000 	/System/Library/Frameworks/Metal.framework/Versions/A/Metal
0x0000000001622000 	/System/Library/Frameworks/Accelerate.framework/Versions/A/Frameworks/vImage.framework/Versions/A/vImage
0x0000000001622000 	/System/Library/Frameworks/Accelerate.framework/Versions/A/Frameworks/vecLib.framework/Versions/A/vecLib
0x0000000001622000 	/System/Library/Frameworks/Accelerate.framework/Versions/A/Frameworks/vecLib.framework/Versions/A/libvDSP.dylib
0x0000000001622000 	/System/Library/Frameworks/Accelerate.framework/Versions/A/Frameworks/vecLib.framework/Versions/A/libvMisc.dylib
0x0000000001622000 	/System/Library/Frameworks/Accelerate.framework/Versions/A/Frameworks/vecLib.framework/Versions/A/libLAPACK.dylib
0x0000000001622000 	/System/Library/Frameworks/Accelerate.framework/Versions/A/Frameworks/vecLib.framework/Versions/A/libBLAS.dylib
0x0000000001622000 	/System/Library/Frameworks/Accelerate.framework/Versions/A/Frameworks/vecLib.framework/Versions/A/libLinearAlgebra.dylib
0x0000000001622000 	/System/Library/Frameworks/Accelerate.framework/Versions/A/Frameworks/vecLib.framework/Versions/A/libSparseBLAS.dylib
0x0000000001622000 	/System/Library/PrivateFrameworks/GPUCompiler.framework/libmetal_timestamp.dylib
0x0000000001622000 	/System/Library/Frameworks/OpenGL.framework/Versions/A/Libraries/libCoreFSCache.dylib
0x0000000001622000 	/System/Library/PrivateFrameworks/IOAccelerator.framework/Versions/A/IOAccelerator
0x0000000001622000 	/System/Library/Frameworks/ApplicationServices.framework/Versions/A/Frameworks/ATS.framework/Versions/A/Resources/libFontParser.dylib
0x0000000001622000 	/System/Library/Frameworks/ApplicationServices.framework/Versions/A/Frameworks/ATS.framework/Versions/A/Resources/libFontRegistry.dylib
0x0000000001622000 	/System/Library/PrivateFrameworks/AppleVPA.framework/Versions/A/AppleVPA
0x0000000001622000 	/System/Library/PrivateFrameworks/AppleJPEG.framework/Versions/A/AppleJPEG
0x0000000001622000 	/System/Library/Frameworks/ImageIO.framework/Versions/A/Resources/libJPEG.dylib
0x0000000001622000 	/System/Library/Frameworks/ImageIO.framework/Versions/A/Resources/libTIFF.dylib
0x0000000001622000 	/System/Library/Frameworks/ImageIO.framework/Versions/A/Resources/libPng.dylib
0x0000000001622000 	/System/Library/Frameworks/ImageIO.framework/Versions/A/Resources/libGIF.dylib
0x0000000001622000 	/System/Library/Frameworks/ImageIO.framework/Versions/A/Resources/libJP2.dylib
0x0000000001622000 	/System/Library/Frameworks/ImageIO.framework/Versions/A/Resources/libRadiance.dylib
0x0000000001622000 	/System/Library/Frameworks/CoreVideo.framework/Versions/A/CoreVideo
0x0000000001622000 	/System/Library/Frameworks/OpenGL.framework/Versions/A/Libraries/libGLU.dylib
0x0000000001622000 	/System/Library/Frameworks/OpenGL.framework/Versions/A/Libraries/libGFXShared.dylib
0x0000000001622000 	/System/Library/Frameworks/OpenGL.framework/Versions/A/Libraries/libGL.dylib
0x0000000001622000 	/System/Library/Frameworks/OpenGL.framework/Versions/A/Libraries/libGLImage.dylib
0x0000000001622000 	/System/Library/Frameworks/OpenGL.framework/Versions/A/Libraries/libCVMSPluginSupport.dylib
0x0000000001622000 	/System/Library/Frameworks/OpenGL.framework/Versions/A/Libraries/libCoreVMClient.dylib
0x0000000001622000 	/usr/lib/libcompression.dylib
0x0000000001622000 	/usr/lib/libcups.2.dylib
0x0000000001622000 	/System/Library/Frameworks/Kerberos.framework/Versions/A/Kerberos
0x0000000001622000 	/System/Library/Frameworks/GSS.framework/Versions/A/GSS
0x0000000001622000 	/usr/lib/libresolv.9.dylib
0x0000000001622000 	/usr/lib/libiconv.2.dylib
0x0000000001622000 	/System/Library/PrivateFrameworks/Heimdal.framework/Versions/A/Heimdal
0x0000000001622000 	/usr/lib/libheimdal-asn1.dylib
0x0000000001622000 	/System/Library/Frameworks/OpenDirectory.framework/Versions/A/OpenDirectory
0x0000000001622000 	/System/Library/PrivateFrameworks/CommonAuth.framework/Versions/A/CommonAuth
0x0000000001622000 	/System/Library/Frameworks/OpenDirectory.framework/Versions/A/Frameworks/CFOpenDirectory.framework/Versions/A/CFOpenDirectory
0x0000000001622000 	/System/Library/Frameworks/SecurityFoundation.framework/Versions/A/SecurityFoundation
0x0000000001622000 	/System/Library/PrivateFrameworks/LanguageModeling.framework/Versions/A/LanguageModeling
0x0000000001622000 	/usr/lib/libmarisa.dylib
0x0000000001622000 	/usr/lib/libChineseTokenizer.dylib
0x0000000001622000 	/usr/lib/libcmph.dylib
0x0000000001622000 	/System/Library/Frameworks/ServiceManagement.framework/Versions/A/ServiceManagement
0x0000000001622000 	/usr/lib/libxslt.1.dylib
0x0000000001622000 	/System/Library/Frameworks/Carbon.framework/Versions/A/Frameworks/Ink.framework/Versions/A/Ink
0x0000000001622000 	/usr/lib/libFosl_dynamic.dylib
0x0000000001622000 	/System/Library/PrivateFrameworks/FaceCore.framework/Versions/A/FaceCore
0x0000000001622000 	/System/Library/Frameworks/OpenCL.framework/Versions/A/OpenCL
0x0000000001622000 	/System/Library/PrivateFrameworks/CrashReporterSupport.framework/Versions/A/CrashReporterSupport
0x0000000001622000 	/System/Library/PrivateFrameworks/IconServices.framework/Versions/A/IconServices
0x0000000001622000 	/System/Library/PrivateFrameworks/Apple80211.framework/Versions/A/Apple80211
0x0000000001622000 	/System/Library/Frameworks/CoreWLAN.framework/Versions/A/CoreWLAN
0x0000000001622000 	/System/Library/Frameworks/IOBluetooth.framework/Versions/A/IOBluetooth
0x0000000001622000 	/System/Library/PrivateFrameworks/CoreWiFi.framework/Versions/A/CoreWiFi
0x0000000001622000 	/System/Library/Frameworks/CoreBluetooth.framework/Versions/A/CoreBluetooth
0x0000000001622000 	/System/Library/PrivateFrameworks/ChunkingLibrary.framework/Versions/A/ChunkingLibrary
0x0000000001622000 	/System/Library/PrivateFrameworks/DebugSymbols.framework/Versions/A/DebugSymbols
0x0000000001622000 	/System/Library/PrivateFrameworks/CoreSymbolication.framework/Versions/A/CoreSymbolication
0x0000000001622000 	/System/Library/PrivateFrameworks/Symbolication.framework/Versions/A/Symbolication
0x0000000001622000 	/System/Library/PrivateFrameworks/SpeechRecognitionCore.framework/Versions/A/SpeechRecognitionCore
0x000000010de00000 	/Library/Java/JavaVirtualMachines/jdk1.8.0_60.jdk/Contents/Home/jre/lib/server/libjvm.dylib
0x0000000001622000 	/usr/lib/libstdc++.6.dylib
0x000000010ccfe000 	/Library/Java/JavaVirtualMachines/jdk1.8.0_60.jdk/Contents/Home/jre/lib/libverify.dylib
0x000000010cd0c000 	/Library/Java/JavaVirtualMachines/jdk1.8.0_60.jdk/Contents/Home/jre/lib/libjava.dylib
0x000000010cd4b000 	/Library/Java/JavaVirtualMachines/jdk1.8.0_60.jdk/Contents/Home/jre/lib/libzip.dylib
0x0000000129da6000 	/System/Library/Frameworks/JavaVM.framework/Frameworks/JavaRuntimeSupport.framework/JavaRuntimeSupport
0x0000000129dc1000 	/System/Library/Frameworks/JavaVM.framework/Versions/A/Frameworks/JavaNativeFoundation.framework/Versions/A/JavaNativeFoundation
0x000000010cded000 	/System/Library/Frameworks/JavaVM.framework/Versions/A/JavaVM
0x0000000001622000 	/System/Library/Frameworks/Carbon.framework/Versions/A/Carbon
0x0000000129dd6000 	/System/Library/PrivateFrameworks/JavaLaunching.framework/Versions/A/JavaLaunching
0x0000000001622000 	/System/Library/Frameworks/Carbon.framework/Versions/A/Frameworks/CommonPanels.framework/Versions/A/CommonPanels
0x0000000001622000 	/System/Library/Frameworks/Carbon.framework/Versions/A/Frameworks/Help.framework/Versions/A/Help
0x0000000001622000 	/System/Library/Frameworks/Carbon.framework/Versions/A/Frameworks/ImageCapture.framework/Versions/A/ImageCapture
0x0000000001622000 	/System/Library/Frameworks/Carbon.framework/Versions/A/Frameworks/OpenScripting.framework/Versions/A/OpenScripting
0x0000000001622000 	/System/Library/Frameworks/Carbon.framework/Versions/A/Frameworks/Print.framework/Versions/A/Print
0x0000000001622000 	/System/Library/Frameworks/Carbon.framework/Versions/A/Frameworks/SecurityHI.framework/Versions/A/SecurityHI
0x000000012b713000 	/Library/Java/JavaVirtualMachines/jdk1.8.0_60.jdk/Contents/Home/jre/lib/libawt.dylib
0x000000012b7bb000 	/Library/Java/JavaVirtualMachines/jdk1.8.0_60.jdk/Contents/Home/jre/lib/./libmlib_image.dylib
0x000000012b887000 	/Library/Java/JavaVirtualMachines/jdk1.8.0_60.jdk/Contents/Home/jre/lib/libawt_lwawt.dylib
0x000000012b93c000 	/Library/Java/JavaVirtualMachines/jdk1.8.0_60.jdk/Contents/Home/jre/lib/./libosxapp.dylib
0x0000000001622000 	/System/Library/Frameworks/ExceptionHandling.framework/Versions/A/ExceptionHandling
0x0000000001622000 	/System/Library/PrivateFrameworks/CoreServicesInternal.framework/Versions/A/CoreServicesInternal
0x0000000001622000 	/System/Library/Frameworks/CoreGraphics.framework/Versions/A/Resources/libRIP.A.dylib
0x0000000001622000 	/System/Library/Frameworks/Accelerate.framework/Versions/A/Frameworks/vImage.framework/Versions/A/Libraries/libCGInterfaces.dylib
0x0000000001622000 	/System/Library/Frameworks/CoreGraphics.framework/Versions/A/Resources/libCGXType.A.dylib
0x0000000001622000 	/System/Library/Frameworks/OpenCL.framework/Versions/A/Libraries/libcldcpuengine.dylib
0x0000000001622000 	/System/Library/PrivateFrameworks/DiskImages.framework/Versions/A/DiskImages
0x0000000001622000 	/System/Library/Frameworks/DiscRecording.framework/Versions/A/DiscRecording
0x0000000001622000 	/usr/lib/libcsfde.dylib
0x0000000001622000 	/usr/lib/libcurl.4.dylib
0x0000000001622000 	/System/Library/PrivateFrameworks/MediaKit.framework/Versions/A/MediaKit
0x0000000001622000 	/System/Library/PrivateFrameworks/ProtectedCloudStorage.framework/Versions/A/ProtectedCloudStorage
0x0000000001622000 	/usr/lib/libCoreStorage.dylib
0x0000000001622000 	/System/Library/PrivateFrameworks/EFILogin.framework/Versions/A/EFILogin
0x0000000001622000 	/usr/lib/libutil.dylib
0x0000000001622000 	/System/Library/PrivateFrameworks/FindMyDevice.framework/Versions/A/FindMyDevice
0x0000000001622000 	/System/Library/Frameworks/LDAP.framework/Versions/A/LDAP
0x0000000001622000 	/usr/lib/libsasl2.2.dylib
0x0000000001622000 	/System/Library/PrivateFrameworks/CoreDaemon.framework/Versions/B/CoreDaemon
0x0000000001622000 	/usr/lib/libcrypto.0.9.8.dylib
0x0000000001622000 	/System/Library/PrivateFrameworks/AppleSRP.framework/Versions/A/AppleSRP
0x0000000001622000 	/System/Library/PrivateFrameworks/TrustEvaluationAgent.framework/Versions/A/TrustEvaluationAgent
0x000000012d98c000 	cl_kernels
0x0000000001622000 	/System/Library/Frameworks/OpenCL.framework/Versions/A/Libraries/ImageFormats/unorm8_bgra.dylib
0x0000000001622000 	/System/Library/Frameworks/OpenCL.framework/Versions/A/Libraries/ImageFormats/unorm8_rgba.dylib
0x0000000001622000 	/System/Library/PrivateFrameworks/FamilyControls.framework/Versions/A/FamilyControls
0x0000000001622000 	/System/Library/PrivateFrameworks/CommerceKit.framework/Versions/A/Frameworks/CommerceCore.framework/Versions/A/CommerceCore
0x0000000001622000 	/System/Library/PrivateFrameworks/SystemAdministration.framework/Versions/A/SystemAdministration
0x0000000001622000 	/System/Library/PrivateFrameworks/AppContainer.framework/Versions/A/AppContainer
0x0000000001622000 	/System/Library/PrivateFrameworks/SecCodeWrapper.framework/Versions/A/SecCodeWrapper
0x0000000001622000 	/System/Library/Frameworks/DirectoryService.framework/Versions/A/DirectoryService
0x0000000001622000 	/System/Library/PrivateFrameworks/LoginUIKit.framework/Versions/A/Frameworks/LoginUICore.framework/Versions/A/LoginUICore
0x0000000001622000 	/usr/lib/libodfde.dylib
0x000000012ea82000 	/Library/Java/JavaVirtualMachines/jdk1.8.0_60.jdk/Contents/Home/jre/lib/libfontmanager.dylib
0x000000012eae9000 	/Users/ShreyashPatodia/Desktop/Unimelb/Unimelb sem-3/Object Oriented Software Development/Projects/SLICK_HOME/mulit_platform_slick_libraries/liblwjgl.dylib
0x000000012cd77000 	/Library/Java/JavaVirtualMachines/jdk1.8.0_60.jdk/Contents/Home/jre/lib/libjawt.dylib
0x0000000001622000 	/System/Library/Frameworks/OpenGL.framework/Versions/A/Resources/GLEngine.bundle/GLEngine
0x0000000001622000 	/System/Library/Frameworks/OpenGL.framework/Versions/A/Libraries/libGLProgrammability.dylib
0x000000012eb6b000 	/System/Library/Extensions/AppleIntelHD5000GraphicsGLDriver.bundle/Contents/MacOS/AppleIntelHD5000GraphicsGLDriver
0x0000000001622000 	/System/Library/PrivateFrameworks/GPUSupport.framework/Versions/A/Libraries/libGPUSupportMercury.dylib
0x0000000001622000 	/System/Library/Extensions/GeForceGLDriver.bundle/Contents/MacOS/GeForceGLDriver
0x0000000001622000 	/System/Library/Extensions/GeForceGLDriver.bundle/Contents/MacOS/libclh.dylib
0x0000000001622000 	/System/Library/Frameworks/OpenGL.framework/Versions/A/Resources/GLRendererFloat.bundle/GLRendererFloat
0x0000000130dac000 	/Users/ShreyashPatodia/Desktop/Unimelb/Unimelb sem-3/Object Oriented Software Development/Projects/SLICK_HOME/mulit_platform_slick_libraries/libjinput-osx.dylib
0x0000000130db1000 	/System/Library/Extensions/IOHIDFamily.kext/Contents/PlugIns/IOHIDLib.plugin/Contents/MacOS/IOHIDLib
0x0000000130df0000 	/Library/Java/JavaVirtualMachines/jdk1.8.0_60.jdk/Contents/Home/jre/lib/libnio.dylib
0x0000000130e00000 	/Library/Java/JavaVirtualMachines/jdk1.8.0_60.jdk/Contents/Home/jre/lib/./libnet.dylib

VM Arguments:
jvm_args: -Djava.library.path=/Users/ShreyashPatodia/Desktop/Unimelb/Unimelb sem-3/Object Oriented Software Development/Projects/SLICK_HOME/mulit_platform_slick_libraries -Dfile.encoding=UTF-8 
java_command: RPG
java_class_path (initial): /Users/ShreyashPatodia/Desktop/Unimelb/Unimelb sem-3/Object Oriented Software Development/Projects/Project-1/bin:/Users/ShreyashPatodia/Desktop/Unimelb/Unimelb sem-3/Object Oriented Software Development/Projects/Project-1/lib/jinput.jar:/Users/ShreyashPatodia/Desktop/Unimelb/Unimelb sem-3/Object Oriented Software Development/Projects/Project-1/lib/lwjgl.jar:/Users/ShreyashPatodia/Desktop/Unimelb/Unimelb sem-3/Object Oriented Software Development/Projects/Project-1/lib/slick.jar
Launcher Type: SUN_STANDARD

Environment Variables:
PATH=/usr/bin:/bin:/usr/sbin:/sbin
SHELL=/bin/bash

Signal Handlers:
SIGSEGV: [libjvm.dylib+0x5a6d31], sa_mask[0]=11111111011111110111111111111111, sa_flags=SA_ONSTACK|SA_RESTART|SA_SIGINFO
SIGBUS: [libjvm.dylib+0x5a6d31], sa_mask[0]=11111111011111110111111111111111, sa_flags=SA_RESTART|SA_SIGINFO
SIGFPE: [libjvm.dylib+0x480a4c], sa_mask[0]=11111111011111110111111111111111, sa_flags=SA_RESTART|SA_SIGINFO
SIGPIPE: [libjvm.dylib+0x480a4c], sa_mask[0]=11111111011111110111111111111111, sa_flags=SA_RESTART|SA_SIGINFO
SIGXFSZ: [libjvm.dylib+0x480a4c], sa_mask[0]=11111111011111110111111111111111, sa_flags=SA_RESTART|SA_SIGINFO
SIGILL: [libjvm.dylib+0x480a4c], sa_mask[0]=11111111011111110111111111111111, sa_flags=SA_RESTART|SA_SIGINFO
SIGUSR1: SIG_DFL, sa_mask[0]=00000000000000000000000000000000, sa_flags=none
SIGUSR2: [libjvm.dylib+0x48056a], sa_mask[0]=00100000000000000000000000000000, sa_flags=SA_RESTART|SA_SIGINFO
SIGHUP: [libjvm.dylib+0x47eb41], sa_mask[0]=11111111011111110111111111111111, sa_flags=SA_RESTART|SA_SIGINFO
SIGINT: [libjvm.dylib+0x47eb41], sa_mask[0]=11111111011111110111111111111111, sa_flags=SA_RESTART|SA_SIGINFO
SIGTERM: [libjvm.dylib+0x47eb41], sa_mask[0]=11111111011111110111111111111111, sa_flags=SA_RESTART|SA_SIGINFO
SIGQUIT: [libjvm.dylib+0x47eb41], sa_mask[0]=11111111011111110111111111111111, sa_flags=SA_RESTART|SA_SIGINFO


---------------  S Y S T E M  ---------------

OS:Bsduname:Darwin 15.6.0 Darwin Kernel Version 15.6.0: Thu Jun 23 18:25:34 PDT 2016; root:xnu-3248.60.10~1/RELEASE_X86_64 x86_64
rlimit: STACK 8192k, CORE 0k, NPROC 709, NOFILE 10240, AS infinity
load average:1.54 1.73 1.75

CPU:total 8 (4 cores per cpu, 2 threads per core) family 6 model 70 stepping 1, cmov, cx8, fxsr, mmx, sse, sse2, sse3, ssse3, sse4.1, sse4.2, popcnt, avx, avx2, aes, clmul, erms, rtm, lzcnt, ht, tsc, tscinvbit, bmi1, bmi2

Memory: 4k page, physical 16777216k(321124k free)

/proc/meminfo:


vm_info: Java HotSpot(TM) 64-Bit Server VM (25.60-b23) for bsd-amd64 JRE (1.8.0_60-b27), built on Aug  4 2015 10:47:24 by "java_re" with gcc 4.2.1 (Based on Apple Inc. build 5658) (LLVM build 2336.11.00)

time: Fri Sep  9 23:31:14 2016
elapsed time: 66 seconds (0d 0h 1m 6s)

