#
# A fatal error has been detected by the Java Runtime Environment:
#
#  SIGSEGV (0xb) at pc=0x00007fffafd63b5d, pid=10815, tid=2059
#
# JRE version: Java(TM) SE Runtime Environment (8.0_60-b27) (build 1.8.0_60-b27)
# Java VM: Java HotSpot(TM) 64-Bit Server VM (25.60-b23 mixed mode bsd-amd64 compressed oops)
# Problematic frame:
# C  [libobjc.A.dylib+0x6b5d]  objc_msgSend+0x1d
#
# Failed to write core dump. Core dumps have been disabled. To enable core dumping, try "ulimit -c unlimited" before starting Java again
#
# If you would like to submit a bug report, please visit:
#   http://bugreport.java.com/bugreport/crash.jsp
# The crash happened outside the Java Virtual Machine in native code.
# See problematic frame for where to report the bug.
#

---------------  T H R E A D  ---------------

Current thread (0x00007ffcf68b8800):  JavaThread "AppKit Thread" daemon [_thread_in_native, id=2059, stack(0x00007fff5452c000,0x00007fff54d2c000)]

siginfo: si_signo: 11 (SIGSEGV), si_code: 1 (SEGV_MAPERR), si_addr: 0x000007ffcf5657f8

Registers:
RAX=0x0000000000000000, RBX=0x00007ffcf56470e0, RCX=0x0000000000000000, RDX=0x00000000000fc040
RSP=0x00007fff54d267a8, RBP=0x00007fff54d267d0, RSI=0x00007fff99e3e656, RDI=0x00007ffcf5651400
R8 =0x0000000000000003, R9 =0x0000000000000000, R10=0x000007ffcf5657e0, R11=0x00007fff99e3e656
R12=0x0000000000000094, R13=0x00007fff99e23787, R14=0x00007ffcf5651400, R15=0x0000000000000000
RIP=0x00007fffafd63b5d, EFLAGS=0x0000000000010202, ERR=0x0000000000000004
  TRAPNO=0x000000000000000e

Top of Stack: (sp=0x00007fff54d267a8)
0x00007fff54d267a8:   000000012d5e0598 00007ffcf56470e0
0x00007fff54d267b8:   000000012d614c60 00007ffcf5605250
0x00007fff54d267c8:   00007ffcf5605250 00007fff54d26d40
0x00007fff54d267d8:   00007fff993fce1a 0000000000000000
0x00007fff54d267e8:   0000000000000000 4089000000000000
0x00007fff54d267f8:   4082c00000000000 0000000000000000
0x00007fff54d26808:   0000000000000000 4089000000000000
0x00007fff54d26818:   4082c00000000000 00007fff54d26840
0x00007fff54d26828:   00007fff9bda15f8 0000000000000200
0x00007fff54d26838:   ffff80030a89c2a0 00007ffcf5763d60
0x00007fff54d26848:   00007fffb9293480 00007fff54d268b0
0x00007fff54d26858:   00007fffafd6bd13 00007fffb9293680
0x00007fff54d26868:   0000000199de3f00 00007ffcf5763d60
0x00007fff54d26878:   ffff80030a89c2a0 00007ffcf61189b0
0x00007fff54d26888:   00007ffcf5481080 00007fff99de3f00
0x00007fff54d26898:   00007ffcf56470e0 00007fffafd63b40
0x00007fff54d268a8:   00007fff54d26910 00007fff54d26900
0x00007fff54d268b8:   00007fff99a6281f 401c000000000000
0x00007fff54d268c8:   4082e00000000000 402c000000000000
0x00007fff54d268d8:   0000000000000000 00007fff00000000
0x00007fff54d268e8:   0000000000000000 00007fff99df7010
0x00007fff54d268f8:   00007ffcf5481000 0000000154d26950
0x00007fff54d26908:   00007ffcf5481080 0000000000000088
0x00007fff54d26918:   00007ffcf5517cb0 012c000000000000
0x00007fff54d26928:   00007ffcf56470e0 00007fff54d26950
0x00007fff54d26938:   00007ffcf5481080 00007fff54d26a20
0x00007fff54d26948:   00007ffcf5481080 00007fff54d26990
0x00007fff54d26958:   00007fff994b5572 401c000000000000
0x00007fff54d26968:   4082d80000000000 402c000000000000
0x00007fff54d26978:   4030000000000000 00007fff54d26a20
0x00007fff54d26988:   00007ffcf5481080 00007fff54d26a10
0x00007fff54d26998:   00007fff994b5514 401c000000000000 

Instructions: (pc=0x00007fffafd63b5d)
0x00007fffafd63b3d:   0f 1f 00 48 85 ff 2e 74 62 40 f6 c7 01 2e 75 66
0x00007fffafd63b4d:   49 ba f8 ff ff ff ff 7f 00 00 4c 23 17 49 89 f3
0x00007fffafd63b5d:   45 23 5a 18 49 c1 e3 04 4d 03 5a 10 49 3b 33 75
0x00007fffafd63b6d:   04 41 ff 63 08 49 83 3b 01 76 0d 49 83 c3 10 49 

Register to memory mapping:

RAX=0x0000000000000000 is an unknown value
RBX=0x00007ffcf56470e0 is an unknown value
RCX=0x0000000000000000 is an unknown value
RDX=0x00000000000fc040 is an unknown value
RSP=0x00007fff54d267a8 is pointing into the stack for thread: 0x00007ffcf68b8800
RBP=0x00007fff54d267d0 is pointing into the stack for thread: 0x00007ffcf68b8800
RSI=0x00007fff99e3e656: __NSStyleNameIndexTable+0xcd969 in /System/Library/Frameworks/AppKit.framework/Versions/C/AppKit at 0x00007fff99260000
RDI=0x00007ffcf5651400 is an unknown value
R8 =0x0000000000000003 is an unknown value
R9 =0x0000000000000000 is an unknown value
R10=0x000007ffcf5657e0 is an unknown value
R11=0x00007fff99e3e656: __NSStyleNameIndexTable+0xcd969 in /System/Library/Frameworks/AppKit.framework/Versions/C/AppKit at 0x00007fff99260000
R12=0x0000000000000094 is an unknown value
R13=0x00007fff99e23787: __NSStyleNameIndexTable+0xb2a9a in /System/Library/Frameworks/AppKit.framework/Versions/C/AppKit at 0x00007fff99260000
R14=0x00007ffcf5651400 is an unknown value
R15=0x0000000000000000 is an unknown value


Stack: [0x00007fff5452c000,0x00007fff54d2c000],  sp=0x00007fff54d267a8,  free space=8169k
Native frames: (J=compiled Java code, j=interpreted, Vv=VM code, C=native code)
C  [libobjc.A.dylib+0x6b5d]  objc_msgSend+0x1d
C  [AppKit+0x19ce1a]  -[NSView _recursiveDisplayRectIfNeededIgnoringOpacity:isVisibleRect:rectIsVisibleRectForView:topView:]+0x6ee
C  [AppKit+0x19d670]  -[NSView _recursiveDisplayRectIfNeededIgnoringOpacity:isVisibleRect:rectIsVisibleRectForView:topView:]+0xf44
C  [AppKit+0x19c24f]  -[NSThemeFrame _recursiveDisplayRectIfNeededIgnoringOpacity:isVisibleRect:rectIsVisibleRectForView:topView:]+0x14e
C  [AppKit+0x19a677]  -[NSView _displayRectIgnoringOpacity:isVisibleRect:rectIsVisibleRectForView:]+0x994
C  [AppKit+0x195f60]  -[NSView displayIfNeeded]+0x6d4
C  [AppKit+0x195873]  -[NSWindow displayIfNeeded]+0xe6
C  [AppKit+0x87ae32]  ___NSWindowGetDisplayCycleObserver_block_invoke.6208+0x115
C  [AppKit+0x195355]  __37+[NSDisplayCycle currentDisplayCycle]_block_invoke+0x1c6
C  [QuartzCore+0x11a4a]  CA::Transaction::run_commit_handlers(CATransactionPhase)+0x2e
C  [QuartzCore+0x119270]  CA::Context::commit_transaction(CA::Transaction*)+0xa0
C  [QuartzCore+0x105e5]  CA::Transaction::commit()+0x1db
C  [AppKit+0x46b1cd]  __37+[NSDisplayCycle currentDisplayCycle]_block_invoke.31+0x143
C  [CoreFoundation+0xa6f67]  __CFRUNLOOP_IS_CALLING_OUT_TO_AN_OBSERVER_CALLBACK_FUNCTION__+0x17
C  [CoreFoundation+0xa6ed7]  __CFRunLoopDoObservers+0x187
C  [CoreFoundation+0x87b79]  __CFRunLoopRun+0x369
C  [CoreFoundation+0x875b4]  CFRunLoopRunSpecific+0x1a4
C  [HIToolbox+0x30f6c]  RunCurrentEventLoopInMode+0xf0
C  [HIToolbox+0x30ca9]  ReceiveNextEventCommon+0xb8
C  [HIToolbox+0x30bd6]  _BlockUntilNextEventMatchingListInModeWithFilter+0x47
C  [AppKit+0x475f5]  _DPSNextEvent+0x445
C  [AppKit+0x7578eb]  -[NSApplication(NSEvent) _nextEventMatchingEventMask:untilDate:inMode:dequeue:]+0x665
C  [libosxapp.dylib+0x23aa]  -[NSApplicationAWT nextEventMatchingMask:untilDate:inMode:dequeue:]+0x7c
C  [AppKit+0x3bfbd]  -[NSApplication run]+0x39e
C  [libosxapp.dylib+0x214d]  +[NSApplicationAWT runAWTLoopWithApp:]+0x9c
C  [libawt_lwawt.dylib+0x44517]  -[AWTStarter starter:]+0x389
C  [Foundation+0x71f2a]  __NSThreadPerformPerform+0x146
C  [CoreFoundation+0xa7551]  __CFRUNLOOP_IS_CALLING_OUT_TO_A_SOURCE0_PERFORM_FUNCTION__+0x11
C  [CoreFoundation+0x886bd]  __CFRunLoopDoSources0+0x22d
C  [CoreFoundation+0x87bb6]  __CFRunLoopRun+0x3a6
C  [CoreFoundation+0x875b4]  CFRunLoopRunSpecific+0x1a4
C  [java+0x6463]  CreateExecutionEnvironment+0x367
C  [java+0x21ac]  JLI_Launch+0x7a0
C  [java+0x84c0]  main+0x65
C  [java+0x1a04]  start+0x34
C  0x0000000000000006


---------------  P R O C E S S  ---------------

Java Threads: ( => current thread )
  0x00007ffcf9033000 JavaThread "Java2D Queue Flusher" daemon [_thread_blocked, id=67079, stack(0x000070000771b000,0x000070000781b000)]
  0x00007ffcf61c6800 JavaThread "Java2D Disposer" daemon [_thread_blocked, id=58151, stack(0x0000700007618000,0x0000700007718000)]
  0x00007ffcf58a1800 JavaThread "AWT-Shutdown" [_thread_blocked, id=32287, stack(0x0000700007309000,0x0000700007409000)]
=>0x00007ffcf68b8800 JavaThread "AppKit Thread" daemon [_thread_in_native, id=2059, stack(0x00007fff5452c000,0x00007fff54d2c000)]
  0x00007ffcf682f800 JavaThread "Service Thread" daemon [_thread_blocked, id=20995, stack(0x0000700007080000,0x0000700007180000)]
  0x00007ffcf6035000 JavaThread "C1 CompilerThread3" daemon [_thread_blocked, id=20483, stack(0x0000700006f7d000,0x000070000707d000)]
  0x00007ffcf702b000 JavaThread "C2 CompilerThread2" daemon [_thread_blocked, id=19971, stack(0x0000700006e7a000,0x0000700006f7a000)]
  0x00007ffcf583e800 JavaThread "C2 CompilerThread1" daemon [_thread_blocked, id=19459, stack(0x0000700006d77000,0x0000700006e77000)]
  0x00007ffcf5852800 JavaThread "C2 CompilerThread0" daemon [_thread_blocked, id=18947, stack(0x0000700006c74000,0x0000700006d74000)]
  0x00007ffcf5840000 JavaThread "Signal Dispatcher" daemon [_thread_blocked, id=18435, stack(0x0000700006b71000,0x0000700006c71000)]
  0x00007ffcf6803000 JavaThread "Finalizer" daemon [_thread_blocked, id=14595, stack(0x0000700006a6e000,0x0000700006b6e000)]
  0x00007ffcf6802000 JavaThread "Reference Handler" daemon [_thread_blocked, id=14083, stack(0x000070000696b000,0x0000700006a6b000)]
  0x00007ffcf6007000 JavaThread "main" [_thread_in_native, id=7171, stack(0x0000700005f4d000,0x000070000604d000)]

Other Threads:
  0x00007ffcf583a000 VMThread [stack: 0x0000700006868000,0x0000700006968000] [id=13571]
  0x00007ffcf6838000 WatcherThread [stack: 0x0000700007183000,0x0000700007283000] [id=21507]

VM state:not at safepoint (normal execution)

VM Mutex/Monitor currently owned by a thread: None

Heap:
 PSYoungGen      total 76288K, used 26491K [0x000000076ab00000, 0x0000000770000000, 0x00000007c0000000)
  eden space 65536K, 40% used [0x000000076ab00000,0x000000076c4defd0,0x000000076eb00000)
  from space 10752K, 0% used [0x000000076f580000,0x000000076f580000,0x0000000770000000)
  to   space 10752K, 0% used [0x000000076eb00000,0x000000076eb00000,0x000000076f580000)
 ParOldGen       total 175104K, used 0K [0x00000006c0000000, 0x00000006cab00000, 0x000000076ab00000)
  object space 175104K, 0% used [0x00000006c0000000,0x00000006c0000000,0x00000006cab00000)
 Metaspace       used 10888K, capacity 11041K, committed 11264K, reserved 1058816K
  class space    used 1149K, capacity 1215K, committed 1280K, reserved 1048576K

Card table byte_map: [0x000000010d349000,0x000000010db4a000] byte_map_base: 0x0000000109d49000

Marking Bits: (ParMarkBitMap*) 0x000000010c8dee20
 Begin Bits: [0x000000010e0a0000, 0x00000001120a0000)
 End Bits:   [0x00000001120a0000, 0x00000001160a0000)

Polling page: 0x000000010af94000

CodeCache: size=245760Kb used=4296Kb max_used=4296Kb free=241463Kb
 bounds [0x0000000118880000, 0x0000000118cc0000, 0x0000000127880000]
 total_blobs=1576 nmethods=1053 adapters=437
 compilation: enabled

Compilation events (10 events):
Event: 18.216 Thread 0x00007ffcf6035000 nmethod 1049 0x0000000118c7a910 code [0x0000000118c7aa80, 0x0000000118c7ac48]
Event: 18.216 Thread 0x00007ffcf6035000 1050       3       sun.awt.AWTAutoShutdown::notifyToolkitThreadFree (8 bytes)
Event: 18.216 Thread 0x00007ffcf6035000 nmethod 1050 0x0000000118c7a510 code [0x0000000118c7a680, 0x0000000118c7a848]
Event: 18.316 Thread 0x00007ffcf702b000 1052   !   4       org.newdawn.slick.Input::getControllerCount (25 bytes)
Event: 18.316 Thread 0x00007ffcf6035000 1051       3       org.newdawn.slick.Input::poll (1561 bytes)
Event: 18.317 Thread 0x00007ffcf702b000 nmethod 1052 0x0000000118c78d50 code [0x0000000118c78ea0, 0x0000000118c78f38]
Event: 18.325 Thread 0x00007ffcf6035000 nmethod 1051 0x0000000118ca3d50 code [0x0000000118ca4e60, 0x0000000118cb2598]
Event: 18.448 Thread 0x00007ffcf6035000 1053  s    3       sun.misc.URLClassPath::getLookupCache (98 bytes)
Event: 18.449 Thread 0x00007ffcf6035000 nmethod 1053 0x0000000118c79c90 code [0x0000000118c79e20, 0x0000000118c7a398]
Event: 18.449 Thread 0x00007ffcf6035000 1054       3       java.util.WeakHashMap::remove (133 bytes)

GC Heap History (0 events):
No events

Deoptimization events (10 events):
Event: 1.331 Thread 0x00007ffcf6007000 Uncommon trap: reason=unstable_if action=reinterpret pc=0x0000000118a18650 method=java.lang.String.indexOf([CII[CIII)I @ 3
Event: 1.335 Thread 0x00007ffcf6007000 Uncommon trap: reason=class_check action=maybe_recompile pc=0x0000000118aa324c method=java.util.HashMap.putVal(ILjava/lang/Object;Ljava/lang/Object;ZZ)Ljava/lang/Object; @ 253
Event: 1.335 Thread 0x00007ffcf6007000 Uncommon trap: reason=class_check action=maybe_recompile pc=0x0000000118aa324c method=java.util.HashMap.putVal(ILjava/lang/Object;Ljava/lang/Object;ZZ)Ljava/lang/Object; @ 253
Event: 1.335 Thread 0x00007ffcf6007000 Uncommon trap: reason=class_check action=maybe_recompile pc=0x0000000118aa324c method=java.util.HashMap.putVal(ILjava/lang/Object;Ljava/lang/Object;ZZ)Ljava/lang/Object; @ 253
Event: 1.335 Thread 0x00007ffcf6007000 Uncommon trap: reason=class_check action=maybe_recompile pc=0x0000000118aa324c method=java.util.HashMap.putVal(ILjava/lang/Object;Ljava/lang/Object;ZZ)Ljava/lang/Object; @ 253
Event: 1.430 Thread 0x00007ffcf6007000 Uncommon trap: reason=unstable_if action=reinterpret pc=0x0000000118b53998 method=java.awt.image.ComponentColorModel.extractComponent(Ljava/lang/Object;II)I @ 497
Event: 1.459 Thread 0x00007ffcf6007000 Uncommon trap: reason=unstable_if action=reinterpret pc=0x0000000118b74650 method=java.awt.image.ComponentColorModel.getDataElements(ILjava/lang/Object;)Ljava/lang/Object; @ 2993
Event: 1.460 Thread 0x00007ffcf6007000 Uncommon trap: reason=unstable_if action=reinterpret pc=0x0000000118b545ec method=sun.awt.image.ByteInterleavedRaster.getDataElements(IILjava/lang/Object;)Ljava/lang/Object; @ 43
Event: 18.065 Thread 0x00007ffcf6007000 Uncommon trap: reason=unstable_if action=reinterpret pc=0x0000000118c9f4e8 method=org.newdawn.slick.Input.poll(II)V @ 1039
Event: 18.427 Thread 0x00007ffcf6007000 Uncommon trap: reason=unstable_if action=reinterpret pc=0x0000000118c78560 method=org.newdawn.slick.AppGameContainer.gameLoop()V @ 60

Internal exceptions (10 events):
Event: 0.127 Thread 0x00007ffcf6007000 Exception <a 'java/lang/NoSuchFieldError': method resolution failed> (0x000000076b021fb8) thrown at [/Users/java_re/workspace/8-2-build-macosx-x86_64/jdk8u60/4407/hotspot/src/share/vm/prims/methodHandles.cpp, line 1146]
Event: 0.272 Thread 0x00007ffcf6007000 Exception <a 'java/io/FileNotFoundException'> (0x000000076b09d180) thrown at [/Users/java_re/workspace/8-2-build-macosx-x86_64/jdk8u60/4407/hotspot/src/share/vm/prims/jni.cpp, line 709]
Event: 0.272 Thread 0x00007ffcf6007000 Exception <a 'java/io/FileNotFoundException'> (0x000000076b09dd10) thrown at [/Users/java_re/workspace/8-2-build-macosx-x86_64/jdk8u60/4407/hotspot/src/share/vm/prims/jni.cpp, line 709]
Event: 1.113 Thread 0x00007ffcf6007000 Exception <a 'java/io/IOException'> (0x000000076b6762f0) thrown at [/Users/java_re/workspace/8-2-build-macosx-x86_64/jdk8u60/4407/hotspot/src/share/vm/prims/jni.cpp, line 709]
Event: 1.113 Thread 0x00007ffcf6007000 Exception <a 'java/io/IOException'> (0x000000076b676bd8) thrown at [/Users/java_re/workspace/8-2-build-macosx-x86_64/jdk8u60/4407/hotspot/src/share/vm/prims/jni.cpp, line 709]
Event: 1.113 Thread 0x00007ffcf6007000 Exception <a 'java/io/IOException'> (0x000000076b677430) thrown at [/Users/java_re/workspace/8-2-build-macosx-x86_64/jdk8u60/4407/hotspot/src/share/vm/prims/jni.cpp, line 709]
Event: 1.113 Thread 0x00007ffcf6007000 Exception <a 'java/io/IOException'> (0x000000076b677c88) thrown at [/Users/java_re/workspace/8-2-build-macosx-x86_64/jdk8u60/4407/hotspot/src/share/vm/prims/jni.cpp, line 709]
Event: 1.377 Thread 0x00007ffcf6007000 Exception <a 'java/io/FileNotFoundException'> (0x000000076bc9a658) thrown at [/Users/java_re/workspace/8-2-build-macosx-x86_64/jdk8u60/4407/hotspot/src/share/vm/prims/jni.cpp, line 709]
Event: 1.459 Thread 0x00007ffcf6007000 Implicit null exception at 0x0000000118b74066 to 0x0000000118b74635
Event: 1.460 Thread 0x00007ffcf6007000 Implicit null exception at 0x0000000118b543a4 to 0x0000000118b545d1

Events (10 events):
Event: 4.092 Executing VM operation: EnableBiasedLocking
Event: 4.092 Executing VM operation: EnableBiasedLocking done
Event: 18.065 Thread 0x00007ffcf6007000 Uncommon trap: trap_request=0xffffff65 fr.pc=0x0000000118c9f4e8
Event: 18.065 Thread 0x00007ffcf6007000 DEOPT PACKING pc=0x0000000118c9f4e8 sp=0x000070000604c670
Event: 18.065 Thread 0x00007ffcf6007000 DEOPT UNPACKING pc=0x0000000118885229 sp=0x000070000604c630 mode 2
Event: 18.427 Thread 0x00007ffcf6007000 Uncommon trap: trap_request=0xffffff65 fr.pc=0x0000000118c78560
Event: 18.427 Thread 0x00007ffcf6007000 DEOPT PACKING pc=0x0000000118c78560 sp=0x000070000604c840
Event: 18.427 Thread 0x00007ffcf6007000 DEOPT UNPACKING pc=0x0000000118885229 sp=0x000070000604c808 mode 2
Event: 18.448 loading class org/lwjgl/opengl/CallbackUtil
Event: 18.448 loading class org/lwjgl/opengl/CallbackUtil done


Dynamic libraries:
0x0000000026413000 	/System/Library/Frameworks/Cocoa.framework/Versions/A/Cocoa
0x0000000026413000 	/System/Library/Frameworks/Security.framework/Versions/A/Security
0x0000000026413000 	/System/Library/Frameworks/ApplicationServices.framework/Versions/A/ApplicationServices
0x0000000026413000 	/usr/lib/libz.1.dylib
0x0000000026413000 	/usr/lib/libSystem.B.dylib
0x0000000026413000 	/usr/lib/libobjc.A.dylib
0x0000000026413000 	/System/Library/Frameworks/CoreFoundation.framework/Versions/A/CoreFoundation
0x0000000026413000 	/System/Library/Frameworks/Foundation.framework/Versions/C/Foundation
0x0000000026413000 	/System/Library/Frameworks/AppKit.framework/Versions/C/AppKit
0x0000000026413000 	/System/Library/Frameworks/CoreData.framework/Versions/A/CoreData
0x0000000026413000 	/System/Library/PrivateFrameworks/RemoteViewServices.framework/Versions/A/RemoteViewServices
0x0000000026413000 	/System/Library/PrivateFrameworks/UIFoundation.framework/Versions/A/UIFoundation
0x0000000026413000 	/usr/lib/libenergytrace.dylib
0x0000000026413000 	/System/Library/PrivateFrameworks/SkyLight.framework/Versions/A/SkyLight
0x0000000026413000 	/System/Library/Frameworks/CoreGraphics.framework/Versions/A/CoreGraphics
0x0000000026413000 	/usr/lib/libScreenReader.dylib
0x0000000026413000 	/System/Library/Frameworks/Accelerate.framework/Versions/A/Accelerate
0x0000000026413000 	/System/Library/Frameworks/IOSurface.framework/Versions/A/IOSurface
0x0000000026413000 	/System/Library/Frameworks/AudioToolbox.framework/Versions/A/AudioToolbox
0x0000000026413000 	/System/Library/Frameworks/AudioUnit.framework/Versions/A/AudioUnit
0x0000000026413000 	/System/Library/PrivateFrameworks/DataDetectorsCore.framework/Versions/A/DataDetectorsCore
0x0000000026413000 	/System/Library/PrivateFrameworks/DesktopServicesPriv.framework/Versions/A/DesktopServicesPriv
0x0000000026413000 	/System/Library/Frameworks/Carbon.framework/Versions/A/Frameworks/HIToolbox.framework/Versions/A/HIToolbox
0x0000000026413000 	/usr/lib/libicucore.A.dylib
0x0000000026413000 	/System/Library/Frameworks/QuartzCore.framework/Versions/A/QuartzCore
0x0000000026413000 	/System/Library/Frameworks/Carbon.framework/Versions/A/Frameworks/SpeechRecognition.framework/Versions/A/SpeechRecognition
0x0000000026413000 	/usr/lib/libauto.dylib
0x0000000026413000 	/usr/lib/libxml2.2.dylib
0x0000000026413000 	/System/Library/PrivateFrameworks/CoreUI.framework/Versions/A/CoreUI
0x0000000026413000 	/System/Library/Frameworks/CoreAudio.framework/Versions/A/CoreAudio
0x0000000026413000 	/System/Library/Frameworks/DiskArbitration.framework/Versions/A/DiskArbitration
0x0000000026413000 	/usr/lib/liblangid.dylib
0x0000000026413000 	/System/Library/PrivateFrameworks/MultitouchSupport.framework/Versions/A/MultitouchSupport
0x0000000026413000 	/System/Library/Frameworks/IOKit.framework/Versions/A/IOKit
0x0000000026413000 	/usr/lib/libDiagnosticMessagesClient.dylib
0x0000000026413000 	/System/Library/Frameworks/CoreServices.framework/Versions/A/CoreServices
0x0000000026413000 	/System/Library/PrivateFrameworks/PerformanceAnalysis.framework/Versions/A/PerformanceAnalysis
0x0000000026413000 	/System/Library/PrivateFrameworks/GenerationalStorage.framework/Versions/A/GenerationalStorage
0x0000000026413000 	/System/Library/Frameworks/OpenGL.framework/Versions/A/OpenGL
0x0000000026413000 	/System/Library/Frameworks/CoreImage.framework/Versions/A/CoreImage
0x0000000026413000 	/System/Library/Frameworks/CoreText.framework/Versions/A/CoreText
0x0000000026413000 	/System/Library/Frameworks/ImageIO.framework/Versions/A/ImageIO
0x0000000026413000 	/System/Library/PrivateFrameworks/Backup.framework/Versions/A/Backup
0x0000000026413000 	/usr/lib/libarchive.2.dylib
0x0000000026413000 	/System/Library/Frameworks/CFNetwork.framework/Versions/A/CFNetwork
0x0000000026413000 	/System/Library/Frameworks/SystemConfiguration.framework/Versions/A/SystemConfiguration
0x0000000026413000 	/usr/lib/libCRFSuite.dylib
0x0000000026413000 	/usr/lib/libc++.1.dylib
0x0000000026413000 	/usr/lib/libc++abi.dylib
0x0000000026413000 	/usr/lib/system/libcache.dylib
0x0000000026413000 	/usr/lib/system/libcommonCrypto.dylib
0x0000000026413000 	/usr/lib/system/libcompiler_rt.dylib
0x0000000026413000 	/usr/lib/system/libcopyfile.dylib
0x0000000026413000 	/usr/lib/system/libcorecrypto.dylib
0x0000000026413000 	/usr/lib/system/libdispatch.dylib
0x0000000026413000 	/usr/lib/system/libdyld.dylib
0x0000000026413000 	/usr/lib/system/libkeymgr.dylib
0x0000000026413000 	/usr/lib/system/liblaunch.dylib
0x0000000026413000 	/usr/lib/system/libmacho.dylib
0x0000000026413000 	/usr/lib/system/libquarantine.dylib
0x0000000026413000 	/usr/lib/system/libremovefile.dylib
0x0000000026413000 	/usr/lib/system/libsystem_asl.dylib
0x0000000026413000 	/usr/lib/system/libsystem_blocks.dylib
0x0000000026413000 	/usr/lib/system/libsystem_c.dylib
0x0000000026413000 	/usr/lib/system/libsystem_configuration.dylib
0x0000000026413000 	/usr/lib/system/libsystem_coreservices.dylib
0x0000000026413000 	/usr/lib/system/libsystem_coretls.dylib
0x0000000026413000 	/usr/lib/system/libsystem_dnssd.dylib
0x0000000026413000 	/usr/lib/system/libsystem_info.dylib
0x0000000026413000 	/usr/lib/system/libsystem_kernel.dylib
0x0000000026413000 	/usr/lib/system/libsystem_m.dylib
0x0000000026413000 	/usr/lib/system/libsystem_malloc.dylib
0x0000000026413000 	/usr/lib/system/libsystem_network.dylib
0x0000000026413000 	/usr/lib/system/libsystem_networkextension.dylib
0x0000000026413000 	/usr/lib/system/libsystem_notify.dylib
0x0000000026413000 	/usr/lib/system/libsystem_platform.dylib
0x0000000026413000 	/usr/lib/system/libsystem_pthread.dylib
0x0000000026413000 	/usr/lib/system/libsystem_sandbox.dylib
0x0000000026413000 	/usr/lib/system/libsystem_secinit.dylib
0x0000000026413000 	/usr/lib/system/libsystem_symptoms.dylib
0x0000000026413000 	/usr/lib/system/libsystem_trace.dylib
0x0000000026413000 	/usr/lib/system/libunwind.dylib
0x0000000026413000 	/usr/lib/system/libxpc.dylib
0x0000000026413000 	/usr/lib/libbsm.0.dylib
0x0000000026413000 	/usr/lib/system/libkxld.dylib
0x0000000026413000 	/usr/lib/libcoretls.dylib
0x0000000026413000 	/usr/lib/libcoretls_cfhelpers.dylib
0x0000000026413000 	/usr/lib/libxar.1.dylib
0x0000000026413000 	/usr/lib/libsqlite3.dylib
0x0000000026413000 	/usr/lib/libpam.2.dylib
0x0000000026413000 	/usr/lib/libOpenScriptingUtil.dylib
0x0000000026413000 	/usr/lib/libbz2.1.0.dylib
0x0000000026413000 	/usr/lib/liblzma.5.dylib
0x0000000026413000 	/usr/lib/libnetwork.dylib
0x0000000026413000 	/usr/lib/libpcap.A.dylib
0x0000000026413000 	/System/Library/Frameworks/CoreServices.framework/Versions/A/Frameworks/FSEvents.framework/Versions/A/FSEvents
0x0000000026413000 	/System/Library/Frameworks/CoreServices.framework/Versions/A/Frameworks/CarbonCore.framework/Versions/A/CarbonCore
0x0000000026413000 	/System/Library/Frameworks/CoreServices.framework/Versions/A/Frameworks/Metadata.framework/Versions/A/Metadata
0x0000000026413000 	/System/Library/Frameworks/CoreServices.framework/Versions/A/Frameworks/OSServices.framework/Versions/A/OSServices
0x0000000026413000 	/System/Library/Frameworks/CoreServices.framework/Versions/A/Frameworks/SearchKit.framework/Versions/A/SearchKit
0x0000000026413000 	/System/Library/Frameworks/CoreServices.framework/Versions/A/Frameworks/AE.framework/Versions/A/AE
0x0000000026413000 	/System/Library/Frameworks/CoreServices.framework/Versions/A/Frameworks/LaunchServices.framework/Versions/A/LaunchServices
0x0000000026413000 	/System/Library/Frameworks/CoreServices.framework/Versions/A/Frameworks/DictionaryServices.framework/Versions/A/DictionaryServices
0x0000000026413000 	/System/Library/Frameworks/CoreServices.framework/Versions/A/Frameworks/SharedFileList.framework/Versions/A/SharedFileList
0x0000000026413000 	/System/Library/Frameworks/NetFS.framework/Versions/A/NetFS
0x0000000026413000 	/System/Library/PrivateFrameworks/NetAuth.framework/Versions/A/NetAuth
0x0000000026413000 	/System/Library/PrivateFrameworks/login.framework/Versions/A/Frameworks/loginsupport.framework/Versions/A/loginsupport
0x0000000026413000 	/System/Library/PrivateFrameworks/TCC.framework/Versions/A/TCC
0x0000000026413000 	/usr/lib/libmecabra.dylib
0x0000000026413000 	/System/Library/Frameworks/ApplicationServices.framework/Versions/A/Frameworks/ATS.framework/Versions/A/ATS
0x0000000026413000 	/System/Library/Frameworks/ApplicationServices.framework/Versions/A/Frameworks/ColorSync.framework/Versions/A/ColorSync
0x0000000026413000 	/System/Library/Frameworks/ApplicationServices.framework/Versions/A/Frameworks/HIServices.framework/Versions/A/HIServices
0x0000000026413000 	/System/Library/Frameworks/ApplicationServices.framework/Versions/A/Frameworks/LangAnalysis.framework/Versions/A/LangAnalysis
0x0000000026413000 	/System/Library/Frameworks/ApplicationServices.framework/Versions/A/Frameworks/PrintCore.framework/Versions/A/PrintCore
0x0000000026413000 	/System/Library/Frameworks/ApplicationServices.framework/Versions/A/Frameworks/QD.framework/Versions/A/QD
0x0000000026413000 	/System/Library/Frameworks/ApplicationServices.framework/Versions/A/Frameworks/SpeechSynthesis.framework/Versions/A/SpeechSynthesis
0x0000000026413000 	/System/Library/Frameworks/Accelerate.framework/Versions/A/Frameworks/vImage.framework/Versions/A/vImage
0x0000000026413000 	/System/Library/Frameworks/Accelerate.framework/Versions/A/Frameworks/vecLib.framework/Versions/A/vecLib
0x0000000026413000 	/System/Library/Frameworks/Accelerate.framework/Versions/A/Frameworks/vecLib.framework/Versions/A/libvDSP.dylib
0x0000000026413000 	/System/Library/Frameworks/Accelerate.framework/Versions/A/Frameworks/vecLib.framework/Versions/A/libBNNS.dylib
0x0000000026413000 	/System/Library/Frameworks/Accelerate.framework/Versions/A/Frameworks/vecLib.framework/Versions/A/libQuadrature.dylib
0x0000000026413000 	/System/Library/Frameworks/Accelerate.framework/Versions/A/Frameworks/vecLib.framework/Versions/A/libvMisc.dylib
0x0000000026413000 	/System/Library/Frameworks/Accelerate.framework/Versions/A/Frameworks/vecLib.framework/Versions/A/libLAPACK.dylib
0x0000000026413000 	/System/Library/Frameworks/Accelerate.framework/Versions/A/Frameworks/vecLib.framework/Versions/A/libBLAS.dylib
0x0000000026413000 	/System/Library/Frameworks/Accelerate.framework/Versions/A/Frameworks/vecLib.framework/Versions/A/libLinearAlgebra.dylib
0x0000000026413000 	/System/Library/Frameworks/Accelerate.framework/Versions/A/Frameworks/vecLib.framework/Versions/A/libSparseBLAS.dylib
0x0000000026413000 	/System/Library/Frameworks/ApplicationServices.framework/Versions/A/Frameworks/ATS.framework/Versions/A/Resources/libFontParser.dylib
0x0000000026413000 	/System/Library/Frameworks/ApplicationServices.framework/Versions/A/Frameworks/ATS.framework/Versions/A/Resources/libFontRegistry.dylib
0x0000000026413000 	/System/Library/Frameworks/ImageIO.framework/Versions/A/Resources/libJPEG.dylib
0x0000000026413000 	/System/Library/Frameworks/ImageIO.framework/Versions/A/Resources/libTIFF.dylib
0x0000000026413000 	/System/Library/Frameworks/ImageIO.framework/Versions/A/Resources/libPng.dylib
0x0000000026413000 	/System/Library/Frameworks/ImageIO.framework/Versions/A/Resources/libGIF.dylib
0x0000000026413000 	/System/Library/Frameworks/ImageIO.framework/Versions/A/Resources/libJP2.dylib
0x0000000026413000 	/System/Library/Frameworks/ImageIO.framework/Versions/A/Resources/libRadiance.dylib
0x0000000026413000 	/usr/lib/libcompression.dylib
0x0000000026413000 	/System/Library/PrivateFrameworks/AppleJPEG.framework/Versions/A/AppleJPEG
0x0000000026413000 	/usr/lib/libcups.2.dylib
0x0000000026413000 	/System/Library/Frameworks/Kerberos.framework/Versions/A/Kerberos
0x0000000026413000 	/System/Library/Frameworks/GSS.framework/Versions/A/GSS
0x0000000026413000 	/usr/lib/libresolv.9.dylib
0x0000000026413000 	/usr/lib/libiconv.2.dylib
0x0000000026413000 	/System/Library/PrivateFrameworks/Heimdal.framework/Versions/A/Heimdal
0x0000000026413000 	/usr/lib/libheimdal-asn1.dylib
0x0000000026413000 	/System/Library/Frameworks/OpenDirectory.framework/Versions/A/OpenDirectory
0x0000000026413000 	/System/Library/PrivateFrameworks/CommonAuth.framework/Versions/A/CommonAuth
0x0000000026413000 	/System/Library/Frameworks/OpenDirectory.framework/Versions/A/Frameworks/CFOpenDirectory.framework/Versions/A/CFOpenDirectory
0x0000000026413000 	/System/Library/Frameworks/SecurityFoundation.framework/Versions/A/SecurityFoundation
0x0000000026413000 	/System/Library/PrivateFrameworks/LanguageModeling.framework/Versions/A/LanguageModeling
0x0000000026413000 	/usr/lib/libmarisa.dylib
0x0000000026413000 	/usr/lib/libChineseTokenizer.dylib
0x0000000026413000 	/usr/lib/libcmph.dylib
0x0000000026413000 	/System/Library/PrivateFrameworks/CoreEmoji.framework/Versions/A/CoreEmoji
0x0000000026413000 	/System/Library/Frameworks/ServiceManagement.framework/Versions/A/ServiceManagement
0x0000000026413000 	/usr/lib/libxslt.1.dylib
0x0000000026413000 	/System/Library/Frameworks/Carbon.framework/Versions/A/Frameworks/Ink.framework/Versions/A/Ink
0x0000000026413000 	/System/Library/PrivateFrameworks/TextureIO.framework/Versions/A/TextureIO
0x0000000026413000 	/System/Library/Frameworks/Metal.framework/Versions/A/Metal
0x0000000026413000 	/usr/lib/libate.dylib
0x0000000026413000 	/System/Library/PrivateFrameworks/GPUCompiler.framework/libmetal_timestamp.dylib
0x0000000026413000 	/System/Library/Frameworks/OpenGL.framework/Versions/A/Libraries/libCoreFSCache.dylib
0x0000000026413000 	/System/Library/PrivateFrameworks/IOAccelerator.framework/Versions/A/IOAccelerator
0x0000000026413000 	/System/Library/Frameworks/CoreVideo.framework/Versions/A/CoreVideo
0x0000000026413000 	/usr/lib/libFosl_dynamic.dylib
0x0000000026413000 	/System/Library/PrivateFrameworks/MetalPerformanceShaders.framework/Versions/A/MetalPerformanceShaders
0x0000000026413000 	/System/Library/PrivateFrameworks/FaceCore.framework/Versions/A/FaceCore
0x0000000026413000 	/System/Library/Frameworks/OpenCL.framework/Versions/A/OpenCL
0x0000000026413000 	/System/Library/Frameworks/OpenGL.framework/Versions/A/Libraries/libGLU.dylib
0x0000000026413000 	/System/Library/Frameworks/OpenGL.framework/Versions/A/Libraries/libGFXShared.dylib
0x0000000026413000 	/System/Library/Frameworks/OpenGL.framework/Versions/A/Libraries/libGL.dylib
0x0000000026413000 	/System/Library/Frameworks/OpenGL.framework/Versions/A/Libraries/libGLImage.dylib
0x0000000026413000 	/System/Library/Frameworks/OpenGL.framework/Versions/A/Libraries/libCVMSPluginSupport.dylib
0x0000000026413000 	/System/Library/Frameworks/OpenGL.framework/Versions/A/Libraries/libCoreVMClient.dylib
0x0000000026413000 	/System/Library/PrivateFrameworks/CrashReporterSupport.framework/Versions/A/CrashReporterSupport
0x0000000026413000 	/System/Library/PrivateFrameworks/Sharing.framework/Versions/A/Sharing
0x0000000026413000 	/System/Library/PrivateFrameworks/IconServices.framework/Versions/A/IconServices
0x0000000026413000 	/System/Library/PrivateFrameworks/ProtocolBuffer.framework/Versions/A/ProtocolBuffer
0x0000000026413000 	/System/Library/PrivateFrameworks/Apple80211.framework/Versions/A/Apple80211
0x0000000026413000 	/System/Library/Frameworks/CoreWLAN.framework/Versions/A/CoreWLAN
0x0000000026413000 	/System/Library/PrivateFrameworks/CoreUtils.framework/Versions/A/CoreUtils
0x0000000026413000 	/System/Library/Frameworks/IOBluetooth.framework/Versions/A/IOBluetooth
0x0000000026413000 	/System/Library/PrivateFrameworks/CoreWiFi.framework/Versions/A/CoreWiFi
0x0000000026413000 	/System/Library/Frameworks/CoreBluetooth.framework/Versions/A/CoreBluetooth
0x0000000026413000 	/System/Library/Frameworks/CoreDisplay.framework/Versions/A/CoreDisplay
0x0000000026413000 	/System/Library/PrivateFrameworks/IOPresentment.framework/Versions/A/IOPresentment
0x0000000026413000 	/System/Library/PrivateFrameworks/DebugSymbols.framework/Versions/A/DebugSymbols
0x0000000026413000 	/System/Library/PrivateFrameworks/CoreSymbolication.framework/Versions/A/CoreSymbolication
0x0000000026413000 	/System/Library/PrivateFrameworks/Symbolication.framework/Versions/A/Symbolication
0x0000000026413000 	/System/Library/PrivateFrameworks/AppleFSCompression.framework/Versions/A/AppleFSCompression
0x0000000026413000 	/System/Library/PrivateFrameworks/SpeechRecognitionCore.framework/Versions/A/SpeechRecognitionCore
0x0000000026413000 	/System/Library/PrivateFrameworks/ChunkingLibrary.framework/Versions/A/ChunkingLibrary
0x000000010c000000 	/Library/Java/JavaVirtualMachines/jdk1.8.0_60.jdk/Contents/Home/jre/lib/server/libjvm.dylib
0x0000000026413000 	/usr/lib/libstdc++.6.dylib
0x000000010af51000 	/Library/Java/JavaVirtualMachines/jdk1.8.0_60.jdk/Contents/Home/jre/lib/libverify.dylib
0x000000010af5f000 	/Library/Java/JavaVirtualMachines/jdk1.8.0_60.jdk/Contents/Home/jre/lib/libjava.dylib
0x000000010af9e000 	/Library/Java/JavaVirtualMachines/jdk1.8.0_60.jdk/Contents/Home/jre/lib/libzip.dylib
0x0000000128080000 	/System/Library/Frameworks/JavaVM.framework/Frameworks/JavaRuntimeSupport.framework/JavaRuntimeSupport
0x000000012809a000 	/System/Library/Frameworks/JavaVM.framework/Versions/A/Frameworks/JavaNativeFoundation.framework/Versions/A/JavaNativeFoundation
0x00000001280af000 	/System/Library/Frameworks/JavaVM.framework/Versions/A/JavaVM
0x0000000026413000 	/System/Library/Frameworks/Carbon.framework/Versions/A/Carbon
0x00000001280bc000 	/System/Library/PrivateFrameworks/JavaLaunching.framework/Versions/A/JavaLaunching
0x0000000026413000 	/System/Library/Frameworks/Carbon.framework/Versions/A/Frameworks/CommonPanels.framework/Versions/A/CommonPanels
0x0000000026413000 	/System/Library/Frameworks/Carbon.framework/Versions/A/Frameworks/Help.framework/Versions/A/Help
0x0000000026413000 	/System/Library/Frameworks/Carbon.framework/Versions/A/Frameworks/ImageCapture.framework/Versions/A/ImageCapture
0x0000000026413000 	/System/Library/Frameworks/Carbon.framework/Versions/A/Frameworks/OpenScripting.framework/Versions/A/OpenScripting
0x0000000026413000 	/System/Library/Frameworks/Carbon.framework/Versions/A/Frameworks/Print.framework/Versions/A/Print
0x0000000026413000 	/System/Library/Frameworks/Carbon.framework/Versions/A/Frameworks/SecurityHI.framework/Versions/A/SecurityHI
0x00000001299d7000 	/Library/Java/JavaVirtualMachines/jdk1.8.0_60.jdk/Contents/Home/jre/lib/libawt.dylib
0x0000000129a7f000 	/Library/Java/JavaVirtualMachines/jdk1.8.0_60.jdk/Contents/Home/jre/lib/./libmlib_image.dylib
0x0000000129b4b000 	/Library/Java/JavaVirtualMachines/jdk1.8.0_60.jdk/Contents/Home/jre/lib/libawt_lwawt.dylib
0x0000000129c00000 	/Library/Java/JavaVirtualMachines/jdk1.8.0_60.jdk/Contents/Home/jre/lib/./libosxapp.dylib
0x0000000026413000 	/System/Library/Frameworks/ExceptionHandling.framework/Versions/A/ExceptionHandling
0x0000000026413000 	/System/Library/PrivateFrameworks/CoreServicesInternal.framework/Versions/A/CoreServicesInternal
0x0000000026413000 	/System/Library/CoreServices/RawCamera.bundle/Contents/MacOS/RawCamera
0x0000000026413000 	/System/Library/Frameworks/Accelerate.framework/Versions/A/Frameworks/vImage.framework/Versions/A/Libraries/libCGInterfaces.dylib
0x0000000026413000 	/System/Library/Frameworks/ApplicationServices.framework/Versions/A/Frameworks/ATS.framework/Versions/A/Resources/libTrueTypeScaler.dylib
0x0000000026413000 	/System/Library/Frameworks/OpenGL.framework/Versions/A/Resources/GLEngine.bundle/GLEngine
0x0000000026413000 	/System/Library/Frameworks/OpenGL.framework/Versions/A/Libraries/libGLProgrammability.dylib
0x000000012b9b2000 	/System/Library/Extensions/AppleIntelHD5000GraphicsGLDriver.bundle/Contents/MacOS/AppleIntelHD5000GraphicsGLDriver
0x0000000026413000 	/System/Library/PrivateFrameworks/GPUSupport.framework/Versions/A/Libraries/libGPUSupportMercury.dylib
0x0000000026413000 	/System/Library/Extensions/GeForceGLDriver.bundle/Contents/MacOS/GeForceGLDriver
0x0000000026413000 	/System/Library/Extensions/GeForceGLDriver.bundle/Contents/MacOS/libclh.dylib
0x0000000026413000 	/System/Library/Frameworks/OpenGL.framework/Versions/A/Resources/GLRendererFloat.bundle/GLRendererFloat
0x0000000026413000 	/System/Library/Frameworks/OpenCL.framework/Versions/A/Libraries/libcldcpuengine.dylib
0x0000000026413000 	/usr/lib/libcrypto.0.9.8.dylib
0x0000000026413000 	/System/Library/PrivateFrameworks/TrustEvaluationAgent.framework/Versions/A/TrustEvaluationAgent
0x0000000026413000 	/System/Library/Extensions/GeForceMTLDriver.bundle/Contents/MacOS/GeForceMTLDriver
0x000000012c148000 	/System/Library/Extensions/AppleIntelHD5000GraphicsMTLDriver.bundle/Contents/MacOS/AppleIntelHD5000GraphicsMTLDriver
0x0000000026413000 	/System/Library/PrivateFrameworks/FamilyControls.framework/Versions/A/FamilyControls
0x0000000026413000 	/System/Library/PrivateFrameworks/CommerceKit.framework/Versions/A/Frameworks/CommerceCore.framework/Versions/A/CommerceCore
0x0000000026413000 	/System/Library/PrivateFrameworks/SystemAdministration.framework/Versions/A/SystemAdministration
0x0000000026413000 	/System/Library/PrivateFrameworks/AppContainer.framework/Versions/A/AppContainer
0x0000000026413000 	/System/Library/PrivateFrameworks/SecCodeWrapper.framework/Versions/A/SecCodeWrapper
0x0000000026413000 	/System/Library/Frameworks/DirectoryService.framework/Versions/A/DirectoryService
0x0000000026413000 	/System/Library/PrivateFrameworks/DiskImages.framework/Versions/A/DiskImages
0x0000000026413000 	/System/Library/PrivateFrameworks/LoginUIKit.framework/Versions/A/Frameworks/LoginUICore.framework/Versions/A/LoginUICore
0x0000000026413000 	/usr/lib/libCoreStorage.dylib
0x0000000026413000 	/usr/lib/libcsfde.dylib
0x0000000026413000 	/usr/lib/libodfde.dylib
0x0000000026413000 	/System/Library/Frameworks/DiscRecording.framework/Versions/A/DiscRecording
0x0000000026413000 	/usr/lib/libcurl.4.dylib
0x0000000026413000 	/System/Library/PrivateFrameworks/MediaKit.framework/Versions/A/MediaKit
0x0000000026413000 	/System/Library/PrivateFrameworks/ProtectedCloudStorage.framework/Versions/A/ProtectedCloudStorage
0x0000000026413000 	/System/Library/PrivateFrameworks/EFILogin.framework/Versions/A/EFILogin
0x0000000026413000 	/usr/lib/libutil.dylib
0x0000000026413000 	/System/Library/Frameworks/LDAP.framework/Versions/A/LDAP
0x0000000026413000 	/usr/lib/libsasl2.2.dylib
0x0000000026413000 	/System/Library/PrivateFrameworks/CoreDaemon.framework/Versions/B/CoreDaemon
0x0000000026413000 	/System/Library/PrivateFrameworks/AppleSRP.framework/Versions/A/AppleSRP
0x0000000026413000 	/System/Library/PrivateFrameworks/APFS.framework/Versions/A/APFS
0x000000012d56f000 	/Library/Java/JavaVirtualMachines/jdk1.8.0_60.jdk/Contents/Home/jre/lib/libfontmanager.dylib
0x000000012d5d6000 	/Users/ShreyashPatodia/Desktop/Unimelb/Unimelb sem-3/Object Oriented Software Development/Projects/SLICK_HOME/mulit_platform_slick_libraries/liblwjgl.dylib
0x000000012acd4000 	/Library/Java/JavaVirtualMachines/jdk1.8.0_60.jdk/Contents/Home/jre/lib/libjawt.dylib
0x000000012f04e000 	/Users/ShreyashPatodia/Desktop/Unimelb/Unimelb sem-3/Object Oriented Software Development/Projects/SLICK_HOME/mulit_platform_slick_libraries/libjinput-osx.dylib
0x000000012f053000 	/System/Library/Extensions/IOHIDFamily.kext/Contents/PlugIns/IOHIDLib.plugin/Contents/MacOS/IOHIDLib
0x000000012f69d000 	/Library/Java/JavaVirtualMachines/jdk1.8.0_60.jdk/Contents/Home/jre/lib/libnio.dylib
0x000000012f6ad000 	/Library/Java/JavaVirtualMachines/jdk1.8.0_60.jdk/Contents/Home/jre/lib/./libnet.dylib

VM Arguments:
jvm_args: -Djava.library.path=/Users/ShreyashPatodia/Desktop/Unimelb/Unimelb sem-3/Object Oriented Software Development/Projects/SLICK_HOME/mulit_platform_slick_libraries -Dfile.encoding=UTF-8 
java_command: RPG
java_class_path (initial): /Users/ShreyashPatodia/Desktop/Unimelb/Unimelb sem-3/Object Oriented Software Development/Projects/Project-2/bin:/Users/ShreyashPatodia/Desktop/Unimelb/Unimelb sem-3/Object Oriented Software Development/Projects/Project-2/lib/jinput.jar:/Users/ShreyashPatodia/Desktop/Unimelb/Unimelb sem-3/Object Oriented Software Development/Projects/Project-2/lib/lwjgl.jar:/Users/ShreyashPatodia/Desktop/Unimelb/Unimelb sem-3/Object Oriented Software Development/Projects/Project-2/lib/slick.jar
Launcher Type: SUN_STANDARD

Environment Variables:
PATH=/usr/bin:/bin:/usr/sbin:/sbin
SHELL=/bin/bash

Signal Handlers:
SIGSEGV: [libjvm.dylib+0x5a6d31], sa_mask[0]=11111111011111110111111111111111, sa_flags=SA_ONSTACK|SA_RESTART|SA_SIGINFO
SIGBUS: [libjvm.dylib+0x5a6d31], sa_mask[0]=11111111011111110111111111111111, sa_flags=SA_RESTART|SA_SIGINFO
SIGFPE: [libjvm.dylib+0x480a4c], sa_mask[0]=11111111011111110111111111111111, sa_flags=SA_RESTART|SA_SIGINFO
SIGPIPE: [libjvm.dylib+0x480a4c], sa_mask[0]=11111111011111110111111111111111, sa_flags=SA_RESTART|SA_SIGINFO
SIGXFSZ: [libjvm.dylib+0x480a4c], sa_mask[0]=11111111011111110111111111111111, sa_flags=SA_RESTART|SA_SIGINFO
SIGILL: [libjvm.dylib+0x480a4c], sa_mask[0]=11111111011111110111111111111111, sa_flags=SA_RESTART|SA_SIGINFO
SIGUSR1: SIG_DFL, sa_mask[0]=00000000000000000000000000000000, sa_flags=none
SIGUSR2: [libjvm.dylib+0x48056a], sa_mask[0]=00100000000000000000000000000000, sa_flags=SA_RESTART|SA_SIGINFO
SIGHUP: [libjvm.dylib+0x47eb41], sa_mask[0]=11111111011111110111111111111111, sa_flags=SA_RESTART|SA_SIGINFO
SIGINT: [libjvm.dylib+0x47eb41], sa_mask[0]=11111111011111110111111111111111, sa_flags=SA_RESTART|SA_SIGINFO
SIGTERM: [libjvm.dylib+0x47eb41], sa_mask[0]=11111111011111110111111111111111, sa_flags=SA_RESTART|SA_SIGINFO
SIGQUIT: [libjvm.dylib+0x47eb41], sa_mask[0]=11111111011111110111111111111111, sa_flags=SA_RESTART|SA_SIGINFO


---------------  S Y S T E M  ---------------

OS:Bsduname:Darwin 16.0.0 Darwin Kernel Version 16.0.0: Mon Aug 29 17:56:20 PDT 2016; root:xnu-3789.1.32~3/RELEASE_X86_64 x86_64
rlimit: STACK 8192k, CORE 0k, NPROC 709, NOFILE 10240, AS infinity
load average:1.58 1.64 1.66

CPU:total 8 (4 cores per cpu, 2 threads per core) family 6 model 70 stepping 1, cmov, cx8, fxsr, mmx, sse, sse2, sse3, ssse3, sse4.1, sse4.2, popcnt, avx, avx2, aes, clmul, erms, rtm, lzcnt, ht, tsc, tscinvbit, bmi1, bmi2

Memory: 4k page, physical 16777216k(2020140k free)

/proc/meminfo:


vm_info: Java HotSpot(TM) 64-Bit Server VM (25.60-b23) for bsd-amd64 JRE (1.8.0_60-b27), built on Aug  4 2015 10:47:24 by "java_re" with gcc 4.2.1 (Based on Apple Inc. build 5658) (LLVM build 2336.11.00)

time: Fri Oct 14 05:40:44 2016
elapsed time: 18 seconds (0d 0h 0m 18s)

