#
# A fatal error has been detected by the Java Runtime Environment:
#
#  SIGSEGV (0xb) at pc=0x00007fffb086389b, pid=11048, tid=2059
#
# JRE version: Java(TM) SE Runtime Environment (8.0_60-b27) (build 1.8.0_60-b27)
# Java VM: Java HotSpot(TM) 64-Bit Server VM (25.60-b23 mixed mode bsd-amd64 compressed oops)
# Problematic frame:
# C  [libsystem_pthread.dylib+0x189b]  pthread_mutex_unlock+0x0
#
# Failed to write core dump. Core dumps have been disabled. To enable core dumping, try "ulimit -c unlimited" before starting Java again
#
# If you would like to submit a bug report, please visit:
#   http://bugreport.java.com/bugreport/crash.jsp
# The crash happened outside the Java Virtual Machine in native code.
# See problematic frame for where to report the bug.
#

---------------  T H R E A D  ---------------

Current thread (0x00007fe6668d6800):  JavaThread "AppKit Thread" daemon [_thread_in_native, id=2059, stack(0x00007fff58e99000,0x00007fff59699000)]

siginfo: si_signo: 11 (SIGSEGV), si_code: 1 (SEGV_MAPERR), si_addr: 0x0000000000000018

Registers:
RAX=0x0000000000000000, RBX=0x0000000043ea4c11, RCX=0x0000110000001100, RDX=0x00007fffb6676ec0
RSP=0x00007fff59693618, RBP=0x00007fff59693680, RSI=0x0000110000000000, RDI=0x0000000000000018
R8 =0x00007fffb6676eb8, R9 =0x00000000000010bc, R10=0x00000000000010bc, R11=0x0000000000000206
R12=0x00007fe6658de000, R13=0x0000000000010a9b, R14=0x00007fe664cb1840, R15=0x0000000000002715
RIP=0x00007fffb086389b, EFLAGS=0x0000000000010206, ERR=0x0000000000000004
  TRAPNO=0x000000000000000e

Top of Stack: (sp=0x00007fff59693618)
0x00007fff59693618:   00007fffa0401c49 43ea4c1100001d30
0x00007fff59693628:   00007fff994af8de 00007fffb9323060
0x00007fff59693638:   00000000c2000000 00007fff999bdd24
0x00007fff59693648:   00007fffb5610d00 00007fe664d95270
0x00007fff59693658:   00007fe664e41550 0000000000001d30
0x00007fff59693668:   0000000000010a9b 00007fffafd63b40
0x00007fff59693678:   00007fe664d95270 00007fff596936d0
0x00007fff59693688:   00007fff99595ed0 0000000000000000
0x00007fff59693698:   00007fe664d6fd90 00007fe6658de000
0x00007fff596936a8:   00007fff59693758 00007fff99dff4c4
0x00007fff596936b8:   00007fe664d6fd90 00007fff99e3e604
0x00007fff596936c8:   00007fe664e41550 00007fff59693710
0x00007fff596936d8:   00007fff998fbb4e 0000000000000000
0x00007fff596936e8:   0000000000000000 0000000000000094
0x00007fff596936f8:   00007fff99e23787 00007fff59693758
0x00007fff59693708:   0000000000000001 00007fff59693740
0x00007fff59693718:   00007fff993d9e15 0000000000000000
0x00007fff59693728:   00007fe664e41550 00007fe664d6fd90
0x00007fff59693738:   0000000000000000 00007fff596937a0
0x00007fff59693748:   00007fff99582784 0000000000000000
0x00007fff59693758:   00007fffb9323060 00000000c2000000
0x00007fff59693768:   00007fff998fba7b 00007fffb560bfd0
0x00007fff59693778:   0000000000000000 00007fe664e41550
0x00007fff59693788:   00007fe664d6fd90 00007fe664d6fd90
0x00007fff59693798:   00007fe664e41550 00007fff596937d0
0x00007fff596937a8:   0000000128c8c586 00007fe664d6fd90
0x00007fff596937b8:   0000000128cc0c60 00007fe664c42700
0x00007fff596937c8:   00007fe664c42700 00007fff59693d40
0x00007fff596937d8:   00007fff993fce1a 0000000000000000
0x00007fff596937e8:   0000000000000000 4089000000000000
0x00007fff596937f8:   4082c00000000000 0000000000000000
0x00007fff59693808:   0000000000000000 4089000000000000 

Instructions: (pc=0x00007fffb086389b)
0x00007fffb086387b:   90 18 ff ff ff 26 ff ff ff d8 fe ff ff d8 ff ff
0x00007fffb086388b:   ff d8 ff ff ff d8 ff ff ff d8 fe ff ff 90 90 90
0x00007fffb086389b:   48 81 3f 5a 54 55 4d 75 5c 4c 8d 47 1f 49 83 e0
0x00007fffb08638ab:   f8 48 8d 57 27 48 83 e2 f8 48 8b 02 48 89 c6 48 

Register to memory mapping:

RAX=0x0000000000000000 is an unknown value
RBX=0x0000000043ea4c11 is an unknown value
RCX=0x0000110000001100 is an unknown value
RDX=0x00007fffb6676ec0: CGLGetVersion+0x1626fd35 in /System/Library/Frameworks/OpenGL.framework/Versions/A/OpenGL at 0x00007fffa03fa000
RSP=0x00007fff59693618 is pointing into the stack for thread: 0x00007fe6668d6800
RBP=0x00007fff59693680 is pointing into the stack for thread: 0x00007fe6668d6800
RSI=0x0000110000000000 is an unknown value
RDI=0x0000000000000018 is an unknown value
R8 =0x00007fffb6676eb8: CGLGetVersion+0x1626fd2d in /System/Library/Frameworks/OpenGL.framework/Versions/A/OpenGL at 0x00007fffa03fa000
R9 =0x00000000000010bc is an unknown value
R10=0x00000000000010bc is an unknown value
R11=0x0000000000000206 is an unknown value
R12=0x00007fe6658de000 is an unknown value
R13=0x0000000000010a9b is an unknown value
R14=0x00007fe664cb1840 is an unknown value
R15=0x0000000000002715 is an unknown value


Stack: [0x00007fff58e99000,0x00007fff59699000],  sp=0x00007fff59693618,  free space=8169k
Native frames: (J=compiled Java code, j=interpreted, Vv=VM code, C=native code)
C  [libsystem_pthread.dylib+0x189b]  pthread_mutex_unlock+0x0
C  [AppKit+0x335ed0]  NSOpenGLContextAttachOnScreenViewSurface+0x187
C  [AppKit+0x69bb4e]  __27-[NSOpenGLContext setView:]_block_invoke+0xd3
C  [AppKit+0x179e15]  NSPerformVisuallyAtomicChange+0x93
C  [AppKit+0x322784]  -[NSOpenGLContext setView:]+0x69
C  [liblwjgl.dylib+0xa586]  -[MacOSXOpenGLView lockFocus]+0x76
C  [AppKit+0x19ce1a]  -[NSView _recursiveDisplayRectIfNeededIgnoringOpacity:isVisibleRect:rectIsVisibleRectForView:topView:]+0x6ee
C  [AppKit+0x19d670]  -[NSView _recursiveDisplayRectIfNeededIgnoringOpacity:isVisibleRect:rectIsVisibleRectForView:topView:]+0xf44
C  [AppKit+0x19c24f]  -[NSThemeFrame _recursiveDisplayRectIfNeededIgnoringOpacity:isVisibleRect:rectIsVisibleRectForView:topView:]+0x14e
C  [AppKit+0x19a677]  -[NSView _displayRectIgnoringOpacity:isVisibleRect:rectIsVisibleRectForView:]+0x994
C  [AppKit+0x195f60]  -[NSView displayIfNeeded]+0x6d4
C  [AppKit+0x195873]  -[NSWindow displayIfNeeded]+0xe6
C  [AppKit+0x87ae32]  ___NSWindowGetDisplayCycleObserver_block_invoke.6208+0x115
C  [AppKit+0x195355]  __37+[NSDisplayCycle currentDisplayCycle]_block_invoke+0x1c6
C  [QuartzCore+0x11a4a]  _ZN2CA11Transaction19run_commit_handlersE18CATransactionPhase+0x2e
C  [QuartzCore+0x119270]  _ZN2CA7Context18commit_transactionEPNS_11TransactionE+0xa0
C  [QuartzCore+0x105e5]  _ZN2CA11Transaction6commitEv+0x1db
C  [AppKit+0x46b1cd]  __37+[NSDisplayCycle currentDisplayCycle]_block_invoke.31+0x143
C  [CoreFoundation+0xa6f67]  __CFRUNLOOP_IS_CALLING_OUT_TO_AN_OBSERVER_CALLBACK_FUNCTION__+0x17
C  [CoreFoundation+0xa6ed7]  __CFRunLoopDoObservers+0x187
C  [CoreFoundation+0x87b79]  __CFRunLoopRun+0x369
C  [CoreFoundation+0x875b4]  CFRunLoopRunSpecific+0x1a4
C  [HIToolbox+0x30f6c]  RunCurrentEventLoopInMode+0xf0
C  [HIToolbox+0x30ca9]  ReceiveNextEventCommon+0xb8
C  [HIToolbox+0x30bd6]  _BlockUntilNextEventMatchingListInModeWithFilter+0x47
C  [AppKit+0x475f5]  _DPSNextEvent+0x445
C  [AppKit+0x7578eb]  -[NSApplication(NSEvent) _nextEventMatchingEventMask:untilDate:inMode:dequeue:]+0x665
C  [libosxapp.dylib+0x23aa]  -[NSApplicationAWT nextEventMatchingMask:untilDate:inMode:dequeue:]+0x7c
C  [AppKit+0x3bfbd]  -[NSApplication run]+0x39e
C  [libosxapp.dylib+0x214d]  +[NSApplicationAWT runAWTLoopWithApp:]+0x9c
C  [libawt_lwawt.dylib+0x44517]  -[AWTStarter starter:]+0x389
C  [Foundation+0x71f2a]  __NSThreadPerformPerform+0x146
C  [CoreFoundation+0xa7551]  __CFRUNLOOP_IS_CALLING_OUT_TO_A_SOURCE0_PERFORM_FUNCTION__+0x11
C  [CoreFoundation+0x886bd]  __CFRunLoopDoSources0+0x22d
C  [CoreFoundation+0x87bb6]  __CFRunLoopRun+0x3a6
C  [CoreFoundation+0x875b4]  CFRunLoopRunSpecific+0x1a4
C  [java+0x6463]  CreateExecutionEnvironment+0x367
C  [java+0x21ac]  JLI_Launch+0x7a0
C  [java+0x84c0]  main+0x65
C  [java+0x1a04]  start+0x34
C  0x0000000000000006


---------------  P R O C E S S  ---------------

Java Threads: ( => current thread )
  0x00007fe665b56000 JavaThread "AWT-Shutdown" [_thread_blocked, id=4875, stack(0x000070000f117000,0x000070000f217000)]
  0x00007fe666993800 JavaThread "Java2D Queue Flusher" daemon [_thread_blocked, id=68871, stack(0x0000700010af1000,0x0000700010bf1000)]
  0x00007fe6651fe000 JavaThread "Java2D Disposer" daemon [_thread_blocked, id=62219, stack(0x00007000109ee000,0x0000700010aee000)]
=>0x00007fe6668d6800 JavaThread "AppKit Thread" daemon [_thread_in_native, id=2059, stack(0x00007fff58e99000,0x00007fff59699000)]
  0x00007fe666007000 JavaThread "Service Thread" daemon [_thread_blocked, id=21251, stack(0x00007000103d3000,0x00007000104d3000)]
  0x00007fe666006800 JavaThread "C1 CompilerThread3" daemon [_thread_blocked, id=20739, stack(0x00007000102d0000,0x00007000103d0000)]
  0x00007fe665003000 JavaThread "C2 CompilerThread2" daemon [_thread_blocked, id=20227, stack(0x00007000101cd000,0x00007000102cd000)]
  0x00007fe666825800 JavaThread "C2 CompilerThread1" daemon [_thread_blocked, id=19715, stack(0x00007000100ca000,0x00007000101ca000)]
  0x00007fe665856000 JavaThread "C2 CompilerThread0" daemon [_thread_blocked, id=19203, stack(0x000070000ffc7000,0x00007000100c7000)]
  0x00007fe665804000 JavaThread "Signal Dispatcher" daemon [_thread_blocked, id=18691, stack(0x000070000fec4000,0x000070000ffc4000)]
  0x00007fe665831800 JavaThread "Finalizer" daemon [_thread_blocked, id=14595, stack(0x000070000fdc1000,0x000070000fec1000)]
  0x00007fe665831000 JavaThread "Reference Handler" daemon [_thread_blocked, id=14083, stack(0x000070000fcbe000,0x000070000fdbe000)]
  0x00007fe665009000 JavaThread "main" [_thread_in_native, id=7171, stack(0x000070000f2a0000,0x000070000f3a0000)]

Other Threads:
  0x00007fe66582e000 VMThread [stack: 0x000070000fbbb000,0x000070000fcbb000] [id=13571]
  0x00007fe666008000 WatcherThread [stack: 0x00007000104d6000,0x00007000105d6000] [id=21763]

VM state:not at safepoint (normal execution)

VM Mutex/Monitor currently owned by a thread: None

Heap:
 PSYoungGen      total 76288K, used 33058K [0x000000076ab00000, 0x0000000770000000, 0x00000007c0000000)
  eden space 65536K, 50% used [0x000000076ab00000,0x000000076cb48b98,0x000000076eb00000)
  from space 10752K, 0% used [0x000000076f580000,0x000000076f580000,0x0000000770000000)
  to   space 10752K, 0% used [0x000000076eb00000,0x000000076eb00000,0x000000076f580000)
 ParOldGen       total 175104K, used 0K [0x00000006c0000000, 0x00000006cab00000, 0x000000076ab00000)
  object space 175104K, 0% used [0x00000006c0000000,0x00000006c0000000,0x00000006cab00000)
 Metaspace       used 10975K, capacity 11201K, committed 11520K, reserved 1058816K
  class space    used 1163K, capacity 1247K, committed 1280K, reserved 1048576K

Card table byte_map: [0x0000000118200000,0x0000000118a01000] byte_map_base: 0x0000000114c00000

Marking Bits: (ParMarkBitMap*) 0x0000000107a15e20
 Begin Bits: [0x0000000118a01000, 0x000000011ca01000)
 End Bits:   [0x000000011ca01000, 0x0000000120a01000)

Polling page: 0x0000000106627000

CodeCache: size=245760Kb used=4260Kb max_used=4260Kb free=241499Kb
 bounds [0x0000000109200000, 0x0000000109630000, 0x0000000118200000]
 total_blobs=1563 nmethods=1039 adapters=438
 compilation: enabled

Compilation events (10 events):
Event: 12.425 Thread 0x00007fe666006800 nmethod 1035 0x0000000109628ed0 code [0x0000000109629040, 0x0000000109629238]
Event: 12.425 Thread 0x00007fe666006800 1036   !   3       sun.awt.AWTAutoShutdown::setToolkitBusy (124 bytes)
Event: 12.426 Thread 0x00007fe666006800 nmethod 1036 0x0000000109628090 code [0x0000000109628260, 0x0000000109628ae8]
Event: 12.434 Thread 0x00007fe666006800 1037       3       java.nio.HeapByteBuffer::getInt (18 bytes)
Event: 12.434 Thread 0x00007fe666006800 nmethod 1037 0x0000000109626d90 code [0x0000000109626fa0, 0x00000001096278c8]
Event: 12.434 Thread 0x00007fe666006800 1038       3       java.nio.Bits::getInt (18 bytes)
Event: 12.435 Thread 0x00007fe666006800 nmethod 1038 0x00000001096299d0 code [0x0000000109629be0, 0x000000010962a598]
Event: 12.450 Thread 0x00007fe666006800 1039   !   3       org.lwjgl.input.Mouse::isButtonDown (61 bytes)
Event: 12.450 Thread 0x00007fe666006800 nmethod 1039 0x000000010962a8d0 code [0x000000010962aa80, 0x000000010962b078]
Event: 12.820 Thread 0x00007fe666006800 1040       3       java.util.WeakHashMap::remove (133 bytes)

GC Heap History (0 events):
No events

Deoptimization events (10 events):
Event: 1.323 Thread 0x00007fe665009000 Uncommon trap: reason=unstable_if action=reinterpret pc=0x0000000109398990 method=java.lang.String.indexOf([CII[CIII)I @ 3
Event: 1.327 Thread 0x00007fe665009000 Uncommon trap: reason=class_check action=maybe_recompile pc=0x000000010941f54c method=java.util.HashMap.putVal(ILjava/lang/Object;Ljava/lang/Object;ZZ)Ljava/lang/Object; @ 253
Event: 1.327 Thread 0x00007fe665009000 Uncommon trap: reason=class_check action=maybe_recompile pc=0x000000010941f54c method=java.util.HashMap.putVal(ILjava/lang/Object;Ljava/lang/Object;ZZ)Ljava/lang/Object; @ 253
Event: 1.327 Thread 0x00007fe665009000 Uncommon trap: reason=class_check action=maybe_recompile pc=0x000000010941f54c method=java.util.HashMap.putVal(ILjava/lang/Object;Ljava/lang/Object;ZZ)Ljava/lang/Object; @ 253
Event: 1.327 Thread 0x00007fe665009000 Uncommon trap: reason=class_check action=maybe_recompile pc=0x000000010941f54c method=java.util.HashMap.putVal(ILjava/lang/Object;Ljava/lang/Object;ZZ)Ljava/lang/Object; @ 253
Event: 1.434 Thread 0x00007fe665009000 Uncommon trap: reason=unstable_if action=reinterpret pc=0x00000001094d2cd8 method=java.awt.image.ComponentColorModel.extractComponent(Ljava/lang/Object;II)I @ 497
Event: 1.464 Thread 0x00007fe665009000 Uncommon trap: reason=unstable_if action=reinterpret pc=0x00000001094d392c method=sun.awt.image.ByteInterleavedRaster.getDataElements(IILjava/lang/Object;)Ljava/lang/Object; @ 43
Event: 10.854 Thread 0x00007fe665009000 Uncommon trap: reason=unstable_if action=reinterpret pc=0x000000010959f22c method=org.newdawn.slick.Input.poll(II)V @ 41
Event: 10.854 Thread 0x00007fe665009000 Uncommon trap: reason=unstable_if action=reinterpret pc=0x00000001095a7cf4 method=org.newdawn.slick.GameContainer.updateAndRender(I)V @ 236
Event: 12.811 Thread 0x00007fe665009000 Uncommon trap: reason=unstable_if action=reinterpret pc=0x000000010958a1e0 method=org.newdawn.slick.AppGameContainer.gameLoop()V @ 60

Internal exceptions (10 events):
Event: 0.124 Thread 0x00007fe665009000 Exception <a 'java/lang/NoSuchFieldError': method resolution failed> (0x000000076b014848) thrown at [/Users/java_re/workspace/8-2-build-macosx-x86_64/jdk8u60/4407/hotspot/src/share/vm/prims/methodHandles.cpp, line 1146]
Event: 0.126 Thread 0x00007fe665009000 Exception <a 'java/lang/NoSuchFieldError': method resolution failed> (0x000000076b021fb8) thrown at [/Users/java_re/workspace/8-2-build-macosx-x86_64/jdk8u60/4407/hotspot/src/share/vm/prims/methodHandles.cpp, line 1146]
Event: 0.247 Thread 0x00007fe665009000 Exception <a 'java/io/FileNotFoundException'> (0x000000076b09d210) thrown at [/Users/java_re/workspace/8-2-build-macosx-x86_64/jdk8u60/4407/hotspot/src/share/vm/prims/jni.cpp, line 709]
Event: 0.247 Thread 0x00007fe665009000 Exception <a 'java/io/FileNotFoundException'> (0x000000076b09dda0) thrown at [/Users/java_re/workspace/8-2-build-macosx-x86_64/jdk8u60/4407/hotspot/src/share/vm/prims/jni.cpp, line 709]
Event: 1.096 Thread 0x00007fe665009000 Exception <a 'java/io/IOException'> (0x000000076b6762f0) thrown at [/Users/java_re/workspace/8-2-build-macosx-x86_64/jdk8u60/4407/hotspot/src/share/vm/prims/jni.cpp, line 709]
Event: 1.096 Thread 0x00007fe665009000 Exception <a 'java/io/IOException'> (0x000000076b676bd8) thrown at [/Users/java_re/workspace/8-2-build-macosx-x86_64/jdk8u60/4407/hotspot/src/share/vm/prims/jni.cpp, line 709]
Event: 1.096 Thread 0x00007fe665009000 Exception <a 'java/io/IOException'> (0x000000076b677430) thrown at [/Users/java_re/workspace/8-2-build-macosx-x86_64/jdk8u60/4407/hotspot/src/share/vm/prims/jni.cpp, line 709]
Event: 1.096 Thread 0x00007fe665009000 Exception <a 'java/io/IOException'> (0x000000076b677c88) thrown at [/Users/java_re/workspace/8-2-build-macosx-x86_64/jdk8u60/4407/hotspot/src/share/vm/prims/jni.cpp, line 709]
Event: 1.377 Thread 0x00007fe665009000 Exception <a 'java/io/FileNotFoundException'> (0x000000076bc9a658) thrown at [/Users/java_re/workspace/8-2-build-macosx-x86_64/jdk8u60/4407/hotspot/src/share/vm/prims/jni.cpp, line 709]
Event: 1.464 Thread 0x00007fe665009000 Implicit null exception at 0x00000001094d36e4 to 0x00000001094d3911

Events (10 events):
Event: 10.854 Thread 0x00007fe665009000 Uncommon trap: trap_request=0xffffff65 fr.pc=0x00000001095a7cf4
Event: 10.854 Thread 0x00007fe665009000 DEOPT PACKING pc=0x00000001095a7cf4 sp=0x000070000f39f780
Event: 10.854 Thread 0x00007fe665009000 DEOPT UNPACKING pc=0x0000000109205229 sp=0x000070000f39f7b0 mode 2
Event: 10.860 loading class org/newdawn/slick/AngelCodeFont$DisplayList
Event: 10.860 loading class org/newdawn/slick/AngelCodeFont$DisplayList done
Event: 12.811 Thread 0x00007fe665009000 Uncommon trap: trap_request=0xffffff65 fr.pc=0x000000010958a1e0
Event: 12.811 Thread 0x00007fe665009000 DEOPT PACKING pc=0x000000010958a1e0 sp=0x000070000f39f840
Event: 12.811 Thread 0x00007fe665009000 DEOPT UNPACKING pc=0x0000000109205229 sp=0x000070000f39f808 mode 2
Event: 12.819 loading class org/lwjgl/opengl/CallbackUtil
Event: 12.819 loading class org/lwjgl/opengl/CallbackUtil done


Dynamic libraries:
0x0000000026413000 	/System/Library/Frameworks/Cocoa.framework/Versions/A/Cocoa
0x0000000026413000 	/System/Library/Frameworks/Security.framework/Versions/A/Security
0x0000000026413000 	/System/Library/Frameworks/ApplicationServices.framework/Versions/A/ApplicationServices
0x0000000026413000 	/usr/lib/libz.1.dylib
0x0000000026413000 	/usr/lib/libSystem.B.dylib
0x0000000026413000 	/usr/lib/libobjc.A.dylib
0x0000000026413000 	/System/Library/Frameworks/CoreFoundation.framework/Versions/A/CoreFoundation
0x0000000026413000 	/System/Library/Frameworks/Foundation.framework/Versions/C/Foundation
0x0000000026413000 	/System/Library/Frameworks/AppKit.framework/Versions/C/AppKit
0x0000000026413000 	/System/Library/Frameworks/CoreData.framework/Versions/A/CoreData
0x0000000026413000 	/System/Library/PrivateFrameworks/RemoteViewServices.framework/Versions/A/RemoteViewServices
0x0000000026413000 	/System/Library/PrivateFrameworks/UIFoundation.framework/Versions/A/UIFoundation
0x0000000026413000 	/usr/lib/libenergytrace.dylib
0x0000000026413000 	/System/Library/PrivateFrameworks/SkyLight.framework/Versions/A/SkyLight
0x0000000026413000 	/System/Library/Frameworks/CoreGraphics.framework/Versions/A/CoreGraphics
0x0000000026413000 	/usr/lib/libScreenReader.dylib
0x0000000026413000 	/System/Library/Frameworks/Accelerate.framework/Versions/A/Accelerate
0x0000000026413000 	/System/Library/Frameworks/IOSurface.framework/Versions/A/IOSurface
0x0000000026413000 	/System/Library/Frameworks/AudioToolbox.framework/Versions/A/AudioToolbox
0x0000000026413000 	/System/Library/Frameworks/AudioUnit.framework/Versions/A/AudioUnit
0x0000000026413000 	/System/Library/PrivateFrameworks/DataDetectorsCore.framework/Versions/A/DataDetectorsCore
0x0000000026413000 	/System/Library/PrivateFrameworks/DesktopServicesPriv.framework/Versions/A/DesktopServicesPriv
0x0000000026413000 	/System/Library/Frameworks/Carbon.framework/Versions/A/Frameworks/HIToolbox.framework/Versions/A/HIToolbox
0x0000000026413000 	/usr/lib/libicucore.A.dylib
0x0000000026413000 	/System/Library/Frameworks/QuartzCore.framework/Versions/A/QuartzCore
0x0000000026413000 	/System/Library/Frameworks/Carbon.framework/Versions/A/Frameworks/SpeechRecognition.framework/Versions/A/SpeechRecognition
0x0000000026413000 	/usr/lib/libauto.dylib
0x0000000026413000 	/usr/lib/libxml2.2.dylib
0x0000000026413000 	/System/Library/PrivateFrameworks/CoreUI.framework/Versions/A/CoreUI
0x0000000026413000 	/System/Library/Frameworks/CoreAudio.framework/Versions/A/CoreAudio
0x0000000026413000 	/System/Library/Frameworks/DiskArbitration.framework/Versions/A/DiskArbitration
0x0000000026413000 	/usr/lib/liblangid.dylib
0x0000000026413000 	/System/Library/PrivateFrameworks/MultitouchSupport.framework/Versions/A/MultitouchSupport
0x0000000026413000 	/System/Library/Frameworks/IOKit.framework/Versions/A/IOKit
0x0000000026413000 	/usr/lib/libDiagnosticMessagesClient.dylib
0x0000000026413000 	/System/Library/Frameworks/CoreServices.framework/Versions/A/CoreServices
0x0000000026413000 	/System/Library/PrivateFrameworks/PerformanceAnalysis.framework/Versions/A/PerformanceAnalysis
0x0000000026413000 	/System/Library/PrivateFrameworks/GenerationalStorage.framework/Versions/A/GenerationalStorage
0x0000000026413000 	/System/Library/Frameworks/OpenGL.framework/Versions/A/OpenGL
0x0000000026413000 	/System/Library/Frameworks/CoreImage.framework/Versions/A/CoreImage
0x0000000026413000 	/System/Library/Frameworks/CoreText.framework/Versions/A/CoreText
0x0000000026413000 	/System/Library/Frameworks/ImageIO.framework/Versions/A/ImageIO
0x0000000026413000 	/System/Library/PrivateFrameworks/Backup.framework/Versions/A/Backup
0x0000000026413000 	/usr/lib/libarchive.2.dylib
0x0000000026413000 	/System/Library/Frameworks/CFNetwork.framework/Versions/A/CFNetwork
0x0000000026413000 	/System/Library/Frameworks/SystemConfiguration.framework/Versions/A/SystemConfiguration
0x0000000026413000 	/usr/lib/libCRFSuite.dylib
0x0000000026413000 	/usr/lib/libc++.1.dylib
0x0000000026413000 	/usr/lib/libc++abi.dylib
0x0000000026413000 	/usr/lib/system/libcache.dylib
0x0000000026413000 	/usr/lib/system/libcommonCrypto.dylib
0x0000000026413000 	/usr/lib/system/libcompiler_rt.dylib
0x0000000026413000 	/usr/lib/system/libcopyfile.dylib
0x0000000026413000 	/usr/lib/system/libcorecrypto.dylib
0x0000000026413000 	/usr/lib/system/libdispatch.dylib
0x0000000026413000 	/usr/lib/system/libdyld.dylib
0x0000000026413000 	/usr/lib/system/libkeymgr.dylib
0x0000000026413000 	/usr/lib/system/liblaunch.dylib
0x0000000026413000 	/usr/lib/system/libmacho.dylib
0x0000000026413000 	/usr/lib/system/libquarantine.dylib
0x0000000026413000 	/usr/lib/system/libremovefile.dylib
0x0000000026413000 	/usr/lib/system/libsystem_asl.dylib
0x0000000026413000 	/usr/lib/system/libsystem_blocks.dylib
0x0000000026413000 	/usr/lib/system/libsystem_c.dylib
0x0000000026413000 	/usr/lib/system/libsystem_configuration.dylib
0x0000000026413000 	/usr/lib/system/libsystem_coreservices.dylib
0x0000000026413000 	/usr/lib/system/libsystem_coretls.dylib
0x0000000026413000 	/usr/lib/system/libsystem_dnssd.dylib
0x0000000026413000 	/usr/lib/system/libsystem_info.dylib
0x0000000026413000 	/usr/lib/system/libsystem_kernel.dylib
0x0000000026413000 	/usr/lib/system/libsystem_m.dylib
0x0000000026413000 	/usr/lib/system/libsystem_malloc.dylib
0x0000000026413000 	/usr/lib/system/libsystem_network.dylib
0x0000000026413000 	/usr/lib/system/libsystem_networkextension.dylib
0x0000000026413000 	/usr/lib/system/libsystem_notify.dylib
0x0000000026413000 	/usr/lib/system/libsystem_platform.dylib
0x0000000026413000 	/usr/lib/system/libsystem_pthread.dylib
0x0000000026413000 	/usr/lib/system/libsystem_sandbox.dylib
0x0000000026413000 	/usr/lib/system/libsystem_secinit.dylib
0x0000000026413000 	/usr/lib/system/libsystem_symptoms.dylib
0x0000000026413000 	/usr/lib/system/libsystem_trace.dylib
0x0000000026413000 	/usr/lib/system/libunwind.dylib
0x0000000026413000 	/usr/lib/system/libxpc.dylib
0x0000000026413000 	/usr/lib/libbsm.0.dylib
0x0000000026413000 	/usr/lib/system/libkxld.dylib
0x0000000026413000 	/usr/lib/libcoretls.dylib
0x0000000026413000 	/usr/lib/libcoretls_cfhelpers.dylib
0x0000000026413000 	/usr/lib/libxar.1.dylib
0x0000000026413000 	/usr/lib/libsqlite3.dylib
0x0000000026413000 	/usr/lib/libpam.2.dylib
0x0000000026413000 	/usr/lib/libOpenScriptingUtil.dylib
0x0000000026413000 	/usr/lib/libbz2.1.0.dylib
0x0000000026413000 	/usr/lib/liblzma.5.dylib
0x0000000026413000 	/usr/lib/libnetwork.dylib
0x0000000026413000 	/usr/lib/libpcap.A.dylib
0x0000000026413000 	/System/Library/Frameworks/CoreServices.framework/Versions/A/Frameworks/FSEvents.framework/Versions/A/FSEvents
0x0000000026413000 	/System/Library/Frameworks/CoreServices.framework/Versions/A/Frameworks/CarbonCore.framework/Versions/A/CarbonCore
0x0000000026413000 	/System/Library/Frameworks/CoreServices.framework/Versions/A/Frameworks/Metadata.framework/Versions/A/Metadata
0x0000000026413000 	/System/Library/Frameworks/CoreServices.framework/Versions/A/Frameworks/OSServices.framework/Versions/A/OSServices
0x0000000026413000 	/System/Library/Frameworks/CoreServices.framework/Versions/A/Frameworks/SearchKit.framework/Versions/A/SearchKit
0x0000000026413000 	/System/Library/Frameworks/CoreServices.framework/Versions/A/Frameworks/AE.framework/Versions/A/AE
0x0000000026413000 	/System/Library/Frameworks/CoreServices.framework/Versions/A/Frameworks/LaunchServices.framework/Versions/A/LaunchServices
0x0000000026413000 	/System/Library/Frameworks/CoreServices.framework/Versions/A/Frameworks/DictionaryServices.framework/Versions/A/DictionaryServices
0x0000000026413000 	/System/Library/Frameworks/CoreServices.framework/Versions/A/Frameworks/SharedFileList.framework/Versions/A/SharedFileList
0x0000000026413000 	/System/Library/Frameworks/NetFS.framework/Versions/A/NetFS
0x0000000026413000 	/System/Library/PrivateFrameworks/NetAuth.framework/Versions/A/NetAuth
0x0000000026413000 	/System/Library/PrivateFrameworks/login.framework/Versions/A/Frameworks/loginsupport.framework/Versions/A/loginsupport
0x0000000026413000 	/System/Library/PrivateFrameworks/TCC.framework/Versions/A/TCC
0x0000000026413000 	/usr/lib/libmecabra.dylib
0x0000000026413000 	/System/Library/Frameworks/ApplicationServices.framework/Versions/A/Frameworks/ATS.framework/Versions/A/ATS
0x0000000026413000 	/System/Library/Frameworks/ApplicationServices.framework/Versions/A/Frameworks/ColorSync.framework/Versions/A/ColorSync
0x0000000026413000 	/System/Library/Frameworks/ApplicationServices.framework/Versions/A/Frameworks/HIServices.framework/Versions/A/HIServices
0x0000000026413000 	/System/Library/Frameworks/ApplicationServices.framework/Versions/A/Frameworks/LangAnalysis.framework/Versions/A/LangAnalysis
0x0000000026413000 	/System/Library/Frameworks/ApplicationServices.framework/Versions/A/Frameworks/PrintCore.framework/Versions/A/PrintCore
0x0000000026413000 	/System/Library/Frameworks/ApplicationServices.framework/Versions/A/Frameworks/QD.framework/Versions/A/QD
0x0000000026413000 	/System/Library/Frameworks/ApplicationServices.framework/Versions/A/Frameworks/SpeechSynthesis.framework/Versions/A/SpeechSynthesis
0x0000000026413000 	/System/Library/Frameworks/Accelerate.framework/Versions/A/Frameworks/vImage.framework/Versions/A/vImage
0x0000000026413000 	/System/Library/Frameworks/Accelerate.framework/Versions/A/Frameworks/vecLib.framework/Versions/A/vecLib
0x0000000026413000 	/System/Library/Frameworks/Accelerate.framework/Versions/A/Frameworks/vecLib.framework/Versions/A/libvDSP.dylib
0x0000000026413000 	/System/Library/Frameworks/Accelerate.framework/Versions/A/Frameworks/vecLib.framework/Versions/A/libBNNS.dylib
0x0000000026413000 	/System/Library/Frameworks/Accelerate.framework/Versions/A/Frameworks/vecLib.framework/Versions/A/libQuadrature.dylib
0x0000000026413000 	/System/Library/Frameworks/Accelerate.framework/Versions/A/Frameworks/vecLib.framework/Versions/A/libvMisc.dylib
0x0000000026413000 	/System/Library/Frameworks/Accelerate.framework/Versions/A/Frameworks/vecLib.framework/Versions/A/libLAPACK.dylib
0x0000000026413000 	/System/Library/Frameworks/Accelerate.framework/Versions/A/Frameworks/vecLib.framework/Versions/A/libBLAS.dylib
0x0000000026413000 	/System/Library/Frameworks/Accelerate.framework/Versions/A/Frameworks/vecLib.framework/Versions/A/libLinearAlgebra.dylib
0x0000000026413000 	/System/Library/Frameworks/Accelerate.framework/Versions/A/Frameworks/vecLib.framework/Versions/A/libSparseBLAS.dylib
0x0000000026413000 	/System/Library/Frameworks/ApplicationServices.framework/Versions/A/Frameworks/ATS.framework/Versions/A/Resources/libFontParser.dylib
0x0000000026413000 	/System/Library/Frameworks/ApplicationServices.framework/Versions/A/Frameworks/ATS.framework/Versions/A/Resources/libFontRegistry.dylib
0x0000000026413000 	/System/Library/Frameworks/ImageIO.framework/Versions/A/Resources/libJPEG.dylib
0x0000000026413000 	/System/Library/Frameworks/ImageIO.framework/Versions/A/Resources/libTIFF.dylib
0x0000000026413000 	/System/Library/Frameworks/ImageIO.framework/Versions/A/Resources/libPng.dylib
0x0000000026413000 	/System/Library/Frameworks/ImageIO.framework/Versions/A/Resources/libGIF.dylib
0x0000000026413000 	/System/Library/Frameworks/ImageIO.framework/Versions/A/Resources/libJP2.dylib
0x0000000026413000 	/System/Library/Frameworks/ImageIO.framework/Versions/A/Resources/libRadiance.dylib
0x0000000026413000 	/usr/lib/libcompression.dylib
0x0000000026413000 	/System/Library/PrivateFrameworks/AppleJPEG.framework/Versions/A/AppleJPEG
0x0000000026413000 	/usr/lib/libcups.2.dylib
0x0000000026413000 	/System/Library/Frameworks/Kerberos.framework/Versions/A/Kerberos
0x0000000026413000 	/System/Library/Frameworks/GSS.framework/Versions/A/GSS
0x0000000026413000 	/usr/lib/libresolv.9.dylib
0x0000000026413000 	/usr/lib/libiconv.2.dylib
0x0000000026413000 	/System/Library/PrivateFrameworks/Heimdal.framework/Versions/A/Heimdal
0x0000000026413000 	/usr/lib/libheimdal-asn1.dylib
0x0000000026413000 	/System/Library/Frameworks/OpenDirectory.framework/Versions/A/OpenDirectory
0x0000000026413000 	/System/Library/PrivateFrameworks/CommonAuth.framework/Versions/A/CommonAuth
0x0000000026413000 	/System/Library/Frameworks/OpenDirectory.framework/Versions/A/Frameworks/CFOpenDirectory.framework/Versions/A/CFOpenDirectory
0x0000000026413000 	/System/Library/Frameworks/SecurityFoundation.framework/Versions/A/SecurityFoundation
0x0000000026413000 	/System/Library/PrivateFrameworks/LanguageModeling.framework/Versions/A/LanguageModeling
0x0000000026413000 	/usr/lib/libmarisa.dylib
0x0000000026413000 	/usr/lib/libChineseTokenizer.dylib
0x0000000026413000 	/usr/lib/libcmph.dylib
0x0000000026413000 	/System/Library/PrivateFrameworks/CoreEmoji.framework/Versions/A/CoreEmoji
0x0000000026413000 	/System/Library/Frameworks/ServiceManagement.framework/Versions/A/ServiceManagement
0x0000000026413000 	/usr/lib/libxslt.1.dylib
0x0000000026413000 	/System/Library/Frameworks/Carbon.framework/Versions/A/Frameworks/Ink.framework/Versions/A/Ink
0x0000000026413000 	/System/Library/PrivateFrameworks/TextureIO.framework/Versions/A/TextureIO
0x0000000026413000 	/System/Library/Frameworks/Metal.framework/Versions/A/Metal
0x0000000026413000 	/usr/lib/libate.dylib
0x0000000026413000 	/System/Library/PrivateFrameworks/GPUCompiler.framework/libmetal_timestamp.dylib
0x0000000026413000 	/System/Library/Frameworks/OpenGL.framework/Versions/A/Libraries/libCoreFSCache.dylib
0x0000000026413000 	/System/Library/PrivateFrameworks/IOAccelerator.framework/Versions/A/IOAccelerator
0x0000000026413000 	/System/Library/Frameworks/CoreVideo.framework/Versions/A/CoreVideo
0x0000000026413000 	/usr/lib/libFosl_dynamic.dylib
0x0000000026413000 	/System/Library/PrivateFrameworks/MetalPerformanceShaders.framework/Versions/A/MetalPerformanceShaders
0x0000000026413000 	/System/Library/PrivateFrameworks/FaceCore.framework/Versions/A/FaceCore
0x0000000026413000 	/System/Library/Frameworks/OpenCL.framework/Versions/A/OpenCL
0x0000000026413000 	/System/Library/Frameworks/OpenGL.framework/Versions/A/Libraries/libGLU.dylib
0x0000000026413000 	/System/Library/Frameworks/OpenGL.framework/Versions/A/Libraries/libGFXShared.dylib
0x0000000026413000 	/System/Library/Frameworks/OpenGL.framework/Versions/A/Libraries/libGL.dylib
0x0000000026413000 	/System/Library/Frameworks/OpenGL.framework/Versions/A/Libraries/libGLImage.dylib
0x0000000026413000 	/System/Library/Frameworks/OpenGL.framework/Versions/A/Libraries/libCVMSPluginSupport.dylib
0x0000000026413000 	/System/Library/Frameworks/OpenGL.framework/Versions/A/Libraries/libCoreVMClient.dylib
0x0000000026413000 	/System/Library/PrivateFrameworks/CrashReporterSupport.framework/Versions/A/CrashReporterSupport
0x0000000026413000 	/System/Library/PrivateFrameworks/Sharing.framework/Versions/A/Sharing
0x0000000026413000 	/System/Library/PrivateFrameworks/IconServices.framework/Versions/A/IconServices
0x0000000026413000 	/System/Library/PrivateFrameworks/ProtocolBuffer.framework/Versions/A/ProtocolBuffer
0x0000000026413000 	/System/Library/PrivateFrameworks/Apple80211.framework/Versions/A/Apple80211
0x0000000026413000 	/System/Library/Frameworks/CoreWLAN.framework/Versions/A/CoreWLAN
0x0000000026413000 	/System/Library/PrivateFrameworks/CoreUtils.framework/Versions/A/CoreUtils
0x0000000026413000 	/System/Library/Frameworks/IOBluetooth.framework/Versions/A/IOBluetooth
0x0000000026413000 	/System/Library/PrivateFrameworks/CoreWiFi.framework/Versions/A/CoreWiFi
0x0000000026413000 	/System/Library/Frameworks/CoreBluetooth.framework/Versions/A/CoreBluetooth
0x0000000026413000 	/System/Library/Frameworks/CoreDisplay.framework/Versions/A/CoreDisplay
0x0000000026413000 	/System/Library/PrivateFrameworks/IOPresentment.framework/Versions/A/IOPresentment
0x0000000026413000 	/System/Library/PrivateFrameworks/DebugSymbols.framework/Versions/A/DebugSymbols
0x0000000026413000 	/System/Library/PrivateFrameworks/CoreSymbolication.framework/Versions/A/CoreSymbolication
0x0000000026413000 	/System/Library/PrivateFrameworks/Symbolication.framework/Versions/A/Symbolication
0x0000000026413000 	/System/Library/PrivateFrameworks/AppleFSCompression.framework/Versions/A/AppleFSCompression
0x0000000026413000 	/System/Library/PrivateFrameworks/SpeechRecognitionCore.framework/Versions/A/SpeechRecognitionCore
0x0000000026413000 	/System/Library/PrivateFrameworks/ChunkingLibrary.framework/Versions/A/ChunkingLibrary
0x0000000107137000 	/Library/Java/JavaVirtualMachines/jdk1.8.0_60.jdk/Contents/Home/jre/lib/server/libjvm.dylib
0x0000000026413000 	/usr/lib/libstdc++.6.dylib
0x00000001065e4000 	/Library/Java/JavaVirtualMachines/jdk1.8.0_60.jdk/Contents/Home/jre/lib/libverify.dylib
0x00000001065f2000 	/Library/Java/JavaVirtualMachines/jdk1.8.0_60.jdk/Contents/Home/jre/lib/libjava.dylib
0x0000000106631000 	/Library/Java/JavaVirtualMachines/jdk1.8.0_60.jdk/Contents/Home/jre/lib/libzip.dylib
0x0000000123725000 	/System/Library/Frameworks/JavaVM.framework/Frameworks/JavaRuntimeSupport.framework/JavaRuntimeSupport
0x000000012373f000 	/System/Library/Frameworks/JavaVM.framework/Versions/A/Frameworks/JavaNativeFoundation.framework/Versions/A/JavaNativeFoundation
0x000000010709a000 	/System/Library/Frameworks/JavaVM.framework/Versions/A/JavaVM
0x0000000026413000 	/System/Library/Frameworks/Carbon.framework/Versions/A/Carbon
0x00000001081f1000 	/System/Library/PrivateFrameworks/JavaLaunching.framework/Versions/A/JavaLaunching
0x0000000026413000 	/System/Library/Frameworks/Carbon.framework/Versions/A/Frameworks/CommonPanels.framework/Versions/A/CommonPanels
0x0000000026413000 	/System/Library/Frameworks/Carbon.framework/Versions/A/Frameworks/Help.framework/Versions/A/Help
0x0000000026413000 	/System/Library/Frameworks/Carbon.framework/Versions/A/Frameworks/ImageCapture.framework/Versions/A/ImageCapture
0x0000000026413000 	/System/Library/Frameworks/Carbon.framework/Versions/A/Frameworks/OpenScripting.framework/Versions/A/OpenScripting
0x0000000026413000 	/System/Library/Frameworks/Carbon.framework/Versions/A/Frameworks/Print.framework/Versions/A/Print
0x0000000026413000 	/System/Library/Frameworks/Carbon.framework/Versions/A/Frameworks/SecurityHI.framework/Versions/A/SecurityHI
0x000000012506c000 	/Library/Java/JavaVirtualMachines/jdk1.8.0_60.jdk/Contents/Home/jre/lib/libawt.dylib
0x0000000125114000 	/Library/Java/JavaVirtualMachines/jdk1.8.0_60.jdk/Contents/Home/jre/lib/./libmlib_image.dylib
0x00000001251e0000 	/Library/Java/JavaVirtualMachines/jdk1.8.0_60.jdk/Contents/Home/jre/lib/libawt_lwawt.dylib
0x0000000125295000 	/Library/Java/JavaVirtualMachines/jdk1.8.0_60.jdk/Contents/Home/jre/lib/./libosxapp.dylib
0x0000000026413000 	/System/Library/Frameworks/ExceptionHandling.framework/Versions/A/ExceptionHandling
0x0000000026413000 	/System/Library/PrivateFrameworks/CoreServicesInternal.framework/Versions/A/CoreServicesInternal
0x0000000026413000 	/System/Library/CoreServices/RawCamera.bundle/Contents/MacOS/RawCamera
0x0000000026413000 	/System/Library/Frameworks/Accelerate.framework/Versions/A/Frameworks/vImage.framework/Versions/A/Libraries/libCGInterfaces.dylib
0x0000000026413000 	/System/Library/Frameworks/ApplicationServices.framework/Versions/A/Frameworks/ATS.framework/Versions/A/Resources/libTrueTypeScaler.dylib
0x0000000026413000 	/System/Library/Frameworks/OpenGL.framework/Versions/A/Resources/GLEngine.bundle/GLEngine
0x0000000026413000 	/System/Library/Frameworks/OpenGL.framework/Versions/A/Libraries/libGLProgrammability.dylib
0x0000000127045000 	/System/Library/Extensions/AppleIntelHD5000GraphicsGLDriver.bundle/Contents/MacOS/AppleIntelHD5000GraphicsGLDriver
0x0000000026413000 	/System/Library/PrivateFrameworks/GPUSupport.framework/Versions/A/Libraries/libGPUSupportMercury.dylib
0x0000000026413000 	/System/Library/Extensions/GeForceGLDriver.bundle/Contents/MacOS/GeForceGLDriver
0x0000000026413000 	/System/Library/Extensions/GeForceGLDriver.bundle/Contents/MacOS/libclh.dylib
0x0000000026413000 	/System/Library/Frameworks/OpenGL.framework/Versions/A/Resources/GLRendererFloat.bundle/GLRendererFloat
0x0000000026413000 	/System/Library/Frameworks/OpenCL.framework/Versions/A/Libraries/libcldcpuengine.dylib
0x0000000026413000 	/usr/lib/libcrypto.0.9.8.dylib
0x0000000026413000 	/System/Library/PrivateFrameworks/TrustEvaluationAgent.framework/Versions/A/TrustEvaluationAgent
0x0000000026413000 	/System/Library/Extensions/GeForceMTLDriver.bundle/Contents/MacOS/GeForceMTLDriver
0x00000001277db000 	/System/Library/Extensions/AppleIntelHD5000GraphicsMTLDriver.bundle/Contents/MacOS/AppleIntelHD5000GraphicsMTLDriver
0x0000000026413000 	/System/Library/PrivateFrameworks/FamilyControls.framework/Versions/A/FamilyControls
0x0000000026413000 	/System/Library/PrivateFrameworks/CommerceKit.framework/Versions/A/Frameworks/CommerceCore.framework/Versions/A/CommerceCore
0x0000000026413000 	/System/Library/PrivateFrameworks/SystemAdministration.framework/Versions/A/SystemAdministration
0x0000000026413000 	/System/Library/PrivateFrameworks/AppContainer.framework/Versions/A/AppContainer
0x0000000026413000 	/System/Library/PrivateFrameworks/SecCodeWrapper.framework/Versions/A/SecCodeWrapper
0x0000000026413000 	/System/Library/Frameworks/DirectoryService.framework/Versions/A/DirectoryService
0x0000000026413000 	/System/Library/PrivateFrameworks/DiskImages.framework/Versions/A/DiskImages
0x0000000026413000 	/System/Library/PrivateFrameworks/LoginUIKit.framework/Versions/A/Frameworks/LoginUICore.framework/Versions/A/LoginUICore
0x0000000026413000 	/usr/lib/libCoreStorage.dylib
0x0000000026413000 	/usr/lib/libcsfde.dylib
0x0000000026413000 	/usr/lib/libodfde.dylib
0x0000000026413000 	/System/Library/Frameworks/DiscRecording.framework/Versions/A/DiscRecording
0x0000000026413000 	/usr/lib/libcurl.4.dylib
0x0000000026413000 	/System/Library/PrivateFrameworks/MediaKit.framework/Versions/A/MediaKit
0x0000000026413000 	/System/Library/PrivateFrameworks/ProtectedCloudStorage.framework/Versions/A/ProtectedCloudStorage
0x0000000026413000 	/System/Library/PrivateFrameworks/EFILogin.framework/Versions/A/EFILogin
0x0000000026413000 	/usr/lib/libutil.dylib
0x0000000026413000 	/System/Library/Frameworks/LDAP.framework/Versions/A/LDAP
0x0000000026413000 	/usr/lib/libsasl2.2.dylib
0x0000000026413000 	/System/Library/PrivateFrameworks/CoreDaemon.framework/Versions/B/CoreDaemon
0x0000000026413000 	/System/Library/PrivateFrameworks/AppleSRP.framework/Versions/A/AppleSRP
0x0000000026413000 	/System/Library/PrivateFrameworks/APFS.framework/Versions/A/APFS
0x0000000128c1b000 	/Library/Java/JavaVirtualMachines/jdk1.8.0_60.jdk/Contents/Home/jre/lib/libfontmanager.dylib
0x0000000128c82000 	/Users/ShreyashPatodia/Desktop/Unimelb/Unimelb sem-3/Object Oriented Software Development/Projects/SLICK_HOME/mulit_platform_slick_libraries/liblwjgl.dylib
0x0000000126367000 	/Library/Java/JavaVirtualMachines/jdk1.8.0_60.jdk/Contents/Home/jre/lib/libjawt.dylib
0x0000000128d72000 	/Users/ShreyashPatodia/Desktop/Unimelb/Unimelb sem-3/Object Oriented Software Development/Projects/SLICK_HOME/mulit_platform_slick_libraries/libjinput-osx.dylib
0x000000012a793000 	/System/Library/Extensions/IOHIDFamily.kext/Contents/PlugIns/IOHIDLib.plugin/Contents/MacOS/IOHIDLib
0x000000012ae0f000 	/Library/Java/JavaVirtualMachines/jdk1.8.0_60.jdk/Contents/Home/jre/lib/libnio.dylib
0x000000012ae1f000 	/Library/Java/JavaVirtualMachines/jdk1.8.0_60.jdk/Contents/Home/jre/lib/./libnet.dylib

VM Arguments:
jvm_args: -Djava.library.path=/Users/ShreyashPatodia/Desktop/Unimelb/Unimelb sem-3/Object Oriented Software Development/Projects/SLICK_HOME/mulit_platform_slick_libraries -Dfile.encoding=UTF-8 
java_command: RPG
java_class_path (initial): /Users/ShreyashPatodia/Desktop/Unimelb/Unimelb sem-3/Object Oriented Software Development/Projects/Project-2/bin:/Users/ShreyashPatodia/Desktop/Unimelb/Unimelb sem-3/Object Oriented Software Development/Projects/Project-2/lib/jinput.jar:/Users/ShreyashPatodia/Desktop/Unimelb/Unimelb sem-3/Object Oriented Software Development/Projects/Project-2/lib/lwjgl.jar:/Users/ShreyashPatodia/Desktop/Unimelb/Unimelb sem-3/Object Oriented Software Development/Projects/Project-2/lib/slick.jar
Launcher Type: SUN_STANDARD

Environment Variables:
PATH=/usr/bin:/bin:/usr/sbin:/sbin
SHELL=/bin/bash

Signal Handlers:
SIGSEGV: [libjvm.dylib+0x5a6d31], sa_mask[0]=11111111011111110111111111111111, sa_flags=SA_ONSTACK|SA_RESTART|SA_SIGINFO
SIGBUS: [libjvm.dylib+0x5a6d31], sa_mask[0]=11111111011111110111111111111111, sa_flags=SA_RESTART|SA_SIGINFO
SIGFPE: [libjvm.dylib+0x480a4c], sa_mask[0]=11111111011111110111111111111111, sa_flags=SA_RESTART|SA_SIGINFO
SIGPIPE: [libjvm.dylib+0x480a4c], sa_mask[0]=11111111011111110111111111111111, sa_flags=SA_RESTART|SA_SIGINFO
SIGXFSZ: [libjvm.dylib+0x480a4c], sa_mask[0]=11111111011111110111111111111111, sa_flags=SA_RESTART|SA_SIGINFO
SIGILL: [libjvm.dylib+0x480a4c], sa_mask[0]=11111111011111110111111111111111, sa_flags=SA_RESTART|SA_SIGINFO
SIGUSR1: SIG_DFL, sa_mask[0]=00000000000000000000000000000000, sa_flags=none
SIGUSR2: [libjvm.dylib+0x48056a], sa_mask[0]=00100000000000000000000000000000, sa_flags=SA_RESTART|SA_SIGINFO
SIGHUP: [libjvm.dylib+0x47eb41], sa_mask[0]=11111111011111110111111111111111, sa_flags=SA_RESTART|SA_SIGINFO
SIGINT: [libjvm.dylib+0x47eb41], sa_mask[0]=11111111011111110111111111111111, sa_flags=SA_RESTART|SA_SIGINFO
SIGTERM: [libjvm.dylib+0x47eb41], sa_mask[0]=11111111011111110111111111111111, sa_flags=SA_RESTART|SA_SIGINFO
SIGQUIT: [libjvm.dylib+0x47eb41], sa_mask[0]=11111111011111110111111111111111, sa_flags=SA_RESTART|SA_SIGINFO


---------------  S Y S T E M  ---------------

OS:Bsduname:Darwin 16.0.0 Darwin Kernel Version 16.0.0: Mon Aug 29 17:56:20 PDT 2016; root:xnu-3789.1.32~3/RELEASE_X86_64 x86_64
rlimit: STACK 8192k, CORE 0k, NPROC 709, NOFILE 10240, AS infinity
load average:1.67 1.55 1.59

CPU:total 8 (4 cores per cpu, 2 threads per core) family 6 model 70 stepping 1, cmov, cx8, fxsr, mmx, sse, sse2, sse3, ssse3, sse4.1, sse4.2, popcnt, avx, avx2, aes, clmul, erms, rtm, lzcnt, ht, tsc, tscinvbit, bmi1, bmi2

Memory: 4k page, physical 16777216k(1610732k free)

/proc/meminfo:


vm_info: Java HotSpot(TM) 64-Bit Server VM (25.60-b23) for bsd-amd64 JRE (1.8.0_60-b27), built on Aug  4 2015 10:47:24 by "java_re" with gcc 4.2.1 (Based on Apple Inc. build 5658) (LLVM build 2336.11.00)

time: Fri Oct 14 06:31:49 2016
elapsed time: 12 seconds (0d 0h 0m 12s)

