#
# A fatal error has been detected by the Java Runtime Environment:
#
#  SIGSEGV (0xb) at pc=0x00007fffafd63b5d, pid=10996, tid=2059
#
# JRE version: Java(TM) SE Runtime Environment (8.0_60-b27) (build 1.8.0_60-b27)
# Java VM: Java HotSpot(TM) 64-Bit Server VM (25.60-b23 mixed mode bsd-amd64 compressed oops)
# Problematic frame:
# C  [libobjc.A.dylib+0x6b5d]  objc_msgSend+0x1d
#
# Failed to write core dump. Core dumps have been disabled. To enable core dumping, try "ulimit -c unlimited" before starting Java again
#
# If you would like to submit a bug report, please visit:
#   http://bugreport.java.com/bugreport/crash.jsp
# The crash happened outside the Java Virtual Machine in native code.
# See problematic frame for where to report the bug.
#

---------------  T H R E A D  ---------------

Current thread (0x00007ff92490d000):  JavaThread "AppKit Thread" daemon [_thread_in_native, id=2059, stack(0x00007fff517a9000,0x00007fff51fa9000)]

siginfo: si_signo: 11 (SIGSEGV), si_code: 1 (SEGV_MAPERR), si_addr: 0x0000000000000018

Registers:
RAX=0x0000000000000000, RBX=0x00007ff926304fe0, RCX=0x0000000000000000, RDX=0x00000000000fc030
RSP=0x00007fff51fa37a8, RBP=0x00007fff51fa37d0, RSI=0x00007fff99e3e656, RDI=0x00007ff923fb16e0
R8 =0x0000000000000001, R9 =0x00007ff926600050, R10=0x0000000000000000, R11=0x00007fff99e3e656
R12=0x0000000000000094, R13=0x00007fff99e23787, R14=0x00007ff923fb16e0, R15=0x0000000000000000
RIP=0x00007fffafd63b5d, EFLAGS=0x0000000000010246, ERR=0x0000000000000004
  TRAPNO=0x000000000000000e

Top of Stack: (sp=0x00007fff51fa37a8)
0x00007fff51fa37a8:   00000001182b7598 00007ff926304fe0
0x00007fff51fa37b8:   00000001182ebc60 00007ff923f526b0
0x00007fff51fa37c8:   00007ff923f526b0 00007fff51fa3d40
0x00007fff51fa37d8:   00007fff993fce1a 0000000000000000
0x00007fff51fa37e8:   0000000000000000 4089000000000000
0x00007fff51fa37f8:   4082c00000000000 0000000000000000
0x00007fff51fa3808:   0000000000000000 4089000000000000
0x00007fff51fa3818:   4082c00000000000 00007fff51fa3840
0x00007fff51fa3828:   00007fff9bda15f8 0000000000000580
0x00007fff51fa3838:   ffff8006dc0b8d10 00007ff923f472f0
0x00007fff51fa3848:   00007fffb9293480 00007fff51fa38b0
0x00007fff51fa3858:   00007fffafd6bd13 00007fffb9293a00
0x00007fff51fa3868:   0000000199de3f00 00007ff923f472f0
0x00007fff51fa3878:   ffff8006dc0b8d10 00007ff924212f10
0x00007fff51fa3888:   00007ff923f60420 00007fff99de3f00
0x00007fff51fa3898:   00007ff926304fe0 00007fffafd63b40
0x00007fff51fa38a8:   00007fff51fa3910 00007fff51fa3900
0x00007fff51fa38b8:   00007fff99a6281f 401c000000000000
0x00007fff51fa38c8:   4082e00000000000 402c000000000000
0x00007fff51fa38d8:   0000000000000000 00007fff00000000
0x00007fff51fa38e8:   0000000000000000 00007fff99df7010
0x00007fff51fa38f8:   00007ff923f60400 0000000151fa3950
0x00007fff51fa3908:   00007ff923f60420 0000000000000088
0x00007fff51fa3918:   00007ff923f5b290 012c000000000000
0x00007fff51fa3928:   00007ff926304fe0 00007fff51fa3950
0x00007fff51fa3938:   00007ff923f60420 00007fff51fa3a20
0x00007fff51fa3948:   00007ff923f60420 00007fff51fa3990
0x00007fff51fa3958:   00007fff994b5572 401c000000000000
0x00007fff51fa3968:   4082d80000000000 402c000000000000
0x00007fff51fa3978:   4030000000000000 00007fff51fa3a20
0x00007fff51fa3988:   00007ff923f60420 00007fff51fa3a10
0x00007fff51fa3998:   00007fff994b5514 401c000000000000 

Instructions: (pc=0x00007fffafd63b5d)
0x00007fffafd63b3d:   0f 1f 00 48 85 ff 2e 74 62 40 f6 c7 01 2e 75 66
0x00007fffafd63b4d:   49 ba f8 ff ff ff ff 7f 00 00 4c 23 17 49 89 f3
0x00007fffafd63b5d:   45 23 5a 18 49 c1 e3 04 4d 03 5a 10 49 3b 33 75
0x00007fffafd63b6d:   04 41 ff 63 08 49 83 3b 01 76 0d 49 83 c3 10 49 

Register to memory mapping:

RAX=0x0000000000000000 is an unknown value
RBX=0x00007ff926304fe0 is an unknown value
RCX=0x0000000000000000 is an unknown value
RDX=0x00000000000fc030 is an unknown value
RSP=0x00007fff51fa37a8 is pointing into the stack for thread: 0x00007ff92490d000
RBP=0x00007fff51fa37d0 is pointing into the stack for thread: 0x00007ff92490d000
RSI=0x00007fff99e3e656: __NSStyleNameIndexTable+0xcd969 in /System/Library/Frameworks/AppKit.framework/Versions/C/AppKit at 0x00007fff99260000
RDI=0x00007ff923fb16e0 is an unknown value
R8 =0x0000000000000001 is an unknown value
R9 =0x00007ff926600050 is an unknown value
R10=0x0000000000000000 is an unknown value
R11=0x00007fff99e3e656: __NSStyleNameIndexTable+0xcd969 in /System/Library/Frameworks/AppKit.framework/Versions/C/AppKit at 0x00007fff99260000
R12=0x0000000000000094 is an unknown value
R13=0x00007fff99e23787: __NSStyleNameIndexTable+0xb2a9a in /System/Library/Frameworks/AppKit.framework/Versions/C/AppKit at 0x00007fff99260000
R14=0x00007ff923fb16e0 is an unknown value
R15=0x0000000000000000 is an unknown value


Stack: [0x00007fff517a9000,0x00007fff51fa9000],  sp=0x00007fff51fa37a8,  free space=8169k
Native frames: (J=compiled Java code, j=interpreted, Vv=VM code, C=native code)
C  [libobjc.A.dylib+0x6b5d]  objc_msgSend+0x1d
C  [AppKit+0x19ce1a]  -[NSView _recursiveDisplayRectIfNeededIgnoringOpacity:isVisibleRect:rectIsVisibleRectForView:topView:]+0x6ee
C  [AppKit+0x19d670]  -[NSView _recursiveDisplayRectIfNeededIgnoringOpacity:isVisibleRect:rectIsVisibleRectForView:topView:]+0xf44
C  [AppKit+0x19c24f]  -[NSThemeFrame _recursiveDisplayRectIfNeededIgnoringOpacity:isVisibleRect:rectIsVisibleRectForView:topView:]+0x14e
C  [AppKit+0x19a677]  -[NSView _displayRectIgnoringOpacity:isVisibleRect:rectIsVisibleRectForView:]+0x994
C  [AppKit+0x195f60]  -[NSView displayIfNeeded]+0x6d4
C  [AppKit+0x195873]  -[NSWindow displayIfNeeded]+0xe6
C  [AppKit+0x87ae32]  ___NSWindowGetDisplayCycleObserver_block_invoke.6208+0x115
C  [AppKit+0x195355]  __37+[NSDisplayCycle currentDisplayCycle]_block_invoke+0x1c6
C  [QuartzCore+0x11a4a]  _ZN2CA11Transaction19run_commit_handlersE18CATransactionPhase+0x2e
C  [QuartzCore+0x119270]  _ZN2CA7Context18commit_transactionEPNS_11TransactionE+0xa0
C  [QuartzCore+0x105e5]  _ZN2CA11Transaction6commitEv+0x1db
C  [AppKit+0x46b1cd]  __37+[NSDisplayCycle currentDisplayCycle]_block_invoke.31+0x143
C  [CoreFoundation+0xa6f67]  __CFRUNLOOP_IS_CALLING_OUT_TO_AN_OBSERVER_CALLBACK_FUNCTION__+0x17
C  [CoreFoundation+0xa6ed7]  __CFRunLoopDoObservers+0x187
C  [CoreFoundation+0x87b79]  __CFRunLoopRun+0x369
C  [CoreFoundation+0x875b4]  CFRunLoopRunSpecific+0x1a4
C  [HIToolbox+0x30f6c]  RunCurrentEventLoopInMode+0xf0
C  [HIToolbox+0x30ca9]  ReceiveNextEventCommon+0xb8
C  [HIToolbox+0x30bd6]  _BlockUntilNextEventMatchingListInModeWithFilter+0x47
C  [AppKit+0x475f5]  _DPSNextEvent+0x445
C  [AppKit+0x7578eb]  -[NSApplication(NSEvent) _nextEventMatchingEventMask:untilDate:inMode:dequeue:]+0x665
C  [libosxapp.dylib+0x23aa]  -[NSApplicationAWT nextEventMatchingMask:untilDate:inMode:dequeue:]+0x7c
C  [AppKit+0x3bfbd]  -[NSApplication run]+0x39e
C  [libosxapp.dylib+0x214d]  +[NSApplicationAWT runAWTLoopWithApp:]+0x9c
C  [libawt_lwawt.dylib+0x44517]  -[AWTStarter starter:]+0x389
C  [Foundation+0x71f2a]  __NSThreadPerformPerform+0x146
C  [CoreFoundation+0xa7551]  __CFRUNLOOP_IS_CALLING_OUT_TO_A_SOURCE0_PERFORM_FUNCTION__+0x11
C  [CoreFoundation+0x886bd]  __CFRunLoopDoSources0+0x22d
C  [CoreFoundation+0x87bb6]  __CFRunLoopRun+0x3a6
C  [CoreFoundation+0x875b4]  CFRunLoopRunSpecific+0x1a4
C  [java+0x6463]  CreateExecutionEnvironment+0x367
C  [java+0x21ac]  JLI_Launch+0x7a0
C  [java+0x84c0]  main+0x65
C  [java+0x1a04]  start+0x34
C  0x0000000000000006


---------------  P R O C E S S  ---------------

Java Threads: ( => current thread )
  0x00007ff92b800000 JavaThread "AWT-Shutdown" [_thread_blocked, id=58911, stack(0x000070000c798000,0x000070000c898000)]
  0x00007ff925173800 JavaThread "Java2D Queue Flusher" daemon [_thread_blocked, id=68871, stack(0x000070000e0ef000,0x000070000e1ef000)]
  0x00007ff9259f8000 JavaThread "Java2D Disposer" daemon [_thread_blocked, id=61963, stack(0x000070000dfec000,0x000070000e0ec000)]
=>0x00007ff92490d000 JavaThread "AppKit Thread" daemon [_thread_in_native, id=2059, stack(0x00007fff517a9000,0x00007fff51fa9000)]
  0x00007ff92582d800 JavaThread "Service Thread" daemon [_thread_blocked, id=21251, stack(0x000070000da54000,0x000070000db54000)]
  0x00007ff925010800 JavaThread "C1 CompilerThread3" daemon [_thread_blocked, id=20739, stack(0x000070000d951000,0x000070000da51000)]
  0x00007ff925010000 JavaThread "C2 CompilerThread2" daemon [_thread_blocked, id=20227, stack(0x000070000d84e000,0x000070000d94e000)]
  0x00007ff92500f000 JavaThread "C2 CompilerThread1" daemon [_thread_blocked, id=19715, stack(0x000070000d74b000,0x000070000d84b000)]
  0x00007ff924838000 JavaThread "C2 CompilerThread0" daemon [_thread_blocked, id=19203, stack(0x000070000d648000,0x000070000d748000)]
  0x00007ff924846000 JavaThread "Signal Dispatcher" daemon [_thread_blocked, id=18691, stack(0x000070000d545000,0x000070000d645000)]
  0x00007ff925855800 JavaThread "Finalizer" daemon [_thread_blocked, id=14595, stack(0x000070000d442000,0x000070000d542000)]
  0x00007ff925854800 JavaThread "Reference Handler" daemon [_thread_blocked, id=14083, stack(0x000070000d33f000,0x000070000d43f000)]
  0x00007ff925005800 JavaThread "main" [_thread_in_native, id=7171, stack(0x000070000c921000,0x000070000ca21000)]

Other Threads:
  0x00007ff925852000 VMThread [stack: 0x000070000d23c000,0x000070000d33c000] [id=13571]
  0x00007ff925885000 WatcherThread [stack: 0x000070000db57000,0x000070000dc57000] [id=21763]

VM state:not at safepoint (normal execution)

VM Mutex/Monitor currently owned by a thread: None

Heap:
 PSYoungGen      total 76288K, used 40923K [0x000000076ab00000, 0x0000000770000000, 0x00000007c0000000)
  eden space 65536K, 62% used [0x000000076ab00000,0x000000076d2f6ff0,0x000000076eb00000)
  from space 10752K, 0% used [0x000000076f580000,0x000000076f580000,0x0000000770000000)
  to   space 10752K, 0% used [0x000000076eb00000,0x000000076eb00000,0x000000076f580000)
 ParOldGen       total 175104K, used 0K [0x00000006c0000000, 0x00000006cab00000, 0x000000076ab00000)
  object space 175104K, 0% used [0x00000006c0000000,0x00000006c0000000,0x00000006cab00000)
 Metaspace       used 10969K, capacity 11169K, committed 11520K, reserved 1058816K
  class space    used 1161K, capacity 1215K, committed 1280K, reserved 1048576K

Card table byte_map: [0x0000000110149000,0x000000011094a000] byte_map_base: 0x000000010cb49000

Marking Bits: (ParMarkBitMap*) 0x000000010f6dee20
 Begin Bits: [0x000000012785d000, 0x000000012b85d000)
 End Bits:   [0x000000012b85d000, 0x000000012f85d000)

Polling page: 0x000000010dd17000

CodeCache: size=245760Kb used=4797Kb max_used=4797Kb free=240962Kb
 bounds [0x000000011885d000, 0x0000000118d1d000, 0x000000012785d000]
 total_blobs=1629 nmethods=1106 adapters=437
 compilation: enabled

Compilation events (10 events):
Event: 57.514 Thread 0x00007ff925010800 1103       3       java.nio.HeapByteBuffer::getLong (19 bytes)
Event: 57.514 Thread 0x00007ff925010800 nmethod 1103 0x0000000118cee0d0 code [0x0000000118cee280, 0x0000000118cee628]
Event: 57.514 Thread 0x00007ff925010800 1104       3       java.nio.Bits::getLong (18 bytes)
Event: 57.515 Thread 0x00007ff925010800 nmethod 1104 0x0000000118cedc90 code [0x0000000118cede00, 0x0000000118cedff8]
Event: 58.295 Thread 0x00007ff925010800 1105   !   3       org.lwjgl.input.Mouse::isButtonDown (61 bytes)
Event: 58.295 Thread 0x00007ff925010800 nmethod 1105 0x0000000118d0ded0 code [0x0000000118d0e080, 0x0000000118d0e678]
Event: 58.431 Thread 0x00007ff925010800 1106       1       org.newdawn.slick.BasicGame::isAcceptingInput (2 bytes)
Event: 58.431 Thread 0x00007ff925010800 nmethod 1106 0x0000000118d0e8d0 code [0x0000000118d0ea20, 0x0000000118d0eb30]
Event: 58.930 Thread 0x00007ff925010800 1107       3       java.util.WeakHashMap::remove (133 bytes)
Event: 58.930 Thread 0x00007ff925010800 nmethod 1107 0x0000000118d0eb90 code [0x0000000118d0ed80, 0x0000000118d0f848]

GC Heap History (0 events):
No events

Deoptimization events (10 events):
Event: 24.109 Thread 0x00007ff925005800 Uncommon trap: reason=unstable_if action=reinterpret pc=0x0000000118c03fbc method=org.lwjgl.opengl.MacOSXNativeKeyboard.flushDeferredEvent()V @ 4
Event: 24.424 Thread 0x00007ff925005800 Uncommon trap: reason=unstable_if action=reinterpret pc=0x0000000118bef6d0 method=org.newdawn.slick.tiled.TiledMap.getTileProperty(ILjava/lang/String;Ljava/lang/String;)Ljava/lang/String; @ 23
Event: 25.212 Thread 0x00007ff925005800 Uncommon trap: reason=unstable_if action=reinterpret pc=0x0000000118bfcd50 method=org.lwjgl.opengl.MacOSXNativeKeyboard.flushDeferredEvent()V @ 4
Event: 25.269 Thread 0x00007ff925005800 Uncommon trap: reason=unstable_if action=reinterpret pc=0x0000000118c9868c method=RPG.update(Lorg/newdawn/slick/GameContainer;I)V @ 50
Event: 25.509 Thread 0x00007ff925005800 Uncommon trap: reason=unstable_if action=reinterpret pc=0x0000000118be6f74 method=org.lwjgl.opengl.MacOSXNativeKeyboard.flushDeferredEvent()V @ 4
Event: 41.645 Thread 0x00007ff925005800 Uncommon trap: reason=unstable_if action=reinterpret pc=0x0000000118cc5890 method=java.util.LinkedHashMap.afterNodeAccess(Ljava/util/HashMap$Node;)V @ 14
Event: 42.646 Thread 0x00007ff925005800 Uncommon trap: reason=unstable_if action=reinterpret pc=0x0000000118cb5660 method=java.util.LinkedHashMap.afterNodeAccess(Ljava/util/HashMap$Node;)V @ 14
Event: 56.738 Thread 0x00007ff925005800 Uncommon trap: reason=unstable_if action=reinterpret pc=0x0000000118cbef18 method=org.newdawn.slick.Input.poll(II)V @ 1039
Event: 56.746 Thread 0x00007ff925005800 Uncommon trap: reason=unstable_if action=reinterpret pc=0x0000000118c882cc method=org.lwjgl.input.Mouse.next()Z @ 28
Event: 58.903 Thread 0x00007ff925005800 Uncommon trap: reason=unstable_if action=reinterpret pc=0x0000000118bf33e0 method=org.newdawn.slick.AppGameContainer.gameLoop()V @ 60

Internal exceptions (10 events):
Event: 0.127 Thread 0x00007ff925005800 Exception <a 'java/lang/NoSuchFieldError': method resolution failed> (0x000000076b021fb8) thrown at [/Users/java_re/workspace/8-2-build-macosx-x86_64/jdk8u60/4407/hotspot/src/share/vm/prims/methodHandles.cpp, line 1146]
Event: 0.259 Thread 0x00007ff925005800 Exception <a 'java/io/FileNotFoundException'> (0x000000076b09d180) thrown at [/Users/java_re/workspace/8-2-build-macosx-x86_64/jdk8u60/4407/hotspot/src/share/vm/prims/jni.cpp, line 709]
Event: 0.259 Thread 0x00007ff925005800 Exception <a 'java/io/FileNotFoundException'> (0x000000076b09dd10) thrown at [/Users/java_re/workspace/8-2-build-macosx-x86_64/jdk8u60/4407/hotspot/src/share/vm/prims/jni.cpp, line 709]
Event: 1.114 Thread 0x00007ff925005800 Exception <a 'java/io/IOException'> (0x000000076b6762f0) thrown at [/Users/java_re/workspace/8-2-build-macosx-x86_64/jdk8u60/4407/hotspot/src/share/vm/prims/jni.cpp, line 709]
Event: 1.114 Thread 0x00007ff925005800 Exception <a 'java/io/IOException'> (0x000000076b676bd8) thrown at [/Users/java_re/workspace/8-2-build-macosx-x86_64/jdk8u60/4407/hotspot/src/share/vm/prims/jni.cpp, line 709]
Event: 1.114 Thread 0x00007ff925005800 Exception <a 'java/io/IOException'> (0x000000076b677430) thrown at [/Users/java_re/workspace/8-2-build-macosx-x86_64/jdk8u60/4407/hotspot/src/share/vm/prims/jni.cpp, line 709]
Event: 1.114 Thread 0x00007ff925005800 Exception <a 'java/io/IOException'> (0x000000076b677c88) thrown at [/Users/java_re/workspace/8-2-build-macosx-x86_64/jdk8u60/4407/hotspot/src/share/vm/prims/jni.cpp, line 709]
Event: 1.386 Thread 0x00007ff925005800 Exception <a 'java/io/FileNotFoundException'> (0x000000076bc9a328) thrown at [/Users/java_re/workspace/8-2-build-macosx-x86_64/jdk8u60/4407/hotspot/src/share/vm/prims/jni.cpp, line 709]
Event: 1.471 Thread 0x00007ff925005800 Implicit null exception at 0x0000000118b2eba4 to 0x0000000118b2edd1
Event: 1.473 Thread 0x00007ff925005800 Implicit null exception at 0x0000000118b4f526 to 0x0000000118b4faf5

Events (10 events):
Event: 56.738 Thread 0x00007ff925005800 DEOPT PACKING pc=0x0000000118cbef18 sp=0x000070000ca20760
Event: 56.738 Thread 0x00007ff925005800 DEOPT UNPACKING pc=0x0000000118862229 sp=0x000070000ca20730 mode 2
Event: 56.746 Thread 0x00007ff925005800 Uncommon trap: trap_request=0xffffff65 fr.pc=0x0000000118c882cc
Event: 56.746 Thread 0x00007ff925005800 DEOPT PACKING pc=0x0000000118c882cc sp=0x000070000ca20720
Event: 56.746 Thread 0x00007ff925005800 DEOPT UNPACKING pc=0x0000000118862229 sp=0x000070000ca206a8 mode 2
Event: 58.903 Thread 0x00007ff925005800 Uncommon trap: trap_request=0xffffff65 fr.pc=0x0000000118bf33e0
Event: 58.903 Thread 0x00007ff925005800 DEOPT PACKING pc=0x0000000118bf33e0 sp=0x000070000ca20840
Event: 58.903 Thread 0x00007ff925005800 DEOPT UNPACKING pc=0x0000000118862229 sp=0x000070000ca20808 mode 2
Event: 58.930 loading class org/lwjgl/opengl/CallbackUtil
Event: 58.930 loading class org/lwjgl/opengl/CallbackUtil done


Dynamic libraries:
0x0000000026413000 	/System/Library/Frameworks/Cocoa.framework/Versions/A/Cocoa
0x0000000026413000 	/System/Library/Frameworks/Security.framework/Versions/A/Security
0x0000000026413000 	/System/Library/Frameworks/ApplicationServices.framework/Versions/A/ApplicationServices
0x0000000026413000 	/usr/lib/libz.1.dylib
0x0000000026413000 	/usr/lib/libSystem.B.dylib
0x0000000026413000 	/usr/lib/libobjc.A.dylib
0x0000000026413000 	/System/Library/Frameworks/CoreFoundation.framework/Versions/A/CoreFoundation
0x0000000026413000 	/System/Library/Frameworks/Foundation.framework/Versions/C/Foundation
0x0000000026413000 	/System/Library/Frameworks/AppKit.framework/Versions/C/AppKit
0x0000000026413000 	/System/Library/Frameworks/CoreData.framework/Versions/A/CoreData
0x0000000026413000 	/System/Library/PrivateFrameworks/RemoteViewServices.framework/Versions/A/RemoteViewServices
0x0000000026413000 	/System/Library/PrivateFrameworks/UIFoundation.framework/Versions/A/UIFoundation
0x0000000026413000 	/usr/lib/libenergytrace.dylib
0x0000000026413000 	/System/Library/PrivateFrameworks/SkyLight.framework/Versions/A/SkyLight
0x0000000026413000 	/System/Library/Frameworks/CoreGraphics.framework/Versions/A/CoreGraphics
0x0000000026413000 	/usr/lib/libScreenReader.dylib
0x0000000026413000 	/System/Library/Frameworks/Accelerate.framework/Versions/A/Accelerate
0x0000000026413000 	/System/Library/Frameworks/IOSurface.framework/Versions/A/IOSurface
0x0000000026413000 	/System/Library/Frameworks/AudioToolbox.framework/Versions/A/AudioToolbox
0x0000000026413000 	/System/Library/Frameworks/AudioUnit.framework/Versions/A/AudioUnit
0x0000000026413000 	/System/Library/PrivateFrameworks/DataDetectorsCore.framework/Versions/A/DataDetectorsCore
0x0000000026413000 	/System/Library/PrivateFrameworks/DesktopServicesPriv.framework/Versions/A/DesktopServicesPriv
0x0000000026413000 	/System/Library/Frameworks/Carbon.framework/Versions/A/Frameworks/HIToolbox.framework/Versions/A/HIToolbox
0x0000000026413000 	/usr/lib/libicucore.A.dylib
0x0000000026413000 	/System/Library/Frameworks/QuartzCore.framework/Versions/A/QuartzCore
0x0000000026413000 	/System/Library/Frameworks/Carbon.framework/Versions/A/Frameworks/SpeechRecognition.framework/Versions/A/SpeechRecognition
0x0000000026413000 	/usr/lib/libauto.dylib
0x0000000026413000 	/usr/lib/libxml2.2.dylib
0x0000000026413000 	/System/Library/PrivateFrameworks/CoreUI.framework/Versions/A/CoreUI
0x0000000026413000 	/System/Library/Frameworks/CoreAudio.framework/Versions/A/CoreAudio
0x0000000026413000 	/System/Library/Frameworks/DiskArbitration.framework/Versions/A/DiskArbitration
0x0000000026413000 	/usr/lib/liblangid.dylib
0x0000000026413000 	/System/Library/PrivateFrameworks/MultitouchSupport.framework/Versions/A/MultitouchSupport
0x0000000026413000 	/System/Library/Frameworks/IOKit.framework/Versions/A/IOKit
0x0000000026413000 	/usr/lib/libDiagnosticMessagesClient.dylib
0x0000000026413000 	/System/Library/Frameworks/CoreServices.framework/Versions/A/CoreServices
0x0000000026413000 	/System/Library/PrivateFrameworks/PerformanceAnalysis.framework/Versions/A/PerformanceAnalysis
0x0000000026413000 	/System/Library/PrivateFrameworks/GenerationalStorage.framework/Versions/A/GenerationalStorage
0x0000000026413000 	/System/Library/Frameworks/OpenGL.framework/Versions/A/OpenGL
0x0000000026413000 	/System/Library/Frameworks/CoreImage.framework/Versions/A/CoreImage
0x0000000026413000 	/System/Library/Frameworks/CoreText.framework/Versions/A/CoreText
0x0000000026413000 	/System/Library/Frameworks/ImageIO.framework/Versions/A/ImageIO
0x0000000026413000 	/System/Library/PrivateFrameworks/Backup.framework/Versions/A/Backup
0x0000000026413000 	/usr/lib/libarchive.2.dylib
0x0000000026413000 	/System/Library/Frameworks/CFNetwork.framework/Versions/A/CFNetwork
0x0000000026413000 	/System/Library/Frameworks/SystemConfiguration.framework/Versions/A/SystemConfiguration
0x0000000026413000 	/usr/lib/libCRFSuite.dylib
0x0000000026413000 	/usr/lib/libc++.1.dylib
0x0000000026413000 	/usr/lib/libc++abi.dylib
0x0000000026413000 	/usr/lib/system/libcache.dylib
0x0000000026413000 	/usr/lib/system/libcommonCrypto.dylib
0x0000000026413000 	/usr/lib/system/libcompiler_rt.dylib
0x0000000026413000 	/usr/lib/system/libcopyfile.dylib
0x0000000026413000 	/usr/lib/system/libcorecrypto.dylib
0x0000000026413000 	/usr/lib/system/libdispatch.dylib
0x0000000026413000 	/usr/lib/system/libdyld.dylib
0x0000000026413000 	/usr/lib/system/libkeymgr.dylib
0x0000000026413000 	/usr/lib/system/liblaunch.dylib
0x0000000026413000 	/usr/lib/system/libmacho.dylib
0x0000000026413000 	/usr/lib/system/libquarantine.dylib
0x0000000026413000 	/usr/lib/system/libremovefile.dylib
0x0000000026413000 	/usr/lib/system/libsystem_asl.dylib
0x0000000026413000 	/usr/lib/system/libsystem_blocks.dylib
0x0000000026413000 	/usr/lib/system/libsystem_c.dylib
0x0000000026413000 	/usr/lib/system/libsystem_configuration.dylib
0x0000000026413000 	/usr/lib/system/libsystem_coreservices.dylib
0x0000000026413000 	/usr/lib/system/libsystem_coretls.dylib
0x0000000026413000 	/usr/lib/system/libsystem_dnssd.dylib
0x0000000026413000 	/usr/lib/system/libsystem_info.dylib
0x0000000026413000 	/usr/lib/system/libsystem_kernel.dylib
0x0000000026413000 	/usr/lib/system/libsystem_m.dylib
0x0000000026413000 	/usr/lib/system/libsystem_malloc.dylib
0x0000000026413000 	/usr/lib/system/libsystem_network.dylib
0x0000000026413000 	/usr/lib/system/libsystem_networkextension.dylib
0x0000000026413000 	/usr/lib/system/libsystem_notify.dylib
0x0000000026413000 	/usr/lib/system/libsystem_platform.dylib
0x0000000026413000 	/usr/lib/system/libsystem_pthread.dylib
0x0000000026413000 	/usr/lib/system/libsystem_sandbox.dylib
0x0000000026413000 	/usr/lib/system/libsystem_secinit.dylib
0x0000000026413000 	/usr/lib/system/libsystem_symptoms.dylib
0x0000000026413000 	/usr/lib/system/libsystem_trace.dylib
0x0000000026413000 	/usr/lib/system/libunwind.dylib
0x0000000026413000 	/usr/lib/system/libxpc.dylib
0x0000000026413000 	/usr/lib/libbsm.0.dylib
0x0000000026413000 	/usr/lib/system/libkxld.dylib
0x0000000026413000 	/usr/lib/libcoretls.dylib
0x0000000026413000 	/usr/lib/libcoretls_cfhelpers.dylib
0x0000000026413000 	/usr/lib/libxar.1.dylib
0x0000000026413000 	/usr/lib/libsqlite3.dylib
0x0000000026413000 	/usr/lib/libpam.2.dylib
0x0000000026413000 	/usr/lib/libOpenScriptingUtil.dylib
0x0000000026413000 	/usr/lib/libbz2.1.0.dylib
0x0000000026413000 	/usr/lib/liblzma.5.dylib
0x0000000026413000 	/usr/lib/libnetwork.dylib
0x0000000026413000 	/usr/lib/libpcap.A.dylib
0x0000000026413000 	/System/Library/Frameworks/CoreServices.framework/Versions/A/Frameworks/FSEvents.framework/Versions/A/FSEvents
0x0000000026413000 	/System/Library/Frameworks/CoreServices.framework/Versions/A/Frameworks/CarbonCore.framework/Versions/A/CarbonCore
0x0000000026413000 	/System/Library/Frameworks/CoreServices.framework/Versions/A/Frameworks/Metadata.framework/Versions/A/Metadata
0x0000000026413000 	/System/Library/Frameworks/CoreServices.framework/Versions/A/Frameworks/OSServices.framework/Versions/A/OSServices
0x0000000026413000 	/System/Library/Frameworks/CoreServices.framework/Versions/A/Frameworks/SearchKit.framework/Versions/A/SearchKit
0x0000000026413000 	/System/Library/Frameworks/CoreServices.framework/Versions/A/Frameworks/AE.framework/Versions/A/AE
0x0000000026413000 	/System/Library/Frameworks/CoreServices.framework/Versions/A/Frameworks/LaunchServices.framework/Versions/A/LaunchServices
0x0000000026413000 	/System/Library/Frameworks/CoreServices.framework/Versions/A/Frameworks/DictionaryServices.framework/Versions/A/DictionaryServices
0x0000000026413000 	/System/Library/Frameworks/CoreServices.framework/Versions/A/Frameworks/SharedFileList.framework/Versions/A/SharedFileList
0x0000000026413000 	/System/Library/Frameworks/NetFS.framework/Versions/A/NetFS
0x0000000026413000 	/System/Library/PrivateFrameworks/NetAuth.framework/Versions/A/NetAuth
0x0000000026413000 	/System/Library/PrivateFrameworks/login.framework/Versions/A/Frameworks/loginsupport.framework/Versions/A/loginsupport
0x0000000026413000 	/System/Library/PrivateFrameworks/TCC.framework/Versions/A/TCC
0x0000000026413000 	/usr/lib/libmecabra.dylib
0x0000000026413000 	/System/Library/Frameworks/ApplicationServices.framework/Versions/A/Frameworks/ATS.framework/Versions/A/ATS
0x0000000026413000 	/System/Library/Frameworks/ApplicationServices.framework/Versions/A/Frameworks/ColorSync.framework/Versions/A/ColorSync
0x0000000026413000 	/System/Library/Frameworks/ApplicationServices.framework/Versions/A/Frameworks/HIServices.framework/Versions/A/HIServices
0x0000000026413000 	/System/Library/Frameworks/ApplicationServices.framework/Versions/A/Frameworks/LangAnalysis.framework/Versions/A/LangAnalysis
0x0000000026413000 	/System/Library/Frameworks/ApplicationServices.framework/Versions/A/Frameworks/PrintCore.framework/Versions/A/PrintCore
0x0000000026413000 	/System/Library/Frameworks/ApplicationServices.framework/Versions/A/Frameworks/QD.framework/Versions/A/QD
0x0000000026413000 	/System/Library/Frameworks/ApplicationServices.framework/Versions/A/Frameworks/SpeechSynthesis.framework/Versions/A/SpeechSynthesis
0x0000000026413000 	/System/Library/Frameworks/Accelerate.framework/Versions/A/Frameworks/vImage.framework/Versions/A/vImage
0x0000000026413000 	/System/Library/Frameworks/Accelerate.framework/Versions/A/Frameworks/vecLib.framework/Versions/A/vecLib
0x0000000026413000 	/System/Library/Frameworks/Accelerate.framework/Versions/A/Frameworks/vecLib.framework/Versions/A/libvDSP.dylib
0x0000000026413000 	/System/Library/Frameworks/Accelerate.framework/Versions/A/Frameworks/vecLib.framework/Versions/A/libBNNS.dylib
0x0000000026413000 	/System/Library/Frameworks/Accelerate.framework/Versions/A/Frameworks/vecLib.framework/Versions/A/libQuadrature.dylib
0x0000000026413000 	/System/Library/Frameworks/Accelerate.framework/Versions/A/Frameworks/vecLib.framework/Versions/A/libvMisc.dylib
0x0000000026413000 	/System/Library/Frameworks/Accelerate.framework/Versions/A/Frameworks/vecLib.framework/Versions/A/libLAPACK.dylib
0x0000000026413000 	/System/Library/Frameworks/Accelerate.framework/Versions/A/Frameworks/vecLib.framework/Versions/A/libBLAS.dylib
0x0000000026413000 	/System/Library/Frameworks/Accelerate.framework/Versions/A/Frameworks/vecLib.framework/Versions/A/libLinearAlgebra.dylib
0x0000000026413000 	/System/Library/Frameworks/Accelerate.framework/Versions/A/Frameworks/vecLib.framework/Versions/A/libSparseBLAS.dylib
0x0000000026413000 	/System/Library/Frameworks/ApplicationServices.framework/Versions/A/Frameworks/ATS.framework/Versions/A/Resources/libFontParser.dylib
0x0000000026413000 	/System/Library/Frameworks/ApplicationServices.framework/Versions/A/Frameworks/ATS.framework/Versions/A/Resources/libFontRegistry.dylib
0x0000000026413000 	/System/Library/Frameworks/ImageIO.framework/Versions/A/Resources/libJPEG.dylib
0x0000000026413000 	/System/Library/Frameworks/ImageIO.framework/Versions/A/Resources/libTIFF.dylib
0x0000000026413000 	/System/Library/Frameworks/ImageIO.framework/Versions/A/Resources/libPng.dylib
0x0000000026413000 	/System/Library/Frameworks/ImageIO.framework/Versions/A/Resources/libGIF.dylib
0x0000000026413000 	/System/Library/Frameworks/ImageIO.framework/Versions/A/Resources/libJP2.dylib
0x0000000026413000 	/System/Library/Frameworks/ImageIO.framework/Versions/A/Resources/libRadiance.dylib
0x0000000026413000 	/usr/lib/libcompression.dylib
0x0000000026413000 	/System/Library/PrivateFrameworks/AppleJPEG.framework/Versions/A/AppleJPEG
0x0000000026413000 	/usr/lib/libcups.2.dylib
0x0000000026413000 	/System/Library/Frameworks/Kerberos.framework/Versions/A/Kerberos
0x0000000026413000 	/System/Library/Frameworks/GSS.framework/Versions/A/GSS
0x0000000026413000 	/usr/lib/libresolv.9.dylib
0x0000000026413000 	/usr/lib/libiconv.2.dylib
0x0000000026413000 	/System/Library/PrivateFrameworks/Heimdal.framework/Versions/A/Heimdal
0x0000000026413000 	/usr/lib/libheimdal-asn1.dylib
0x0000000026413000 	/System/Library/Frameworks/OpenDirectory.framework/Versions/A/OpenDirectory
0x0000000026413000 	/System/Library/PrivateFrameworks/CommonAuth.framework/Versions/A/CommonAuth
0x0000000026413000 	/System/Library/Frameworks/OpenDirectory.framework/Versions/A/Frameworks/CFOpenDirectory.framework/Versions/A/CFOpenDirectory
0x0000000026413000 	/System/Library/Frameworks/SecurityFoundation.framework/Versions/A/SecurityFoundation
0x0000000026413000 	/System/Library/PrivateFrameworks/LanguageModeling.framework/Versions/A/LanguageModeling
0x0000000026413000 	/usr/lib/libmarisa.dylib
0x0000000026413000 	/usr/lib/libChineseTokenizer.dylib
0x0000000026413000 	/usr/lib/libcmph.dylib
0x0000000026413000 	/System/Library/PrivateFrameworks/CoreEmoji.framework/Versions/A/CoreEmoji
0x0000000026413000 	/System/Library/Frameworks/ServiceManagement.framework/Versions/A/ServiceManagement
0x0000000026413000 	/usr/lib/libxslt.1.dylib
0x0000000026413000 	/System/Library/Frameworks/Carbon.framework/Versions/A/Frameworks/Ink.framework/Versions/A/Ink
0x0000000026413000 	/System/Library/PrivateFrameworks/TextureIO.framework/Versions/A/TextureIO
0x0000000026413000 	/System/Library/Frameworks/Metal.framework/Versions/A/Metal
0x0000000026413000 	/usr/lib/libate.dylib
0x0000000026413000 	/System/Library/PrivateFrameworks/GPUCompiler.framework/libmetal_timestamp.dylib
0x0000000026413000 	/System/Library/Frameworks/OpenGL.framework/Versions/A/Libraries/libCoreFSCache.dylib
0x0000000026413000 	/System/Library/PrivateFrameworks/IOAccelerator.framework/Versions/A/IOAccelerator
0x0000000026413000 	/System/Library/Frameworks/CoreVideo.framework/Versions/A/CoreVideo
0x0000000026413000 	/usr/lib/libFosl_dynamic.dylib
0x0000000026413000 	/System/Library/PrivateFrameworks/MetalPerformanceShaders.framework/Versions/A/MetalPerformanceShaders
0x0000000026413000 	/System/Library/PrivateFrameworks/FaceCore.framework/Versions/A/FaceCore
0x0000000026413000 	/System/Library/Frameworks/OpenCL.framework/Versions/A/OpenCL
0x0000000026413000 	/System/Library/Frameworks/OpenGL.framework/Versions/A/Libraries/libGLU.dylib
0x0000000026413000 	/System/Library/Frameworks/OpenGL.framework/Versions/A/Libraries/libGFXShared.dylib
0x0000000026413000 	/System/Library/Frameworks/OpenGL.framework/Versions/A/Libraries/libGL.dylib
0x0000000026413000 	/System/Library/Frameworks/OpenGL.framework/Versions/A/Libraries/libGLImage.dylib
0x0000000026413000 	/System/Library/Frameworks/OpenGL.framework/Versions/A/Libraries/libCVMSPluginSupport.dylib
0x0000000026413000 	/System/Library/Frameworks/OpenGL.framework/Versions/A/Libraries/libCoreVMClient.dylib
0x0000000026413000 	/System/Library/PrivateFrameworks/CrashReporterSupport.framework/Versions/A/CrashReporterSupport
0x0000000026413000 	/System/Library/PrivateFrameworks/Sharing.framework/Versions/A/Sharing
0x0000000026413000 	/System/Library/PrivateFrameworks/IconServices.framework/Versions/A/IconServices
0x0000000026413000 	/System/Library/PrivateFrameworks/ProtocolBuffer.framework/Versions/A/ProtocolBuffer
0x0000000026413000 	/System/Library/PrivateFrameworks/Apple80211.framework/Versions/A/Apple80211
0x0000000026413000 	/System/Library/Frameworks/CoreWLAN.framework/Versions/A/CoreWLAN
0x0000000026413000 	/System/Library/PrivateFrameworks/CoreUtils.framework/Versions/A/CoreUtils
0x0000000026413000 	/System/Library/Frameworks/IOBluetooth.framework/Versions/A/IOBluetooth
0x0000000026413000 	/System/Library/PrivateFrameworks/CoreWiFi.framework/Versions/A/CoreWiFi
0x0000000026413000 	/System/Library/Frameworks/CoreBluetooth.framework/Versions/A/CoreBluetooth
0x0000000026413000 	/System/Library/Frameworks/CoreDisplay.framework/Versions/A/CoreDisplay
0x0000000026413000 	/System/Library/PrivateFrameworks/IOPresentment.framework/Versions/A/IOPresentment
0x0000000026413000 	/System/Library/PrivateFrameworks/DebugSymbols.framework/Versions/A/DebugSymbols
0x0000000026413000 	/System/Library/PrivateFrameworks/CoreSymbolication.framework/Versions/A/CoreSymbolication
0x0000000026413000 	/System/Library/PrivateFrameworks/Symbolication.framework/Versions/A/Symbolication
0x0000000026413000 	/System/Library/PrivateFrameworks/AppleFSCompression.framework/Versions/A/AppleFSCompression
0x0000000026413000 	/System/Library/PrivateFrameworks/SpeechRecognitionCore.framework/Versions/A/SpeechRecognitionCore
0x0000000026413000 	/System/Library/PrivateFrameworks/ChunkingLibrary.framework/Versions/A/ChunkingLibrary
0x000000010ee00000 	/Library/Java/JavaVirtualMachines/jdk1.8.0_60.jdk/Contents/Home/jre/lib/server/libjvm.dylib
0x0000000026413000 	/usr/lib/libstdc++.6.dylib
0x000000010dcd4000 	/Library/Java/JavaVirtualMachines/jdk1.8.0_60.jdk/Contents/Home/jre/lib/libverify.dylib
0x000000010dce2000 	/Library/Java/JavaVirtualMachines/jdk1.8.0_60.jdk/Contents/Home/jre/lib/libjava.dylib
0x000000010dd21000 	/Library/Java/JavaVirtualMachines/jdk1.8.0_60.jdk/Contents/Home/jre/lib/libzip.dylib
0x0000000113d6b000 	/System/Library/Frameworks/JavaVM.framework/Frameworks/JavaRuntimeSupport.framework/JavaRuntimeSupport
0x0000000113d85000 	/System/Library/Frameworks/JavaVM.framework/Versions/A/Frameworks/JavaNativeFoundation.framework/Versions/A/JavaNativeFoundation
0x0000000113d9a000 	/System/Library/Frameworks/JavaVM.framework/Versions/A/JavaVM
0x0000000026413000 	/System/Library/Frameworks/Carbon.framework/Versions/A/Carbon
0x0000000113da7000 	/System/Library/PrivateFrameworks/JavaLaunching.framework/Versions/A/JavaLaunching
0x0000000026413000 	/System/Library/Frameworks/Carbon.framework/Versions/A/Frameworks/CommonPanels.framework/Versions/A/CommonPanels
0x0000000026413000 	/System/Library/Frameworks/Carbon.framework/Versions/A/Frameworks/Help.framework/Versions/A/Help
0x0000000026413000 	/System/Library/Frameworks/Carbon.framework/Versions/A/Frameworks/ImageCapture.framework/Versions/A/ImageCapture
0x0000000026413000 	/System/Library/Frameworks/Carbon.framework/Versions/A/Frameworks/OpenScripting.framework/Versions/A/OpenScripting
0x0000000026413000 	/System/Library/Frameworks/Carbon.framework/Versions/A/Frameworks/Print.framework/Versions/A/Print
0x0000000026413000 	/System/Library/Frameworks/Carbon.framework/Versions/A/Frameworks/SecurityHI.framework/Versions/A/SecurityHI
0x00000001156cf000 	/Library/Java/JavaVirtualMachines/jdk1.8.0_60.jdk/Contents/Home/jre/lib/libawt.dylib
0x0000000115777000 	/Library/Java/JavaVirtualMachines/jdk1.8.0_60.jdk/Contents/Home/jre/lib/./libmlib_image.dylib
0x0000000115843000 	/Library/Java/JavaVirtualMachines/jdk1.8.0_60.jdk/Contents/Home/jre/lib/libawt_lwawt.dylib
0x00000001158f8000 	/Library/Java/JavaVirtualMachines/jdk1.8.0_60.jdk/Contents/Home/jre/lib/./libosxapp.dylib
0x0000000026413000 	/System/Library/Frameworks/ExceptionHandling.framework/Versions/A/ExceptionHandling
0x0000000026413000 	/System/Library/PrivateFrameworks/CoreServicesInternal.framework/Versions/A/CoreServicesInternal
0x0000000026413000 	/System/Library/CoreServices/RawCamera.bundle/Contents/MacOS/RawCamera
0x0000000026413000 	/System/Library/Frameworks/Accelerate.framework/Versions/A/Frameworks/vImage.framework/Versions/A/Libraries/libCGInterfaces.dylib
0x0000000026413000 	/System/Library/Frameworks/ApplicationServices.framework/Versions/A/Frameworks/ATS.framework/Versions/A/Resources/libTrueTypeScaler.dylib
0x0000000026413000 	/System/Library/Frameworks/OpenGL.framework/Versions/A/Resources/GLEngine.bundle/GLEngine
0x0000000026413000 	/System/Library/Frameworks/OpenGL.framework/Versions/A/Libraries/libGLProgrammability.dylib
0x00000001176aa000 	/System/Library/Extensions/AppleIntelHD5000GraphicsGLDriver.bundle/Contents/MacOS/AppleIntelHD5000GraphicsGLDriver
0x0000000026413000 	/System/Library/PrivateFrameworks/GPUSupport.framework/Versions/A/Libraries/libGPUSupportMercury.dylib
0x0000000026413000 	/System/Library/Extensions/GeForceGLDriver.bundle/Contents/MacOS/GeForceGLDriver
0x0000000026413000 	/System/Library/Extensions/GeForceGLDriver.bundle/Contents/MacOS/libclh.dylib
0x0000000026413000 	/System/Library/Frameworks/OpenGL.framework/Versions/A/Resources/GLRendererFloat.bundle/GLRendererFloat
0x0000000026413000 	/System/Library/Frameworks/OpenCL.framework/Versions/A/Libraries/libcldcpuengine.dylib
0x0000000026413000 	/usr/lib/libcrypto.0.9.8.dylib
0x0000000026413000 	/System/Library/PrivateFrameworks/TrustEvaluationAgent.framework/Versions/A/TrustEvaluationAgent
0x0000000026413000 	/System/Library/Extensions/GeForceMTLDriver.bundle/Contents/MacOS/GeForceMTLDriver
0x0000000117e40000 	/System/Library/Extensions/AppleIntelHD5000GraphicsMTLDriver.bundle/Contents/MacOS/AppleIntelHD5000GraphicsMTLDriver
0x0000000026413000 	/System/Library/PrivateFrameworks/FamilyControls.framework/Versions/A/FamilyControls
0x0000000026413000 	/System/Library/PrivateFrameworks/CommerceKit.framework/Versions/A/Frameworks/CommerceCore.framework/Versions/A/CommerceCore
0x0000000026413000 	/System/Library/PrivateFrameworks/SystemAdministration.framework/Versions/A/SystemAdministration
0x0000000026413000 	/System/Library/PrivateFrameworks/AppContainer.framework/Versions/A/AppContainer
0x0000000026413000 	/System/Library/PrivateFrameworks/SecCodeWrapper.framework/Versions/A/SecCodeWrapper
0x0000000026413000 	/System/Library/Frameworks/DirectoryService.framework/Versions/A/DirectoryService
0x0000000026413000 	/System/Library/PrivateFrameworks/DiskImages.framework/Versions/A/DiskImages
0x0000000026413000 	/System/Library/PrivateFrameworks/LoginUIKit.framework/Versions/A/Frameworks/LoginUICore.framework/Versions/A/LoginUICore
0x0000000026413000 	/usr/lib/libCoreStorage.dylib
0x0000000026413000 	/usr/lib/libcsfde.dylib
0x0000000026413000 	/usr/lib/libodfde.dylib
0x0000000026413000 	/System/Library/Frameworks/DiscRecording.framework/Versions/A/DiscRecording
0x0000000026413000 	/usr/lib/libcurl.4.dylib
0x0000000026413000 	/System/Library/PrivateFrameworks/MediaKit.framework/Versions/A/MediaKit
0x0000000026413000 	/System/Library/PrivateFrameworks/ProtectedCloudStorage.framework/Versions/A/ProtectedCloudStorage
0x0000000026413000 	/System/Library/PrivateFrameworks/EFILogin.framework/Versions/A/EFILogin
0x0000000026413000 	/usr/lib/libutil.dylib
0x0000000026413000 	/System/Library/Frameworks/LDAP.framework/Versions/A/LDAP
0x0000000026413000 	/usr/lib/libsasl2.2.dylib
0x0000000026413000 	/System/Library/PrivateFrameworks/CoreDaemon.framework/Versions/B/CoreDaemon
0x0000000026413000 	/System/Library/PrivateFrameworks/AppleSRP.framework/Versions/A/AppleSRP
0x0000000026413000 	/System/Library/PrivateFrameworks/APFS.framework/Versions/A/APFS
0x0000000118246000 	/Library/Java/JavaVirtualMachines/jdk1.8.0_60.jdk/Contents/Home/jre/lib/libfontmanager.dylib
0x00000001182ad000 	/Users/ShreyashPatodia/Desktop/Unimelb/Unimelb sem-3/Object Oriented Software Development/Projects/SLICK_HOME/mulit_platform_slick_libraries/liblwjgl.dylib
0x00000001169cc000 	/Library/Java/JavaVirtualMachines/jdk1.8.0_60.jdk/Contents/Home/jre/lib/libjawt.dylib
0x000000011839c000 	/Users/ShreyashPatodia/Desktop/Unimelb/Unimelb sem-3/Object Oriented Software Development/Projects/SLICK_HOME/mulit_platform_slick_libraries/libjinput-osx.dylib
0x0000000131e53000 	/System/Library/Extensions/IOHIDFamily.kext/Contents/PlugIns/IOHIDLib.plugin/Contents/MacOS/IOHIDLib
0x00000001324c2000 	/Library/Java/JavaVirtualMachines/jdk1.8.0_60.jdk/Contents/Home/jre/lib/libnio.dylib
0x00000001324d2000 	/Library/Java/JavaVirtualMachines/jdk1.8.0_60.jdk/Contents/Home/jre/lib/./libnet.dylib

VM Arguments:
jvm_args: -Djava.library.path=/Users/ShreyashPatodia/Desktop/Unimelb/Unimelb sem-3/Object Oriented Software Development/Projects/SLICK_HOME/mulit_platform_slick_libraries -Dfile.encoding=UTF-8 
java_command: RPG
java_class_path (initial): /Users/ShreyashPatodia/Desktop/Unimelb/Unimelb sem-3/Object Oriented Software Development/Projects/Project-2/bin:/Users/ShreyashPatodia/Desktop/Unimelb/Unimelb sem-3/Object Oriented Software Development/Projects/Project-2/lib/jinput.jar:/Users/ShreyashPatodia/Desktop/Unimelb/Unimelb sem-3/Object Oriented Software Development/Projects/Project-2/lib/lwjgl.jar:/Users/ShreyashPatodia/Desktop/Unimelb/Unimelb sem-3/Object Oriented Software Development/Projects/Project-2/lib/slick.jar
Launcher Type: SUN_STANDARD

Environment Variables:
PATH=/usr/bin:/bin:/usr/sbin:/sbin
SHELL=/bin/bash

Signal Handlers:
SIGSEGV: [libjvm.dylib+0x5a6d31], sa_mask[0]=11111111011111110111111111111111, sa_flags=SA_ONSTACK|SA_RESTART|SA_SIGINFO
SIGBUS: [libjvm.dylib+0x5a6d31], sa_mask[0]=11111111011111110111111111111111, sa_flags=SA_RESTART|SA_SIGINFO
SIGFPE: [libjvm.dylib+0x480a4c], sa_mask[0]=11111111011111110111111111111111, sa_flags=SA_RESTART|SA_SIGINFO
SIGPIPE: [libjvm.dylib+0x480a4c], sa_mask[0]=11111111011111110111111111111111, sa_flags=SA_RESTART|SA_SIGINFO
SIGXFSZ: [libjvm.dylib+0x480a4c], sa_mask[0]=11111111011111110111111111111111, sa_flags=SA_RESTART|SA_SIGINFO
SIGILL: [libjvm.dylib+0x480a4c], sa_mask[0]=11111111011111110111111111111111, sa_flags=SA_RESTART|SA_SIGINFO
SIGUSR1: SIG_DFL, sa_mask[0]=00000000000000000000000000000000, sa_flags=none
SIGUSR2: [libjvm.dylib+0x48056a], sa_mask[0]=00100000000000000000000000000000, sa_flags=SA_RESTART|SA_SIGINFO
SIGHUP: [libjvm.dylib+0x47eb41], sa_mask[0]=11111111011111110111111111111111, sa_flags=SA_RESTART|SA_SIGINFO
SIGINT: [libjvm.dylib+0x47eb41], sa_mask[0]=11111111011111110111111111111111, sa_flags=SA_RESTART|SA_SIGINFO
SIGTERM: [libjvm.dylib+0x47eb41], sa_mask[0]=11111111011111110111111111111111, sa_flags=SA_RESTART|SA_SIGINFO
SIGQUIT: [libjvm.dylib+0x47eb41], sa_mask[0]=11111111011111110111111111111111, sa_flags=SA_RESTART|SA_SIGINFO


---------------  S Y S T E M  ---------------

OS:Bsduname:Darwin 16.0.0 Darwin Kernel Version 16.0.0: Mon Aug 29 17:56:20 PDT 2016; root:xnu-3789.1.32~3/RELEASE_X86_64 x86_64
rlimit: STACK 8192k, CORE 0k, NPROC 709, NOFILE 10240, AS infinity
load average:1.37 1.58 1.64

CPU:total 8 (4 cores per cpu, 2 threads per core) family 6 model 70 stepping 1, cmov, cx8, fxsr, mmx, sse, sse2, sse3, ssse3, sse4.1, sse4.2, popcnt, avx, avx2, aes, clmul, erms, rtm, lzcnt, ht, tsc, tscinvbit, bmi1, bmi2

Memory: 4k page, physical 16777216k(1826816k free)

/proc/meminfo:


vm_info: Java HotSpot(TM) 64-Bit Server VM (25.60-b23) for bsd-amd64 JRE (1.8.0_60-b27), built on Aug  4 2015 10:47:24 by "java_re" with gcc 4.2.1 (Based on Apple Inc. build 5658) (LLVM build 2336.11.00)

time: Fri Oct 14 06:26:16 2016
elapsed time: 58 seconds (0d 0h 0m 58s)

