#
# A fatal error has been detected by the Java Runtime Environment:
#
#  SIGSEGV (0xb) at pc=0x00007fff918b3330, pid=65679, tid=2571
#
# JRE version: Java(TM) SE Runtime Environment (8.0_60-b27) (build 1.8.0_60-b27)
# Java VM: Java HotSpot(TM) 64-Bit Server VM (25.60-b23 mixed mode bsd-amd64 compressed oops)
# Problematic frame:
# C  [libobjc.A.dylib+0xb330]  objc_storeWeak+0x112
#
# Failed to write core dump. Core dumps have been disabled. To enable core dumping, try "ulimit -c unlimited" before starting Java again
#
# If you would like to submit a bug report, please visit:
#   http://bugreport.java.com/bugreport/crash.jsp
# The crash happened outside the Java Virtual Machine in native code.
# See problematic frame for where to report the bug.
#

---------------  T H R E A D  ---------------

Current thread (0x00007fab890ac000):  JavaThread "AppKit Thread" daemon [_thread_in_native, id=2571, stack(0x00007fff5a6d5000,0x00007fff5aed5000)]

siginfo: si_signo: 11 (SIGSEGV), si_code: 1 (SEGV_MAPERR), si_addr: 0x0000000000000000

Registers:
RAX=0x00007fab89002a00, RBX=0x00007fff78bc9d00, RCX=0x0000000000000000, RDX=0x00007ffffffffff8
RSP=0x00007fff5aed0380, RBP=0x00007fff5aed03f0, RSI=0x00007fab89003000, RDI=0x00007fff78bc9d00
R8 =0x00007fff91d39a67, R9 =0x00007fab8844faa0, R10=0x000000000000010e, R11=0x0000000000000016
R12=0x00007fab88785370, R13=0x0000000000000000, R14=0x00007fff78bcb580, R15=0x0000000000000000
RIP=0x00007fff918b3330, EFLAGS=0x0000000000010206, ERR=0x0000000000000004
  TRAPNO=0x000000000000000e

Top of Stack: (sp=0x00007fff5aed0380)
0x00007fff5aed0380:   ffff805477bb0560 00007fab88785170
0x00007fff5aed0390:   0000000000001880 0000000000000000
0x00007fff5aed03a0:   0000000000000000 0000000000000000
0x00007fff5aed03b0:   00007fab8845a620 0000000000000031
0x00007fff5aed03c0:   000000000000000a 00007fab8844faa0
0x00007fff5aed03d0:   0000000000000000 00007fab8874ccf0
0x00007fff5aed03e0:   00007fab88785170 00007fab8845a620
0x00007fff5aed03f0:   00007fff5aed0430 00007fff91d33973
0x00007fff5aed0400:   00007fab8844faa0 0000000000000000
0x00007fff5aed0410:   00007fab8845a620 00007fff918a94c0
0x00007fff5aed0420:   00007fab8844faa0 00007fff7919c388
0x00007fff5aed0430:   00007fff5aed0460 00007fff92f4df6a
0x00007fff5aed0440:   00007fff5aed04d8 00007fff918a94c0
0x00007fff5aed0450:   00007fab8845a620 00007fab8844faa0
0x00007fff5aed0460:   00007fff5aed0490 00007fff9328d6dd
0x00007fff5aed0470:   0000000000000000 0000000000000094
0x00007fff5aed0480:   00007fff5aed04d8 0000000000000001
0x00007fff5aed0490:   00007fff5aed04c0 00007fff92d8b325
0x00007fff5aed04a0:   00007fab8844faa0 00007fab8845a620
0x00007fff5aed04b0:   00007fab8844faa0 0000000000000000
0x00007fff5aed04c0:   00007fff5aed0520 00007fff92f4dc0d
0x00007fff5aed04d0:   0000000000000000 00007fff766540a0
0x00007fff5aed04e0:   0000000042000000 00007fff9328d607
0x00007fff5aed04f0:   00007fff78f089e0 0000000000000000
0x00007fff5aed0500:   00007fab8845a620 00007fab8844faa0
0x00007fff5aed0510:   00007fab8844faa0 00007fab8845a620
0x00007fff5aed0520:   00007fff5aed0550 0000000126d98586
0x00007fff5aed0530:   00007fab8844faa0 0000000126dccc60
0x00007fff5aed0540:   00007fab8874ccf0 00007fab8844faa0
0x00007fff5aed0550:   00007fff5aed0a30 00007fff92db0797
0x00007fff5aed0560:   0000000000000000 0000000000000000
0x00007fff5aed0570:   4089000000000000 4082c00000000000 

Instructions: (pc=0x00007fff918b3330)
0x00007fff918b3310:   0d 8b a2 25 e7 48 8b 34 c1 48 8b 45 b8 48 39 c6
0x00007fff918b3320:   74 48 48 8b 46 20 48 89 c1 48 21 d1 48 8b 49 08
0x00007fff918b3330:   f6 01 01 75 0a 48 8b 06 48 21 d0 48 8b 40 20 48
0x00007fff918b3340:   21 d0 f6 40 03 20 75 22 49 89 f7 48 89 df e8 6d 

Register to memory mapping:

RAX=0x00007fab89002a00 is an unknown value
RBX=0x00007fff78bc9d00: _ZN12_GLOBAL__N_1L12SideTableBufE+0 in /usr/lib/libobjc.A.dylib at 0x00007fff918a8000
RCX=0x0000000000000000 is an unknown value
RDX=0x00007ffffffffff8 is an unknown value
RSP=0x00007fff5aed0380 is pointing into the stack for thread: 0x00007fab890ac000
RBP=0x00007fff5aed03f0 is pointing into the stack for thread: 0x00007fab890ac000
RSI=0x00007fab89003000 is a thread
RDI=0x00007fff78bc9d00: _ZN12_GLOBAL__N_1L12SideTableBufE+0 in /usr/lib/libobjc.A.dylib at 0x00007fff918a8000
R8 =0x00007fff91d39a67: storeARCWeakAt+0 in /System/Library/Frameworks/Foundation.framework/Versions/C/Foundation at 0x00007fff91d1a000
R9 =0x00007fab8844faa0 is an unknown value
R10=0x000000000000010e is an unknown value
R11=0x0000000000000016 is an unknown value
R12=0x00007fab88785370 is an unknown value
R13=0x0000000000000000 is an unknown value
R14=0x00007fff78bcb580: _ZN12_GLOBAL__N_1L12SideTableBufE+0x1880 in /usr/lib/libobjc.A.dylib at 0x00007fff918a8000
R15=0x0000000000000000 is an unknown value


Stack: [0x00007fff5a6d5000,0x00007fff5aed5000],  sp=0x00007fff5aed0380,  free space=8172k
Native frames: (J=compiled Java code, j=interpreted, Vv=VM code, C=native code)
C  [libobjc.A.dylib+0xb330]  objc_storeWeak+0x112
C  [Foundation+0x19973]  -[NSConcreteMapTable setObject:forKey:]+0x6e
C  [AppKit+0x345f6a]  -[NSView(NSOpenGLContextAssociation) _setOpenGLContext:]+0xf2
C  [AppKit+0x6856dd]  __27-[NSOpenGLContext setView:]_block_invoke+0xd6
C  [AppKit+0x183325]  NSPerformVisuallyAtomicChange+0x93
C  [AppKit+0x345c0d]  -[NSOpenGLContext setView:]+0x77
C  [liblwjgl.dylib+0xa586]  -[MacOSXOpenGLView lockFocus]+0x76
C  [AppKit+0x1a8797]  -[NSView _recursiveDisplayRectIfNeededIgnoringOpacity:isVisibleRect:rectIsVisibleRectForView:topView:]+0x6e2
C  [AppKit+0x1a9785]  -[NSView _recursiveDisplayRectIfNeededIgnoringOpacity:isVisibleRect:rectIsVisibleRectForView:topView:]+0x16d0
C  [AppKit+0x1a7be0]  -[NSThemeFrame _recursiveDisplayRectIfNeededIgnoringOpacity:isVisibleRect:rectIsVisibleRectForView:topView:]+0x14e
C  [AppKit+0x1a5feb]  -[NSView _displayRectIgnoringOpacity:isVisibleRect:rectIsVisibleRectForView:]+0x991
C  [AppKit+0x1a13f5]  -[NSView displayIfNeeded]+0x79e
C  [AppKit+0x1a0c3c]  -[NSWindow displayIfNeeded]+0xe8
C  [AppKit+0x82541b]  ___NSWindowGetDisplayCycleObserver_block_invoke6365+0x1dc
C  [AppKit+0x1a05d6]  __37+[NSDisplayCycle currentDisplayCycle]_block_invoke+0x3ad
C  [QuartzCore+0x10f71]  CA::Transaction::run_commit_handlers(CATransactionPhase)+0x55
C  [QuartzCore+0x1042c]  CA::Context::commit_transaction(CA::Transaction*)+0xa0
C  [QuartzCore+0x100ec]  CA::Transaction::commit()+0x1fc
C  [QuartzCore+0x1b977]  CA::Transaction::observer_callback(__CFRunLoopObserver*, unsigned long, void*)+0x47
C  [CoreFoundation+0xaa067]  __CFRUNLOOP_IS_CALLING_OUT_TO_AN_OBSERVER_CALLBACK_FUNCTION__+0x17
C  [CoreFoundation+0xa9fd7]  __CFRunLoopDoObservers+0x187
C  [CoreFoundation+0x88ef8]  CFRunLoopRunSpecific+0x148
C  [HIToolbox+0x30935]  RunCurrentEventLoopInMode+0xeb
C  [HIToolbox+0x30677]  ReceiveNextEventCommon+0xb8
C  [HIToolbox+0x305af]  _BlockUntilNextEventMatchingListInModeWithFilter+0x47
C  [AppKit+0x48df6]  _DPSNextEvent+0x42b
C  [AppKit+0x48226]  -[NSApplication _nextEventMatchingEventMask:untilDate:inMode:dequeue:]+0x1c6
C  [libosxapp.dylib+0x23aa]  -[NSApplicationAWT nextEventMatchingMask:untilDate:inMode:dequeue:]+0x7c
C  [AppKit+0x3cd80]  -[NSApplication run]+0x2aa
C  [libosxapp.dylib+0x214d]  +[NSApplicationAWT runAWTLoopWithApp:]+0x9c
C  [libawt_lwawt.dylib+0x44517]  -[AWTStarter starter:]+0x389
C  [Foundation+0x76fde]  __NSThreadPerformPerform+0x117
C  [CoreFoundation+0xaa881]  __CFRUNLOOP_IS_CALLING_OUT_TO_A_SOURCE0_PERFORM_FUNCTION__+0x11
C  [CoreFoundation+0x89fbc]  __CFRunLoopDoSources0+0x22c
C  [CoreFoundation+0x894df]  __CFRunLoopRun+0x39f
C  [CoreFoundation+0x88ed8]  CFRunLoopRunSpecific+0x128
C  [java+0x6463]  CreateExecutionEnvironment+0x367
C  [java+0x21ac]  JLI_Launch+0x7a0
C  [java+0x84c0]  main+0x65
C  [java+0x1a04]  start+0x34
C  0x0000000000000006


---------------  P R O C E S S  ---------------

Java Threads: ( => current thread )
  0x00007fab88909000 JavaThread "Java2D Queue Flusher" daemon [_thread_blocked, id=62471, stack(0x0000700001a71000,0x0000700001b71000)]
  0x00007fab888e9800 JavaThread "Java2D Disposer" daemon [_thread_blocked, id=57095, stack(0x000070000196e000,0x0000700001a6e000)]
  0x00007fab88817800 JavaThread "AWT-Shutdown" [_thread_blocked, id=31507, stack(0x000070000165f000,0x000070000175f000)]
=>0x00007fab890ac000 JavaThread "AppKit Thread" daemon [_thread_in_native, id=2571, stack(0x00007fff5a6d5000,0x00007fff5aed5000)]
  0x00007fab89001000 JavaThread "Service Thread" daemon [_thread_blocked, id=20995, stack(0x00007000012d0000,0x00007000013d0000)]
  0x00007fab88817000 JavaThread "C1 CompilerThread3" daemon [_thread_blocked, id=20483, stack(0x00007000011cd000,0x00007000012cd000)]
  0x00007fab88816000 JavaThread "C2 CompilerThread2" daemon [_thread_blocked, id=19971, stack(0x00007000010ca000,0x00007000011ca000)]
  0x00007fab89803000 JavaThread "C2 CompilerThread1" daemon [_thread_blocked, id=19459, stack(0x0000700000fc7000,0x00007000010c7000)]
  0x00007fab8a069800 JavaThread "C2 CompilerThread0" daemon [_thread_blocked, id=18947, stack(0x0000700000ec4000,0x0000700000fc4000)]
  0x00007fab8a077800 JavaThread "Signal Dispatcher" daemon [_thread_blocked, id=14863, stack(0x0000700000dc1000,0x0000700000ec1000)]
  0x00007fab8a039000 JavaThread "Finalizer" daemon [_thread_blocked, id=14339, stack(0x0000700000c3b000,0x0000700000d3b000)]
  0x00007fab8a038800 JavaThread "Reference Handler" daemon [_thread_blocked, id=13827, stack(0x0000700000b38000,0x0000700000c38000)]
  0x00007fab89003000 JavaThread "main" [_thread_in_native, id=5891, stack(0x000070000011a000,0x000070000021a000)]

Other Threads:
  0x00007fab8a036000 VMThread [stack: 0x0000700000a35000,0x0000700000b35000] [id=13315]
  0x00007fab89012000 WatcherThread [stack: 0x00007000013d3000,0x00007000014d3000] [id=21507]

VM state:not at safepoint (normal execution)

VM Mutex/Monitor currently owned by a thread: None

Heap:
 PSYoungGen      total 76288K, used 24969K [0x000000076ab00000, 0x0000000770000000, 0x00000007c0000000)
  eden space 65536K, 38% used [0x000000076ab00000,0x000000076c362490,0x000000076eb00000)
  from space 10752K, 0% used [0x000000076f580000,0x000000076f580000,0x0000000770000000)
  to   space 10752K, 0% used [0x000000076eb00000,0x000000076eb00000,0x000000076f580000)
 ParOldGen       total 175104K, used 0K [0x00000006c0000000, 0x00000006cab00000, 0x000000076ab00000)
  object space 175104K, 0% used [0x00000006c0000000,0x00000006c0000000,0x00000006cab00000)
 Metaspace       used 10804K, capacity 10977K, committed 11264K, reserved 1058816K
  class space    used 1142K, capacity 1215K, committed 1280K, reserved 1048576K

Card table byte_map: [0x0000000116352000,0x0000000116b53000] byte_map_base: 0x0000000112d52000

Marking Bits: (ParMarkBitMap*) 0x00000001068dee20
 Begin Bits: [0x00000001170a9000, 0x000000011b0a9000)
 End Bits:   [0x000000011b0a9000, 0x000000011f0a9000)

Polling page: 0x0000000104fee000

CodeCache: size=245760Kb used=3799Kb max_used=3801Kb free=241960Kb
 bounds [0x0000000106f92000, 0x0000000107352000, 0x0000000115f92000]
 total_blobs=1468 nmethods=946 adapters=436
 compilation: enabled

Compilation events (10 events):
Event: 8.352 Thread 0x00007fab88817000  943       1       java.nio.HeapByteBuffer::_put (8 bytes)
Event: 8.352 Thread 0x00007fab88817000 nmethod 943 0x0000000107340410 code [0x0000000107340560, 0x0000000107340690]
Event: 8.371 Thread 0x00007fab88817000  944       1       java.nio.HeapByteBuffer::_get (7 bytes)
Event: 8.371 Thread 0x00007fab88817000 nmethod 944 0x00000001073400d0 code [0x0000000107340220, 0x0000000107340350]
Event: 8.386 Thread 0x00007fab88817000  946       3       java.nio.Buffer::nextPutIndex (38 bytes)
Event: 8.386 Thread 0x00007fab88817000 nmethod 946 0x000000010733fc50 code [0x000000010733fdc0, 0x000000010733ffe8]
Event: 8.386 Thread 0x00007fab88817000  945       3       java.nio.HeapByteBuffer::put (16 bytes)
Event: 8.386 Thread 0x00007fab88817000 nmethod 945 0x000000010734ab10 code [0x000000010734aca0, 0x000000010734b048]
Event: 8.602 Thread 0x00007fab88817000  947       3       java.nio.Buffer::nextGetIndex (38 bytes)
Event: 8.603 Thread 0x00007fab88817000 nmethod 947 0x000000010734a690 code [0x000000010734a800, 0x000000010734aa28]

GC Heap History (0 events):
No events

Deoptimization events (8 events):
Event: 0.427 Thread 0x00007fab89003000 Uncommon trap: reason=unstable_if action=reinterpret pc=0x000000010712995c method=java.lang.String.replace(CC)Ljava/lang/String; @ 26
Event: 0.618 Thread 0x00007fab89003000 Uncommon trap: reason=unstable_if action=reinterpret pc=0x0000000107128fd0 method=java.lang.String.indexOf([CII[CIII)I @ 3
Event: 0.621 Thread 0x00007fab89003000 Uncommon trap: reason=class_check action=maybe_recompile pc=0x00000001071b63cc method=java.util.HashMap.putVal(ILjava/lang/Object;Ljava/lang/Object;ZZ)Ljava/lang/Object; @ 253
Event: 0.621 Thread 0x00007fab89003000 Uncommon trap: reason=class_check action=maybe_recompile pc=0x00000001071b63cc method=java.util.HashMap.putVal(ILjava/lang/Object;Ljava/lang/Object;ZZ)Ljava/lang/Object; @ 253
Event: 0.621 Thread 0x00007fab89003000 Uncommon trap: reason=class_check action=maybe_recompile pc=0x00000001071b63cc method=java.util.HashMap.putVal(ILjava/lang/Object;Ljava/lang/Object;ZZ)Ljava/lang/Object; @ 253
Event: 0.621 Thread 0x00007fab89003000 Uncommon trap: reason=class_check action=maybe_recompile pc=0x00000001071b63cc method=java.util.HashMap.putVal(ILjava/lang/Object;Ljava/lang/Object;ZZ)Ljava/lang/Object; @ 253
Event: 0.720 Thread 0x00007fab89003000 Uncommon trap: reason=unstable_if action=reinterpret pc=0x0000000107248058 method=java.awt.image.ComponentColorModel.extractComponent(Ljava/lang/Object;II)I @ 497
Event: 0.741 Thread 0x00007fab89003000 Uncommon trap: reason=unstable_if action=reinterpret pc=0x0000000107248cac method=sun.awt.image.ByteInterleavedRaster.getDataElements(IILjava/lang/Object;)Ljava/lang/Object; @ 43

Internal exceptions (10 events):
Event: 0.032 Thread 0x00007fab89003000 Exception <a 'java/lang/NoSuchMethodError': Method sun.misc.Unsafe.prefetchRead(Ljava/lang/Object;J)V name or signature does not match> (0x000000076ab131f8) thrown at [/Users/java_re/workspace/8-2-build-macosx-x86_64/jdk8u60/4407/hotspot/src/share/vm/prim
Event: 0.088 Thread 0x00007fab89003000 Exception <a 'java/security/PrivilegedActionException'> (0x000000076af43e18) thrown at [/Users/java_re/workspace/8-2-build-macosx-x86_64/jdk8u60/4407/hotspot/src/share/vm/prims/jvm.cpp, line 1386]
Event: 0.088 Thread 0x00007fab89003000 Exception <a 'java/security/PrivilegedActionException'> (0x000000076af44028) thrown at [/Users/java_re/workspace/8-2-build-macosx-x86_64/jdk8u60/4407/hotspot/src/share/vm/prims/jvm.cpp, line 1386]
Event: 0.088 Thread 0x00007fab89003000 Exception <a 'java/security/PrivilegedActionException'> (0x000000076af474b0) thrown at [/Users/java_re/workspace/8-2-build-macosx-x86_64/jdk8u60/4407/hotspot/src/share/vm/prims/jvm.cpp, line 1386]
Event: 0.088 Thread 0x00007fab89003000 Exception <a 'java/security/PrivilegedActionException'> (0x000000076af476c0) thrown at [/Users/java_re/workspace/8-2-build-macosx-x86_64/jdk8u60/4407/hotspot/src/share/vm/prims/jvm.cpp, line 1386]
Event: 0.116 Thread 0x00007fab89003000 Exception <a 'java/lang/NoSuchFieldError': method resolution failed> (0x000000076b014c00) thrown at [/Users/java_re/workspace/8-2-build-macosx-x86_64/jdk8u60/4407/hotspot/src/share/vm/prims/methodHandles.cpp, line 1146]
Event: 0.118 Thread 0x00007fab89003000 Exception <a 'java/lang/NoSuchFieldError': method resolution failed> (0x000000076b022390) thrown at [/Users/java_re/workspace/8-2-build-macosx-x86_64/jdk8u60/4407/hotspot/src/share/vm/prims/methodHandles.cpp, line 1146]
Event: 0.230 Thread 0x00007fab89003000 Exception <a 'java/io/FileNotFoundException'> (0x000000076b09d318) thrown at [/Users/java_re/workspace/8-2-build-macosx-x86_64/jdk8u60/4407/hotspot/src/share/vm/prims/jni.cpp, line 709]
Event: 0.230 Thread 0x00007fab89003000 Exception <a 'java/io/FileNotFoundException'> (0x000000076b09dea8) thrown at [/Users/java_re/workspace/8-2-build-macosx-x86_64/jdk8u60/4407/hotspot/src/share/vm/prims/jni.cpp, line 709]
Event: 0.741 Thread 0x00007fab89003000 Implicit null exception at 0x0000000107248a64 to 0x0000000107248c91

Events (10 events):
Event: 0.764 loading class org/newdawn/slick/Music
Event: 0.764 loading class org/newdawn/slick/Music done
Event: 0.766 loading class org/newdawn/slick/AngelCodeFont$DisplayList
Event: 0.766 loading class org/newdawn/slick/AngelCodeFont$DisplayList done
Event: 0.776 loading class java/lang/StrictMath
Event: 0.776 loading class java/lang/StrictMath done
Event: 4.085 Executing VM operation: EnableBiasedLocking
Event: 4.085 Executing VM operation: EnableBiasedLocking done
Event: 9.008 loading class org/lwjgl/opengl/CallbackUtil
Event: 9.008 loading class org/lwjgl/opengl/CallbackUtil done


Dynamic libraries:
0x000000000636e000 	/System/Library/Frameworks/Cocoa.framework/Versions/A/Cocoa
0x000000000636e000 	/System/Library/Frameworks/Security.framework/Versions/A/Security
0x000000000636e000 	/System/Library/Frameworks/ApplicationServices.framework/Versions/A/ApplicationServices
0x000000000636e000 	/usr/lib/libz.1.dylib
0x000000000636e000 	/usr/lib/libSystem.B.dylib
0x000000000636e000 	/usr/lib/libobjc.A.dylib
0x000000000636e000 	/System/Library/Frameworks/CoreFoundation.framework/Versions/A/CoreFoundation
0x000000000636e000 	/System/Library/Frameworks/Foundation.framework/Versions/C/Foundation
0x000000000636e000 	/System/Library/Frameworks/AppKit.framework/Versions/C/AppKit
0x000000000636e000 	/System/Library/Frameworks/CoreData.framework/Versions/A/CoreData
0x000000000636e000 	/System/Library/PrivateFrameworks/RemoteViewServices.framework/Versions/A/RemoteViewServices
0x000000000636e000 	/System/Library/PrivateFrameworks/UIFoundation.framework/Versions/A/UIFoundation
0x000000000636e000 	/usr/lib/libScreenReader.dylib
0x000000000636e000 	/System/Library/Frameworks/Accelerate.framework/Versions/A/Accelerate
0x000000000636e000 	/System/Library/Frameworks/IOSurface.framework/Versions/A/IOSurface
0x000000000636e000 	/System/Library/Frameworks/AudioToolbox.framework/Versions/A/AudioToolbox
0x000000000636e000 	/System/Library/Frameworks/AudioUnit.framework/Versions/A/AudioUnit
0x000000000636e000 	/System/Library/PrivateFrameworks/DataDetectorsCore.framework/Versions/A/DataDetectorsCore
0x000000000636e000 	/System/Library/PrivateFrameworks/DesktopServicesPriv.framework/Versions/A/DesktopServicesPriv
0x000000000636e000 	/System/Library/Frameworks/Carbon.framework/Versions/A/Frameworks/HIToolbox.framework/Versions/A/HIToolbox
0x000000000636e000 	/System/Library/Frameworks/QuartzCore.framework/Versions/A/QuartzCore
0x000000000636e000 	/System/Library/Frameworks/Carbon.framework/Versions/A/Frameworks/SpeechRecognition.framework/Versions/A/SpeechRecognition
0x000000000636e000 	/usr/lib/libauto.dylib
0x000000000636e000 	/usr/lib/libicucore.A.dylib
0x000000000636e000 	/usr/lib/libxml2.2.dylib
0x000000000636e000 	/System/Library/PrivateFrameworks/CoreUI.framework/Versions/A/CoreUI
0x000000000636e000 	/System/Library/Frameworks/CoreAudio.framework/Versions/A/CoreAudio
0x000000000636e000 	/System/Library/Frameworks/DiskArbitration.framework/Versions/A/DiskArbitration
0x000000000636e000 	/usr/lib/liblangid.dylib
0x000000000636e000 	/System/Library/PrivateFrameworks/MultitouchSupport.framework/Versions/A/MultitouchSupport
0x000000000636e000 	/System/Library/Frameworks/IOKit.framework/Versions/A/IOKit
0x000000000636e000 	/usr/lib/libDiagnosticMessagesClient.dylib
0x000000000636e000 	/System/Library/Frameworks/CoreServices.framework/Versions/A/CoreServices
0x000000000636e000 	/System/Library/PrivateFrameworks/PerformanceAnalysis.framework/Versions/A/PerformanceAnalysis
0x000000000636e000 	/System/Library/PrivateFrameworks/GenerationalStorage.framework/Versions/A/GenerationalStorage
0x000000000636e000 	/System/Library/Frameworks/OpenGL.framework/Versions/A/OpenGL
0x000000000636e000 	/System/Library/PrivateFrameworks/Sharing.framework/Versions/A/Sharing
0x000000000636e000 	/System/Library/Frameworks/CoreGraphics.framework/Versions/A/CoreGraphics
0x000000000636e000 	/System/Library/Frameworks/CoreImage.framework/Versions/A/CoreImage
0x000000000636e000 	/System/Library/Frameworks/CoreText.framework/Versions/A/CoreText
0x000000000636e000 	/System/Library/Frameworks/ImageIO.framework/Versions/A/ImageIO
0x000000000636e000 	/System/Library/PrivateFrameworks/Backup.framework/Versions/A/Backup
0x000000000636e000 	/usr/lib/libextension.dylib
0x000000000636e000 	/usr/lib/libarchive.2.dylib
0x000000000636e000 	/System/Library/Frameworks/CFNetwork.framework/Versions/A/CFNetwork
0x000000000636e000 	/System/Library/Frameworks/SystemConfiguration.framework/Versions/A/SystemConfiguration
0x000000000636e000 	/usr/lib/libCRFSuite.dylib
0x000000000636e000 	/usr/lib/libc++.1.dylib
0x000000000636e000 	/usr/lib/libc++abi.dylib
0x000000000636e000 	/usr/lib/system/libcache.dylib
0x000000000636e000 	/usr/lib/system/libcommonCrypto.dylib
0x000000000636e000 	/usr/lib/system/libcompiler_rt.dylib
0x000000000636e000 	/usr/lib/system/libcopyfile.dylib
0x000000000636e000 	/usr/lib/system/libcorecrypto.dylib
0x000000000636e000 	/usr/lib/system/libdispatch.dylib
0x000000000636e000 	/usr/lib/system/libdyld.dylib
0x000000000636e000 	/usr/lib/system/libkeymgr.dylib
0x000000000636e000 	/usr/lib/system/liblaunch.dylib
0x000000000636e000 	/usr/lib/system/libmacho.dylib
0x000000000636e000 	/usr/lib/system/libquarantine.dylib
0x000000000636e000 	/usr/lib/system/libremovefile.dylib
0x000000000636e000 	/usr/lib/system/libsystem_asl.dylib
0x000000000636e000 	/usr/lib/system/libsystem_blocks.dylib
0x000000000636e000 	/usr/lib/system/libsystem_c.dylib
0x000000000636e000 	/usr/lib/system/libsystem_configuration.dylib
0x000000000636e000 	/usr/lib/system/libsystem_coreservices.dylib
0x000000000636e000 	/usr/lib/system/libsystem_coretls.dylib
0x000000000636e000 	/usr/lib/system/libsystem_dnssd.dylib
0x000000000636e000 	/usr/lib/system/libsystem_info.dylib
0x000000000636e000 	/usr/lib/system/libsystem_kernel.dylib
0x000000000636e000 	/usr/lib/system/libsystem_m.dylib
0x000000000636e000 	/usr/lib/system/libsystem_malloc.dylib
0x000000000636e000 	/usr/lib/system/libsystem_network.dylib
0x000000000636e000 	/usr/lib/system/libsystem_networkextension.dylib
0x000000000636e000 	/usr/lib/system/libsystem_notify.dylib
0x000000000636e000 	/usr/lib/system/libsystem_platform.dylib
0x000000000636e000 	/usr/lib/system/libsystem_pthread.dylib
0x000000000636e000 	/usr/lib/system/libsystem_sandbox.dylib
0x000000000636e000 	/usr/lib/system/libsystem_secinit.dylib
0x000000000636e000 	/usr/lib/system/libsystem_trace.dylib
0x000000000636e000 	/usr/lib/system/libunc.dylib
0x000000000636e000 	/usr/lib/system/libunwind.dylib
0x000000000636e000 	/usr/lib/system/libxpc.dylib
0x000000000636e000 	/usr/lib/libenergytrace.dylib
0x000000000636e000 	/usr/lib/libbsm.0.dylib
0x000000000636e000 	/usr/lib/system/libkxld.dylib
0x000000000636e000 	/usr/lib/libxar.1.dylib
0x000000000636e000 	/usr/lib/libsqlite3.dylib
0x000000000636e000 	/usr/lib/libpam.2.dylib
0x000000000636e000 	/usr/lib/libOpenScriptingUtil.dylib
0x000000000636e000 	/usr/lib/libbz2.1.0.dylib
0x000000000636e000 	/usr/lib/liblzma.5.dylib
0x000000000636e000 	/System/Library/Frameworks/CoreServices.framework/Versions/A/Frameworks/FSEvents.framework/Versions/A/FSEvents
0x000000000636e000 	/System/Library/Frameworks/CoreServices.framework/Versions/A/Frameworks/CarbonCore.framework/Versions/A/CarbonCore
0x000000000636e000 	/System/Library/Frameworks/CoreServices.framework/Versions/A/Frameworks/Metadata.framework/Versions/A/Metadata
0x000000000636e000 	/System/Library/Frameworks/CoreServices.framework/Versions/A/Frameworks/OSServices.framework/Versions/A/OSServices
0x000000000636e000 	/System/Library/Frameworks/CoreServices.framework/Versions/A/Frameworks/SearchKit.framework/Versions/A/SearchKit
0x000000000636e000 	/System/Library/Frameworks/CoreServices.framework/Versions/A/Frameworks/AE.framework/Versions/A/AE
0x000000000636e000 	/System/Library/Frameworks/CoreServices.framework/Versions/A/Frameworks/LaunchServices.framework/Versions/A/LaunchServices
0x000000000636e000 	/System/Library/Frameworks/CoreServices.framework/Versions/A/Frameworks/DictionaryServices.framework/Versions/A/DictionaryServices
0x000000000636e000 	/System/Library/Frameworks/CoreServices.framework/Versions/A/Frameworks/SharedFileList.framework/Versions/A/SharedFileList
0x000000000636e000 	/System/Library/Frameworks/NetFS.framework/Versions/A/NetFS
0x000000000636e000 	/System/Library/PrivateFrameworks/NetAuth.framework/Versions/A/NetAuth
0x000000000636e000 	/System/Library/PrivateFrameworks/login.framework/Versions/A/Frameworks/loginsupport.framework/Versions/A/loginsupport
0x000000000636e000 	/System/Library/PrivateFrameworks/TCC.framework/Versions/A/TCC
0x000000000636e000 	/usr/lib/libmecabra.dylib
0x000000000636e000 	/System/Library/Frameworks/ApplicationServices.framework/Versions/A/Frameworks/ATS.framework/Versions/A/ATS
0x000000000636e000 	/System/Library/Frameworks/ApplicationServices.framework/Versions/A/Frameworks/ColorSync.framework/Versions/A/ColorSync
0x000000000636e000 	/System/Library/Frameworks/ApplicationServices.framework/Versions/A/Frameworks/HIServices.framework/Versions/A/HIServices
0x000000000636e000 	/System/Library/Frameworks/ApplicationServices.framework/Versions/A/Frameworks/LangAnalysis.framework/Versions/A/LangAnalysis
0x000000000636e000 	/System/Library/Frameworks/ApplicationServices.framework/Versions/A/Frameworks/PrintCore.framework/Versions/A/PrintCore
0x000000000636e000 	/System/Library/Frameworks/ApplicationServices.framework/Versions/A/Frameworks/QD.framework/Versions/A/QD
0x000000000636e000 	/System/Library/Frameworks/ApplicationServices.framework/Versions/A/Frameworks/SpeechSynthesis.framework/Versions/A/SpeechSynthesis
0x000000000636e000 	/System/Library/Frameworks/Metal.framework/Versions/A/Metal
0x000000000636e000 	/System/Library/Frameworks/Accelerate.framework/Versions/A/Frameworks/vImage.framework/Versions/A/vImage
0x000000000636e000 	/System/Library/Frameworks/Accelerate.framework/Versions/A/Frameworks/vecLib.framework/Versions/A/vecLib
0x000000000636e000 	/System/Library/Frameworks/Accelerate.framework/Versions/A/Frameworks/vecLib.framework/Versions/A/libvDSP.dylib
0x000000000636e000 	/System/Library/Frameworks/Accelerate.framework/Versions/A/Frameworks/vecLib.framework/Versions/A/libvMisc.dylib
0x000000000636e000 	/System/Library/Frameworks/Accelerate.framework/Versions/A/Frameworks/vecLib.framework/Versions/A/libLAPACK.dylib
0x000000000636e000 	/System/Library/Frameworks/Accelerate.framework/Versions/A/Frameworks/vecLib.framework/Versions/A/libBLAS.dylib
0x000000000636e000 	/System/Library/Frameworks/Accelerate.framework/Versions/A/Frameworks/vecLib.framework/Versions/A/libLinearAlgebra.dylib
0x000000000636e000 	/System/Library/Frameworks/Accelerate.framework/Versions/A/Frameworks/vecLib.framework/Versions/A/libSparseBLAS.dylib
0x000000000636e000 	/System/Library/PrivateFrameworks/GPUCompiler.framework/libmetal_timestamp.dylib
0x000000000636e000 	/System/Library/Frameworks/OpenGL.framework/Versions/A/Libraries/libCoreFSCache.dylib
0x000000000636e000 	/System/Library/PrivateFrameworks/IOAccelerator.framework/Versions/A/IOAccelerator
0x000000000636e000 	/System/Library/Frameworks/ApplicationServices.framework/Versions/A/Frameworks/ATS.framework/Versions/A/Resources/libFontParser.dylib
0x000000000636e000 	/System/Library/Frameworks/ApplicationServices.framework/Versions/A/Frameworks/ATS.framework/Versions/A/Resources/libFontRegistry.dylib
0x000000000636e000 	/System/Library/PrivateFrameworks/AppleVPA.framework/Versions/A/AppleVPA
0x000000000636e000 	/System/Library/PrivateFrameworks/AppleJPEG.framework/Versions/A/AppleJPEG
0x000000000636e000 	/System/Library/Frameworks/ImageIO.framework/Versions/A/Resources/libJPEG.dylib
0x000000000636e000 	/System/Library/Frameworks/ImageIO.framework/Versions/A/Resources/libTIFF.dylib
0x000000000636e000 	/System/Library/Frameworks/ImageIO.framework/Versions/A/Resources/libPng.dylib
0x000000000636e000 	/System/Library/Frameworks/ImageIO.framework/Versions/A/Resources/libGIF.dylib
0x000000000636e000 	/System/Library/Frameworks/ImageIO.framework/Versions/A/Resources/libJP2.dylib
0x000000000636e000 	/System/Library/Frameworks/ImageIO.framework/Versions/A/Resources/libRadiance.dylib
0x000000000636e000 	/System/Library/Frameworks/CoreVideo.framework/Versions/A/CoreVideo
0x000000000636e000 	/System/Library/Frameworks/OpenGL.framework/Versions/A/Libraries/libGLU.dylib
0x000000000636e000 	/System/Library/Frameworks/OpenGL.framework/Versions/A/Libraries/libGFXShared.dylib
0x000000000636e000 	/System/Library/Frameworks/OpenGL.framework/Versions/A/Libraries/libGL.dylib
0x000000000636e000 	/System/Library/Frameworks/OpenGL.framework/Versions/A/Libraries/libGLImage.dylib
0x000000000636e000 	/System/Library/Frameworks/OpenGL.framework/Versions/A/Libraries/libCVMSPluginSupport.dylib
0x000000000636e000 	/System/Library/Frameworks/OpenGL.framework/Versions/A/Libraries/libCoreVMClient.dylib
0x000000000636e000 	/usr/lib/libcompression.dylib
0x000000000636e000 	/usr/lib/libcups.2.dylib
0x000000000636e000 	/System/Library/Frameworks/Kerberos.framework/Versions/A/Kerberos
0x000000000636e000 	/System/Library/Frameworks/GSS.framework/Versions/A/GSS
0x000000000636e000 	/usr/lib/libresolv.9.dylib
0x000000000636e000 	/usr/lib/libiconv.2.dylib
0x000000000636e000 	/System/Library/PrivateFrameworks/Heimdal.framework/Versions/A/Heimdal
0x000000000636e000 	/usr/lib/libheimdal-asn1.dylib
0x000000000636e000 	/System/Library/Frameworks/OpenDirectory.framework/Versions/A/OpenDirectory
0x000000000636e000 	/System/Library/PrivateFrameworks/CommonAuth.framework/Versions/A/CommonAuth
0x000000000636e000 	/System/Library/Frameworks/OpenDirectory.framework/Versions/A/Frameworks/CFOpenDirectory.framework/Versions/A/CFOpenDirectory
0x000000000636e000 	/System/Library/Frameworks/SecurityFoundation.framework/Versions/A/SecurityFoundation
0x000000000636e000 	/System/Library/PrivateFrameworks/LanguageModeling.framework/Versions/A/LanguageModeling
0x000000000636e000 	/usr/lib/libmarisa.dylib
0x000000000636e000 	/usr/lib/libChineseTokenizer.dylib
0x000000000636e000 	/usr/lib/libcmph.dylib
0x000000000636e000 	/System/Library/Frameworks/ServiceManagement.framework/Versions/A/ServiceManagement
0x000000000636e000 	/usr/lib/libxslt.1.dylib
0x000000000636e000 	/System/Library/Frameworks/Carbon.framework/Versions/A/Frameworks/Ink.framework/Versions/A/Ink
0x000000000636e000 	/usr/lib/libFosl_dynamic.dylib
0x000000000636e000 	/System/Library/PrivateFrameworks/FaceCore.framework/Versions/A/FaceCore
0x000000000636e000 	/System/Library/Frameworks/OpenCL.framework/Versions/A/OpenCL
0x000000000636e000 	/System/Library/PrivateFrameworks/CrashReporterSupport.framework/Versions/A/CrashReporterSupport
0x000000000636e000 	/System/Library/PrivateFrameworks/IconServices.framework/Versions/A/IconServices
0x000000000636e000 	/System/Library/PrivateFrameworks/Apple80211.framework/Versions/A/Apple80211
0x000000000636e000 	/System/Library/Frameworks/CoreWLAN.framework/Versions/A/CoreWLAN
0x000000000636e000 	/System/Library/Frameworks/IOBluetooth.framework/Versions/A/IOBluetooth
0x000000000636e000 	/System/Library/PrivateFrameworks/CoreWiFi.framework/Versions/A/CoreWiFi
0x000000000636e000 	/System/Library/Frameworks/CoreBluetooth.framework/Versions/A/CoreBluetooth
0x000000000636e000 	/System/Library/PrivateFrameworks/ChunkingLibrary.framework/Versions/A/ChunkingLibrary
0x000000000636e000 	/System/Library/PrivateFrameworks/DebugSymbols.framework/Versions/A/DebugSymbols
0x000000000636e000 	/System/Library/PrivateFrameworks/CoreSymbolication.framework/Versions/A/CoreSymbolication
0x000000000636e000 	/System/Library/PrivateFrameworks/Symbolication.framework/Versions/A/Symbolication
0x000000000636e000 	/System/Library/PrivateFrameworks/SpeechRecognitionCore.framework/Versions/A/SpeechRecognitionCore
0x0000000106000000 	/Library/Java/JavaVirtualMachines/jdk1.8.0_60.jdk/Contents/Home/jre/lib/server/libjvm.dylib
0x000000000636e000 	/usr/lib/libstdc++.6.dylib
0x0000000104fab000 	/Library/Java/JavaVirtualMachines/jdk1.8.0_60.jdk/Contents/Home/jre/lib/libverify.dylib
0x0000000104fb9000 	/Library/Java/JavaVirtualMachines/jdk1.8.0_60.jdk/Contents/Home/jre/lib/libjava.dylib
0x0000000106f89000 	/Library/Java/JavaVirtualMachines/jdk1.8.0_60.jdk/Contents/Home/jre/lib/libzip.dylib
0x0000000122047000 	/System/Library/Frameworks/JavaVM.framework/Frameworks/JavaRuntimeSupport.framework/JavaRuntimeSupport
0x0000000122062000 	/System/Library/Frameworks/JavaVM.framework/Versions/A/Frameworks/JavaNativeFoundation.framework/Versions/A/JavaNativeFoundation
0x0000000122077000 	/System/Library/Frameworks/JavaVM.framework/Versions/A/JavaVM
0x000000000636e000 	/System/Library/Frameworks/Carbon.framework/Versions/A/Carbon
0x0000000122084000 	/System/Library/PrivateFrameworks/JavaLaunching.framework/Versions/A/JavaLaunching
0x000000000636e000 	/System/Library/Frameworks/Carbon.framework/Versions/A/Frameworks/CommonPanels.framework/Versions/A/CommonPanels
0x000000000636e000 	/System/Library/Frameworks/Carbon.framework/Versions/A/Frameworks/Help.framework/Versions/A/Help
0x000000000636e000 	/System/Library/Frameworks/Carbon.framework/Versions/A/Frameworks/ImageCapture.framework/Versions/A/ImageCapture
0x000000000636e000 	/System/Library/Frameworks/Carbon.framework/Versions/A/Frameworks/OpenScripting.framework/Versions/A/OpenScripting
0x000000000636e000 	/System/Library/Frameworks/Carbon.framework/Versions/A/Frameworks/Print.framework/Versions/A/Print
0x000000000636e000 	/System/Library/Frameworks/Carbon.framework/Versions/A/Frameworks/SecurityHI.framework/Versions/A/SecurityHI
0x00000001239c1000 	/Library/Java/JavaVirtualMachines/jdk1.8.0_60.jdk/Contents/Home/jre/lib/libawt.dylib
0x0000000123a69000 	/Library/Java/JavaVirtualMachines/jdk1.8.0_60.jdk/Contents/Home/jre/lib/./libmlib_image.dylib
0x0000000123b35000 	/Library/Java/JavaVirtualMachines/jdk1.8.0_60.jdk/Contents/Home/jre/lib/libawt_lwawt.dylib
0x0000000123bea000 	/Library/Java/JavaVirtualMachines/jdk1.8.0_60.jdk/Contents/Home/jre/lib/./libosxapp.dylib
0x000000000636e000 	/System/Library/Frameworks/ExceptionHandling.framework/Versions/A/ExceptionHandling
0x000000000636e000 	/System/Library/PrivateFrameworks/CoreServicesInternal.framework/Versions/A/CoreServicesInternal
0x000000000636e000 	/System/Library/Frameworks/CoreGraphics.framework/Versions/A/Resources/libRIP.A.dylib
0x000000000636e000 	/System/Library/Frameworks/Accelerate.framework/Versions/A/Frameworks/vImage.framework/Versions/A/Libraries/libCGInterfaces.dylib
0x000000000636e000 	/System/Library/Frameworks/CoreGraphics.framework/Versions/A/Resources/libCGXType.A.dylib
0x000000000636e000 	/System/Library/Frameworks/OpenCL.framework/Versions/A/Libraries/libcldcpuengine.dylib
0x000000000636e000 	/System/Library/PrivateFrameworks/DiskImages.framework/Versions/A/DiskImages
0x000000000636e000 	/System/Library/Frameworks/DiscRecording.framework/Versions/A/DiscRecording
0x000000000636e000 	/usr/lib/libcsfde.dylib
0x000000000636e000 	/usr/lib/libcurl.4.dylib
0x000000000636e000 	/System/Library/PrivateFrameworks/MediaKit.framework/Versions/A/MediaKit
0x000000000636e000 	/System/Library/PrivateFrameworks/ProtectedCloudStorage.framework/Versions/A/ProtectedCloudStorage
0x000000000636e000 	/usr/lib/libCoreStorage.dylib
0x000000000636e000 	/System/Library/PrivateFrameworks/EFILogin.framework/Versions/A/EFILogin
0x000000000636e000 	/usr/lib/libutil.dylib
0x000000000636e000 	/System/Library/PrivateFrameworks/FindMyDevice.framework/Versions/A/FindMyDevice
0x000000000636e000 	/System/Library/Frameworks/LDAP.framework/Versions/A/LDAP
0x000000000636e000 	/usr/lib/libsasl2.2.dylib
0x000000000636e000 	/System/Library/PrivateFrameworks/CoreDaemon.framework/Versions/B/CoreDaemon
0x000000000636e000 	/usr/lib/libcrypto.0.9.8.dylib
0x000000000636e000 	/System/Library/PrivateFrameworks/AppleSRP.framework/Versions/A/AppleSRP
0x000000000636e000 	/System/Library/PrivateFrameworks/TrustEvaluationAgent.framework/Versions/A/TrustEvaluationAgent
0x0000000124f63000 	cl_kernels
0x000000000636e000 	/System/Library/Frameworks/OpenCL.framework/Versions/A/Libraries/ImageFormats/unorm8_bgra.dylib
0x000000000636e000 	/System/Library/Frameworks/OpenCL.framework/Versions/A/Libraries/ImageFormats/unorm8_rgba.dylib
0x000000000636e000 	/System/Library/PrivateFrameworks/FamilyControls.framework/Versions/A/FamilyControls
0x000000000636e000 	/System/Library/PrivateFrameworks/CommerceKit.framework/Versions/A/Frameworks/CommerceCore.framework/Versions/A/CommerceCore
0x000000000636e000 	/System/Library/PrivateFrameworks/SystemAdministration.framework/Versions/A/SystemAdministration
0x000000000636e000 	/System/Library/PrivateFrameworks/AppContainer.framework/Versions/A/AppContainer
0x000000000636e000 	/System/Library/PrivateFrameworks/SecCodeWrapper.framework/Versions/A/SecCodeWrapper
0x000000000636e000 	/System/Library/Frameworks/DirectoryService.framework/Versions/A/DirectoryService
0x000000000636e000 	/System/Library/PrivateFrameworks/LoginUIKit.framework/Versions/A/Frameworks/LoginUICore.framework/Versions/A/LoginUICore
0x000000000636e000 	/usr/lib/libodfde.dylib
0x0000000126d27000 	/Library/Java/JavaVirtualMachines/jdk1.8.0_60.jdk/Contents/Home/jre/lib/libfontmanager.dylib
0x0000000126d8e000 	/Users/ShreyashPatodia/Desktop/Unimelb/Unimelb sem-3/Object Oriented Software Development/Projects/SLICK_HOME/mulit_platform_slick_libraries/liblwjgl.dylib
0x000000012488b000 	/Library/Java/JavaVirtualMachines/jdk1.8.0_60.jdk/Contents/Home/jre/lib/libjawt.dylib
0x000000000636e000 	/System/Library/Frameworks/OpenGL.framework/Versions/A/Resources/GLEngine.bundle/GLEngine
0x000000000636e000 	/System/Library/Frameworks/OpenGL.framework/Versions/A/Libraries/libGLProgrammability.dylib
0x0000000126e10000 	/System/Library/Extensions/AppleIntelHD5000GraphicsGLDriver.bundle/Contents/MacOS/AppleIntelHD5000GraphicsGLDriver
0x000000000636e000 	/System/Library/PrivateFrameworks/GPUSupport.framework/Versions/A/Libraries/libGPUSupportMercury.dylib
0x000000000636e000 	/System/Library/Extensions/GeForceGLDriver.bundle/Contents/MacOS/GeForceGLDriver
0x000000000636e000 	/System/Library/Extensions/GeForceGLDriver.bundle/Contents/MacOS/libclh.dylib
0x000000000636e000 	/System/Library/Frameworks/OpenGL.framework/Versions/A/Resources/GLRendererFloat.bundle/GLRendererFloat
0x0000000129059000 	/Users/ShreyashPatodia/Desktop/Unimelb/Unimelb sem-3/Object Oriented Software Development/Projects/SLICK_HOME/mulit_platform_slick_libraries/libjinput-osx.dylib
0x000000012905e000 	/System/Library/Extensions/IOHIDFamily.kext/Contents/PlugIns/IOHIDLib.plugin/Contents/MacOS/IOHIDLib
0x000000012909d000 	/Library/Java/JavaVirtualMachines/jdk1.8.0_60.jdk/Contents/Home/jre/lib/libnio.dylib
0x00000001290ad000 	/Library/Java/JavaVirtualMachines/jdk1.8.0_60.jdk/Contents/Home/jre/lib/./libnet.dylib

VM Arguments:
jvm_args: -Djava.library.path=/Users/ShreyashPatodia/Desktop/Unimelb/Unimelb sem-3/Object Oriented Software Development/Projects/SLICK_HOME/mulit_platform_slick_libraries -Dfile.encoding=UTF-8 
java_command: RPG
java_class_path (initial): /Users/ShreyashPatodia/Desktop/Unimelb/Unimelb sem-3/Object Oriented Software Development/Projects/Project-1/bin:/Users/ShreyashPatodia/Desktop/Unimelb/Unimelb sem-3/Object Oriented Software Development/Projects/Project-1/lib/jinput.jar:/Users/ShreyashPatodia/Desktop/Unimelb/Unimelb sem-3/Object Oriented Software Development/Projects/Project-1/lib/lwjgl.jar:/Users/ShreyashPatodia/Desktop/Unimelb/Unimelb sem-3/Object Oriented Software Development/Projects/Project-1/lib/slick.jar
Launcher Type: SUN_STANDARD

Environment Variables:
PATH=/usr/bin:/bin:/usr/sbin:/sbin
SHELL=/bin/bash

Signal Handlers:
SIGSEGV: [libjvm.dylib+0x5a6d31], sa_mask[0]=11111111011111110111111111111111, sa_flags=SA_ONSTACK|SA_RESTART|SA_SIGINFO
SIGBUS: [libjvm.dylib+0x5a6d31], sa_mask[0]=11111111011111110111111111111111, sa_flags=SA_RESTART|SA_SIGINFO
SIGFPE: [libjvm.dylib+0x480a4c], sa_mask[0]=11111111011111110111111111111111, sa_flags=SA_RESTART|SA_SIGINFO
SIGPIPE: [libjvm.dylib+0x480a4c], sa_mask[0]=11111111011111110111111111111111, sa_flags=SA_RESTART|SA_SIGINFO
SIGXFSZ: [libjvm.dylib+0x480a4c], sa_mask[0]=11111111011111110111111111111111, sa_flags=SA_RESTART|SA_SIGINFO
SIGILL: [libjvm.dylib+0x480a4c], sa_mask[0]=11111111011111110111111111111111, sa_flags=SA_RESTART|SA_SIGINFO
SIGUSR1: SIG_DFL, sa_mask[0]=00000000000000000000000000000000, sa_flags=none
SIGUSR2: [libjvm.dylib+0x48056a], sa_mask[0]=00100000000000000000000000000000, sa_flags=SA_RESTART|SA_SIGINFO
SIGHUP: [libjvm.dylib+0x47eb41], sa_mask[0]=11111111011111110111111111111111, sa_flags=SA_RESTART|SA_SIGINFO
SIGINT: [libjvm.dylib+0x47eb41], sa_mask[0]=11111111011111110111111111111111, sa_flags=SA_RESTART|SA_SIGINFO
SIGTERM: [libjvm.dylib+0x47eb41], sa_mask[0]=11111111011111110111111111111111, sa_flags=SA_RESTART|SA_SIGINFO
SIGQUIT: [libjvm.dylib+0x47eb41], sa_mask[0]=11111111011111110111111111111111, sa_flags=SA_RESTART|SA_SIGINFO


---------------  S Y S T E M  ---------------

OS:Bsduname:Darwin 15.6.0 Darwin Kernel Version 15.6.0: Thu Jun 23 18:25:34 PDT 2016; root:xnu-3248.60.10~1/RELEASE_X86_64 x86_64
rlimit: STACK 8192k, CORE 0k, NPROC 709, NOFILE 10240, AS infinity
load average:1.47 1.45 1.50

CPU:total 8 (4 cores per cpu, 2 threads per core) family 6 model 70 stepping 1, cmov, cx8, fxsr, mmx, sse, sse2, sse3, ssse3, sse4.1, sse4.2, popcnt, avx, avx2, aes, clmul, erms, rtm, lzcnt, ht, tsc, tscinvbit, bmi1, bmi2

Memory: 4k page, physical 16777216k(512768k free)

/proc/meminfo:


vm_info: Java HotSpot(TM) 64-Bit Server VM (25.60-b23) for bsd-amd64 JRE (1.8.0_60-b27), built on Aug  4 2015 10:47:24 by "java_re" with gcc 4.2.1 (Based on Apple Inc. build 5658) (LLVM build 2336.11.00)

time: Tue Sep  6 19:26:21 2016
elapsed time: 9 seconds (0d 0h 0m 9s)

